[0.341s] DEBUG:colcon:Command line arguments: ['/usr/bin/colcon', 'build', '--symlink-install']
[0.341s] DEBUG:colcon:Parsed command line arguments: Namespace(log_base=None, log_level=None, verb_name='build', build_base='build', install_base='install', merge_install=False, symlink_install=True, test_result_base=None, continue_on_error=False, executor='parallel', parallel_workers=8, event_handlers=None, ignore_user_meta=False, metas=['./colcon.meta'], base_paths=['.'], packages_ignore=None, packages_ignore_regex=None, paths=None, packages_up_to=None, packages_up_to_regex=None, packages_above=None, packages_above_and_dependencies=None, packages_above_depth=None, packages_select_by_dep=None, packages_skip_by_dep=None, packages_skip_up_to=None, packages_select_build_failed=False, packages_skip_build_finished=False, packages_select_test_failures=False, packages_skip_test_passed=False, packages_select=None, packages_skip=None, packages_select_regex=None, packages_skip_regex=None, packages_start=None, packages_end=None, allow_overriding=[], cmake_args=None, cmake_target=None, cmake_target_skip_unavailable=False, cmake_clean_cache=False, cmake_clean_first=False, cmake_force_configure=False, ament_cmake_args=None, catkin_cmake_args=None, catkin_skip_building_tests=False, verb_parser=<colcon_defaults.argument_parser.defaults.DefaultArgumentsDecorator object at 0xfffef83fdcf0>, verb_extension=<colcon_core.verb.build.BuildVerb object at 0xfffef83fd030>, main=<bound method BuildVerb.main of <colcon_core.verb.build.BuildVerb object at 0xfffef83fd030>>)
[0.358s] Level 1:colcon.colcon_core.package_discovery:discover_packages(colcon_meta) check parameters
[0.358s] Level 1:colcon.colcon_core.package_discovery:discover_packages(recursive) check parameters
[0.358s] Level 1:colcon.colcon_core.package_discovery:discover_packages(ignore) check parameters
[0.358s] Level 1:colcon.colcon_core.package_discovery:discover_packages(path) check parameters
[0.358s] Level 1:colcon.colcon_core.package_discovery:discover_packages(colcon_meta) discover
[0.359s] Level 1:colcon.colcon_core.package_discovery:discover_packages(recursive) discover
[0.359s] INFO:colcon.colcon_core.package_discovery:Crawling recursively for packages in '/home/ubuntu/Documents/RoS/robo_ws'
[0.359s] Level 1:colcon.colcon_core.package_identification:_identify(.) by extensions ['ignore', 'ignore_ament_install']
[0.359s] Level 1:colcon.colcon_core.package_identification:_identify(.) by extension 'ignore'
[0.359s] Level 1:colcon.colcon_core.package_identification:_identify(.) by extension 'ignore_ament_install'
[0.359s] Level 1:colcon.colcon_core.package_identification:_identify(.) by extensions ['colcon_pkg']
[0.359s] Level 1:colcon.colcon_core.package_identification:_identify(.) by extension 'colcon_pkg'
[0.359s] Level 1:colcon.colcon_core.package_identification:_identify(.) by extensions ['colcon_meta']
[0.359s] Level 1:colcon.colcon_core.package_identification:_identify(.) by extension 'colcon_meta'
[0.359s] Level 1:colcon.colcon_core.package_identification:_identify(.) by extensions ['ros']
[0.359s] Level 1:colcon.colcon_core.package_identification:_identify(.) by extension 'ros'
[0.363s] Level 1:colcon.colcon_core.package_identification:_identify(.) by extensions ['cmake', 'python']
[0.364s] Level 1:colcon.colcon_core.package_identification:_identify(.) by extension 'cmake'
[0.364s] Level 1:colcon.colcon_core.package_identification:_identify(.) by extension 'python'
[0.364s] Level 1:colcon.colcon_core.package_identification:_identify(.) by extensions ['python_setup_py']
[0.364s] Level 1:colcon.colcon_core.package_identification:_identify(.) by extension 'python_setup_py'
[0.364s] Level 1:colcon.colcon_core.package_identification:_identify(build) by extensions ['ignore', 'ignore_ament_install']
[0.364s] Level 1:colcon.colcon_core.package_identification:_identify(build) by extension 'ignore'
[0.364s] Level 1:colcon.colcon_core.package_identification:_identify(build) ignored
[0.364s] Level 1:colcon.colcon_core.package_identification:_identify(install) by extensions ['ignore', 'ignore_ament_install']
[0.364s] Level 1:colcon.colcon_core.package_identification:_identify(install) by extension 'ignore'
[0.364s] Level 1:colcon.colcon_core.package_identification:_identify(install) ignored
[0.364s] Level 1:colcon.colcon_core.package_identification:_identify(log) by extensions ['ignore', 'ignore_ament_install']
[0.364s] Level 1:colcon.colcon_core.package_identification:_identify(log) by extension 'ignore'
[0.364s] Level 1:colcon.colcon_core.package_identification:_identify(log) ignored
[0.364s] Level 1:colcon.colcon_core.package_identification:_identify(src) by extensions ['ignore', 'ignore_ament_install']
[0.364s] Level 1:colcon.colcon_core.package_identification:_identify(src) by extension 'ignore'
[0.364s] Level 1:colcon.colcon_core.package_identification:_identify(src) by extension 'ignore_ament_install'
[0.364s] Level 1:colcon.colcon_core.package_identification:_identify(src) by extensions ['colcon_pkg']
[0.364s] Level 1:colcon.colcon_core.package_identification:_identify(src) by extension 'colcon_pkg'
[0.364s] Level 1:colcon.colcon_core.package_identification:_identify(src) by extensions ['colcon_meta']
[0.364s] Level 1:colcon.colcon_core.package_identification:_identify(src) by extension 'colcon_meta'
[0.364s] Level 1:colcon.colcon_core.package_identification:_identify(src) by extensions ['ros']
[0.364s] Level 1:colcon.colcon_core.package_identification:_identify(src) by extension 'ros'
[0.364s] Level 1:colcon.colcon_core.package_identification:_identify(src) by extensions ['cmake', 'python']
[0.364s] Level 1:colcon.colcon_core.package_identification:_identify(src) by extension 'cmake'
[0.364s] Level 1:colcon.colcon_core.package_identification:_identify(src) by extension 'python'
[0.364s] Level 1:colcon.colcon_core.package_identification:_identify(src) by extensions ['python_setup_py']
[0.364s] Level 1:colcon.colcon_core.package_identification:_identify(src) by extension 'python_setup_py'
[0.364s] Level 1:colcon.colcon_core.package_identification:_identify(src/basic_navigation) by extensions ['ignore', 'ignore_ament_install']
[0.364s] Level 1:colcon.colcon_core.package_identification:_identify(src/basic_navigation) by extension 'ignore'
[0.364s] Level 1:colcon.colcon_core.package_identification:_identify(src/basic_navigation) by extension 'ignore_ament_install'
[0.364s] Level 1:colcon.colcon_core.package_identification:_identify(src/basic_navigation) by extensions ['colcon_pkg']
[0.364s] Level 1:colcon.colcon_core.package_identification:_identify(src/basic_navigation) by extension 'colcon_pkg'
[0.364s] Level 1:colcon.colcon_core.package_identification:_identify(src/basic_navigation) by extensions ['colcon_meta']
[0.364s] Level 1:colcon.colcon_core.package_identification:_identify(src/basic_navigation) by extension 'colcon_meta'
[0.364s] Level 1:colcon.colcon_core.package_identification:_identify(src/basic_navigation) by extensions ['ros']
[0.364s] Level 1:colcon.colcon_core.package_identification:_identify(src/basic_navigation) by extension 'ros'
[0.365s] DEBUG:colcon.colcon_core.package_identification:Package 'src/basic_navigation' with type 'ros.ament_cmake' and name 'basic_navigation'
[0.365s] Level 1:colcon.colcon_core.package_identification:_identify(src/my_package) by extensions ['ignore', 'ignore_ament_install']
[0.365s] Level 1:colcon.colcon_core.package_identification:_identify(src/my_package) by extension 'ignore'
[0.365s] Level 1:colcon.colcon_core.package_identification:_identify(src/my_package) by extension 'ignore_ament_install'
[0.365s] Level 1:colcon.colcon_core.package_identification:_identify(src/my_package) by extensions ['colcon_pkg']
[0.365s] Level 1:colcon.colcon_core.package_identification:_identify(src/my_package) by extension 'colcon_pkg'
[0.365s] Level 1:colcon.colcon_core.package_identification:_identify(src/my_package) by extensions ['colcon_meta']
[0.365s] Level 1:colcon.colcon_core.package_identification:_identify(src/my_package) by extension 'colcon_meta'
[0.365s] Level 1:colcon.colcon_core.package_identification:_identify(src/my_package) by extensions ['ros']
[0.365s] Level 1:colcon.colcon_core.package_identification:_identify(src/my_package) by extension 'ros'
[0.366s] DEBUG:colcon.colcon_core.package_identification:Package 'src/my_package' with type 'ros.ament_cmake' and name 'my_package'
[0.366s] Level 1:colcon.colcon_core.package_discovery:discover_packages(recursive) using defaults
[0.366s] Level 1:colcon.colcon_core.package_discovery:discover_packages(ignore) discover
[0.366s] Level 1:colcon.colcon_core.package_discovery:discover_packages(ignore) using defaults
[0.366s] Level 1:colcon.colcon_core.package_discovery:discover_packages(path) discover
[0.366s] Level 1:colcon.colcon_core.package_discovery:discover_packages(path) using defaults
[0.398s] Level 1:colcon.colcon_core.package_discovery:discover_packages(prefix_path) check parameters
[0.398s] Level 1:colcon.colcon_core.package_discovery:discover_packages(prefix_path) discover
[0.407s] DEBUG:colcon.colcon_installed_package_information.package_discovery:Found 1 installed packages in /home/ubuntu/Documents/RoS/robo_ws/install
[0.412s] DEBUG:colcon.colcon_installed_package_information.package_discovery:Found 306 installed packages in /opt/ros/iron
[0.413s] Level 1:colcon.colcon_core.package_discovery:discover_packages(prefix_path) using defaults
[0.453s] Level 5:colcon.colcon_core.verb:set package 'basic_navigation' build argument 'cmake_args' from command line to 'None'
[0.453s] Level 5:colcon.colcon_core.verb:set package 'basic_navigation' build argument 'cmake_target' from command line to 'None'
[0.453s] Level 5:colcon.colcon_core.verb:set package 'basic_navigation' build argument 'cmake_target_skip_unavailable' from command line to 'False'
[0.453s] Level 5:colcon.colcon_core.verb:set package 'basic_navigation' build argument 'cmake_clean_cache' from command line to 'False'
[0.453s] Level 5:colcon.colcon_core.verb:set package 'basic_navigation' build argument 'cmake_clean_first' from command line to 'False'
[0.453s] Level 5:colcon.colcon_core.verb:set package 'basic_navigation' build argument 'cmake_force_configure' from command line to 'False'
[0.453s] Level 5:colcon.colcon_core.verb:set package 'basic_navigation' build argument 'ament_cmake_args' from command line to 'None'
[0.453s] Level 5:colcon.colcon_core.verb:set package 'basic_navigation' build argument 'catkin_cmake_args' from command line to 'None'
[0.453s] Level 5:colcon.colcon_core.verb:set package 'basic_navigation' build argument 'catkin_skip_building_tests' from command line to 'False'
[0.453s] DEBUG:colcon.colcon_core.verb:Building package 'basic_navigation' with the following arguments: {'ament_cmake_args': None, 'build_base': '/home/ubuntu/Documents/RoS/robo_ws/build/basic_navigation', 'catkin_cmake_args': None, 'catkin_skip_building_tests': False, 'cmake_args': None, 'cmake_clean_cache': False, 'cmake_clean_first': False, 'cmake_force_configure': False, 'cmake_target': None, 'cmake_target_skip_unavailable': False, 'install_base': '/home/ubuntu/Documents/RoS/robo_ws/install/basic_navigation', 'merge_install': False, 'path': '/home/ubuntu/Documents/RoS/robo_ws/src/basic_navigation', 'symlink_install': True, 'test_result_base': None}
[0.458s] Level 5:colcon.colcon_core.verb:set package 'my_package' build argument 'cmake_args' from command line to 'None'
[0.458s] Level 5:colcon.colcon_core.verb:set package 'my_package' build argument 'cmake_target' from command line to 'None'
[0.458s] Level 5:colcon.colcon_core.verb:set package 'my_package' build argument 'cmake_target_skip_unavailable' from command line to 'False'
[0.458s] Level 5:colcon.colcon_core.verb:set package 'my_package' build argument 'cmake_clean_cache' from command line to 'False'
[0.458s] Level 5:colcon.colcon_core.verb:set package 'my_package' build argument 'cmake_clean_first' from command line to 'False'
[0.458s] Level 5:colcon.colcon_core.verb:set package 'my_package' build argument 'cmake_force_configure' from command line to 'False'
[0.458s] Level 5:colcon.colcon_core.verb:set package 'my_package' build argument 'ament_cmake_args' from command line to 'None'
[0.458s] Level 5:colcon.colcon_core.verb:set package 'my_package' build argument 'catkin_cmake_args' from command line to 'None'
[0.458s] Level 5:colcon.colcon_core.verb:set package 'my_package' build argument 'catkin_skip_building_tests' from command line to 'False'
[0.458s] DEBUG:colcon.colcon_core.verb:Building package 'my_package' with the following arguments: {'ament_cmake_args': None, 'build_base': '/home/ubuntu/Documents/RoS/robo_ws/build/my_package', 'catkin_cmake_args': None, 'catkin_skip_building_tests': False, 'cmake_args': None, 'cmake_clean_cache': False, 'cmake_clean_first': False, 'cmake_force_configure': False, 'cmake_target': None, 'cmake_target_skip_unavailable': False, 'install_base': '/home/ubuntu/Documents/RoS/robo_ws/install/my_package', 'merge_install': False, 'path': '/home/ubuntu/Documents/RoS/robo_ws/src/my_package', 'symlink_install': True, 'test_result_base': None}
[0.463s] INFO:colcon.colcon_core.executor:Executing jobs using 'parallel' executor
[0.468s] DEBUG:colcon.colcon_parallel_executor.executor.parallel:run_until_complete
[0.468s] INFO:colcon.colcon_ros.task.ament_cmake.build:Building ROS package in '/home/ubuntu/Documents/RoS/robo_ws/src/basic_navigation' with build type 'ament_cmake'
[0.468s] INFO:colcon.colcon_cmake.task.cmake.build:Building CMake package in '/home/ubuntu/Documents/RoS/robo_ws/src/basic_navigation'
[0.475s] INFO:colcon.colcon_core.plugin_system:Skipping extension 'colcon_core.shell.bat': Not used on non-Windows systems
[0.475s] INFO:colcon.colcon_core.shell:Skip shell extension 'powershell' for command environment: Not usable outside of PowerShell
[0.475s] DEBUG:colcon.colcon_core.shell:Skip shell extension 'dsv' for command environment
[0.491s] INFO:colcon.colcon_ros.task.ament_cmake.build:Building ROS package in '/home/ubuntu/Documents/RoS/robo_ws/src/my_package' with build type 'ament_cmake'
[0.491s] INFO:colcon.colcon_cmake.task.cmake.build:Building CMake package in '/home/ubuntu/Documents/RoS/robo_ws/src/my_package'
[0.496s] INFO:colcon.colcon_core.shell:Skip shell extension 'powershell' for command environment: Not usable outside of PowerShell
[0.496s] DEBUG:colcon.colcon_core.shell:Skip shell extension 'dsv' for command environment
[0.515s] DEBUG:colcon.colcon_core.event_handler.log_command:Invoking command in '/home/ubuntu/Documents/RoS/robo_ws/build/basic_navigation': CMAKE_PREFIX_PATH=${CMAKE_PREFIX_PATH}:/opt/ros/iron /usr/bin/cmake --build /home/ubuntu/Documents/RoS/robo_ws/build/basic_navigation -- -j8 -l8
[0.516s] DEBUG:colcon.colcon_core.event_handler.log_command:Invoking command in '/home/ubuntu/Documents/RoS/robo_ws/build/my_package': CMAKE_PREFIX_PATH=${CMAKE_PREFIX_PATH}:/opt/ros/iron /usr/bin/cmake /home/ubuntu/Documents/RoS/robo_ws/src/my_package -DAMENT_CMAKE_SYMLINK_INSTALL=1 -DCMAKE_INSTALL_PREFIX=/home/ubuntu/Documents/RoS/robo_ws/install/my_package
[0.548s] DEBUG:colcon.colcon_core.event_handler.log_command:Invoked command in '/home/ubuntu/Documents/RoS/robo_ws/build/basic_navigation' returned '0': CMAKE_PREFIX_PATH=${CMAKE_PREFIX_PATH}:/opt/ros/iron /usr/bin/cmake --build /home/ubuntu/Documents/RoS/robo_ws/build/basic_navigation -- -j8 -l8
[0.561s] DEBUG:colcon.colcon_core.event_handler.log_command:Invoking command in '/home/ubuntu/Documents/RoS/robo_ws/build/basic_navigation': CMAKE_PREFIX_PATH=${CMAKE_PREFIX_PATH}:/opt/ros/iron /usr/bin/cmake --install /home/ubuntu/Documents/RoS/robo_ws/build/basic_navigation
[0.567s] Level 1:colcon.colcon_core.environment:create_environment_scripts_only(basic_navigation)
[0.567s] DEBUG:colcon.colcon_core.event_handler.log_command:Invoked command in '/home/ubuntu/Documents/RoS/robo_ws/build/basic_navigation' returned '0': CMAKE_PREFIX_PATH=${CMAKE_PREFIX_PATH}:/opt/ros/iron /usr/bin/cmake --install /home/ubuntu/Documents/RoS/robo_ws/build/basic_navigation
[0.574s] Level 1:colcon.colcon_core.environment:checking '/home/ubuntu/Documents/RoS/robo_ws/install/basic_navigation' for CMake module files
[0.574s] Level 1:colcon.colcon_core.environment:checking '/home/ubuntu/Documents/RoS/robo_ws/install/basic_navigation' for CMake config files
[0.574s] Level 1:colcon.colcon_core.shell:create_environment_hook('basic_navigation', 'cmake_prefix_path')
[0.579s] INFO:colcon.colcon_core.shell:Creating environment hook '/home/ubuntu/Documents/RoS/robo_ws/install/basic_navigation/share/basic_navigation/hook/cmake_prefix_path.ps1'
[0.580s] INFO:colcon.colcon_core.shell:Creating environment descriptor '/home/ubuntu/Documents/RoS/robo_ws/install/basic_navigation/share/basic_navigation/hook/cmake_prefix_path.dsv'
[0.580s] INFO:colcon.colcon_core.shell:Creating environment hook '/home/ubuntu/Documents/RoS/robo_ws/install/basic_navigation/share/basic_navigation/hook/cmake_prefix_path.sh'
[0.580s] Level 1:colcon.colcon_core.environment:checking '/home/ubuntu/Documents/RoS/robo_ws/install/basic_navigation/bin'
[0.580s] Level 1:colcon.colcon_core.environment:checking '/home/ubuntu/Documents/RoS/robo_ws/install/basic_navigation/lib/pkgconfig/basic_navigation.pc'
[0.580s] Level 1:colcon.colcon_core.environment:checking '/home/ubuntu/Documents/RoS/robo_ws/install/basic_navigation/lib/python3.10/site-packages'
[0.581s] Level 1:colcon.colcon_core.environment:checking '/home/ubuntu/Documents/RoS/robo_ws/install/basic_navigation/bin'
[0.585s] INFO:colcon.colcon_core.shell:Creating package script '/home/ubuntu/Documents/RoS/robo_ws/install/basic_navigation/share/basic_navigation/package.ps1'
[0.586s] INFO:colcon.colcon_core.shell:Creating package descriptor '/home/ubuntu/Documents/RoS/robo_ws/install/basic_navigation/share/basic_navigation/package.dsv'
[0.586s] INFO:colcon.colcon_core.shell:Creating package script '/home/ubuntu/Documents/RoS/robo_ws/install/basic_navigation/share/basic_navigation/package.sh'
[0.586s] INFO:colcon.colcon_core.shell:Creating package script '/home/ubuntu/Documents/RoS/robo_ws/install/basic_navigation/share/basic_navigation/package.bash'
[0.586s] INFO:colcon.colcon_core.shell:Creating package script '/home/ubuntu/Documents/RoS/robo_ws/install/basic_navigation/share/basic_navigation/package.zsh'
[0.587s] Level 1:colcon.colcon_core.environment:create_file_with_runtime_dependencies(/home/ubuntu/Documents/RoS/robo_ws/install/basic_navigation/share/colcon-core/packages/basic_navigation)
[0.600s] Level 1:colcon.colcon_core.environment:create_environment_scripts_only(basic_navigation)
[0.606s] Level 1:colcon.colcon_core.environment:checking '/home/ubuntu/Documents/RoS/robo_ws/install/basic_navigation' for CMake module files
[0.607s] Level 1:colcon.colcon_core.environment:checking '/home/ubuntu/Documents/RoS/robo_ws/install/basic_navigation' for CMake config files
[0.607s] Level 1:colcon.colcon_core.shell:create_environment_hook('basic_navigation', 'cmake_prefix_path')
[0.612s] INFO:colcon.colcon_core.shell:Creating environment hook '/home/ubuntu/Documents/RoS/robo_ws/install/basic_navigation/share/basic_navigation/hook/cmake_prefix_path.ps1'
[0.612s] INFO:colcon.colcon_core.shell:Creating environment descriptor '/home/ubuntu/Documents/RoS/robo_ws/install/basic_navigation/share/basic_navigation/hook/cmake_prefix_path.dsv'
[0.612s] INFO:colcon.colcon_core.shell:Creating environment hook '/home/ubuntu/Documents/RoS/robo_ws/install/basic_navigation/share/basic_navigation/hook/cmake_prefix_path.sh'
[0.613s] Level 1:colcon.colcon_core.environment:checking '/home/ubuntu/Documents/RoS/robo_ws/install/basic_navigation/bin'
[0.613s] Level 1:colcon.colcon_core.environment:checking '/home/ubuntu/Documents/RoS/robo_ws/install/basic_navigation/lib/pkgconfig/basic_navigation.pc'
[0.613s] Level 1:colcon.colcon_core.environment:checking '/home/ubuntu/Documents/RoS/robo_ws/install/basic_navigation/lib/python3.10/site-packages'
[0.613s] Level 1:colcon.colcon_core.environment:checking '/home/ubuntu/Documents/RoS/robo_ws/install/basic_navigation/bin'
[0.618s] INFO:colcon.colcon_core.shell:Creating package script '/home/ubuntu/Documents/RoS/robo_ws/install/basic_navigation/share/basic_navigation/package.ps1'
[0.618s] INFO:colcon.colcon_core.shell:Creating package descriptor '/home/ubuntu/Documents/RoS/robo_ws/install/basic_navigation/share/basic_navigation/package.dsv'
[0.618s] INFO:colcon.colcon_core.shell:Creating package script '/home/ubuntu/Documents/RoS/robo_ws/install/basic_navigation/share/basic_navigation/package.sh'
[0.618s] INFO:colcon.colcon_core.shell:Creating package script '/home/ubuntu/Documents/RoS/robo_ws/install/basic_navigation/share/basic_navigation/package.bash'
[0.618s] INFO:colcon.colcon_core.shell:Creating package script '/home/ubuntu/Documents/RoS/robo_ws/install/basic_navigation/share/basic_navigation/package.zsh'
[0.618s] Level 1:colcon.colcon_core.environment:create_file_with_runtime_dependencies(/home/ubuntu/Documents/RoS/robo_ws/install/basic_navigation/share/colcon-core/packages/basic_navigation)
[1.025s] DEBUG:colcon.colcon_core.event_handler.log_command:Invoked command in '/home/ubuntu/Documents/RoS/robo_ws/build/my_package' returned '0': CMAKE_PREFIX_PATH=${CMAKE_PREFIX_PATH}:/opt/ros/iron /usr/bin/cmake /home/ubuntu/Documents/RoS/robo_ws/src/my_package -DAMENT_CMAKE_SYMLINK_INSTALL=1 -DCMAKE_INSTALL_PREFIX=/home/ubuntu/Documents/RoS/robo_ws/install/my_package
[1.025s] DEBUG:colcon.colcon_core.event_handler.log_command:Invoking command in '/home/ubuntu/Documents/RoS/robo_ws/build/my_package': CMAKE_PREFIX_PATH=${CMAKE_PREFIX_PATH}:/opt/ros/iron /usr/bin/cmake --build /home/ubuntu/Documents/RoS/robo_ws/build/my_package -- -j8 -l8
[1.057s] DEBUG:colcon.colcon_core.event_handler.log_command:Invoked command in '/home/ubuntu/Documents/RoS/robo_ws/build/my_package' returned '0': CMAKE_PREFIX_PATH=${CMAKE_PREFIX_PATH}:/opt/ros/iron /usr/bin/cmake --build /home/ubuntu/Documents/RoS/robo_ws/build/my_package -- -j8 -l8
[1.072s] DEBUG:colcon.colcon_core.event_handler.log_command:Invoking command in '/home/ubuntu/Documents/RoS/robo_ws/build/my_package': CMAKE_PREFIX_PATH=${CMAKE_PREFIX_PATH}:/opt/ros/iron /usr/bin/cmake --install /home/ubuntu/Documents/RoS/robo_ws/build/my_package
[1.204s] Level 1:colcon.colcon_core.environment:create_environment_scripts_only(my_package)
[1.205s] DEBUG:colcon.colcon_core.event_handler.log_command:Invoked command in '/home/ubuntu/Documents/RoS/robo_ws/build/my_package' returned '0': CMAKE_PREFIX_PATH=${CMAKE_PREFIX_PATH}:/opt/ros/iron /usr/bin/cmake --install /home/ubuntu/Documents/RoS/robo_ws/build/my_package
[1.214s] Level 1:colcon.colcon_core.environment:checking '/home/ubuntu/Documents/RoS/robo_ws/install/my_package' for CMake module files
[1.214s] Level 1:colcon.colcon_core.environment:checking '/home/ubuntu/Documents/RoS/robo_ws/install/my_package' for CMake config files
[1.215s] Level 1:colcon.colcon_core.shell:create_environment_hook('my_package', 'cmake_prefix_path')
[1.222s] INFO:colcon.colcon_core.shell:Creating environment hook '/home/ubuntu/Documents/RoS/robo_ws/install/my_package/share/my_package/hook/cmake_prefix_path.ps1'
[1.222s] INFO:colcon.colcon_core.shell:Creating environment descriptor '/home/ubuntu/Documents/RoS/robo_ws/install/my_package/share/my_package/hook/cmake_prefix_path.dsv'
[1.222s] INFO:colcon.colcon_core.shell:Creating environment hook '/home/ubuntu/Documents/RoS/robo_ws/install/my_package/share/my_package/hook/cmake_prefix_path.sh'
[1.222s] Level 1:colcon.colcon_core.environment:checking '/home/ubuntu/Documents/RoS/robo_ws/install/my_package/bin'
[1.222s] Level 1:colcon.colcon_core.environment:checking '/home/ubuntu/Documents/RoS/robo_ws/install/my_package/lib/pkgconfig/my_package.pc'
[1.222s] Level 1:colcon.colcon_core.environment:checking '/home/ubuntu/Documents/RoS/robo_ws/install/my_package/lib/python3.10/site-packages'
[1.222s] Level 1:colcon.colcon_core.environment:checking '/home/ubuntu/Documents/RoS/robo_ws/install/my_package/bin'
[1.227s] INFO:colcon.colcon_core.shell:Creating package script '/home/ubuntu/Documents/RoS/robo_ws/install/my_package/share/my_package/package.ps1'
[1.227s] INFO:colcon.colcon_core.shell:Creating package descriptor '/home/ubuntu/Documents/RoS/robo_ws/install/my_package/share/my_package/package.dsv'
[1.228s] INFO:colcon.colcon_core.shell:Creating package script '/home/ubuntu/Documents/RoS/robo_ws/install/my_package/share/my_package/package.sh'
[1.228s] INFO:colcon.colcon_core.shell:Creating package script '/home/ubuntu/Documents/RoS/robo_ws/install/my_package/share/my_package/package.bash'
[1.228s] INFO:colcon.colcon_core.shell:Creating package script '/home/ubuntu/Documents/RoS/robo_ws/install/my_package/share/my_package/package.zsh'
[1.228s] Level 1:colcon.colcon_core.environment:create_file_with_runtime_dependencies(/home/ubuntu/Documents/RoS/robo_ws/install/my_package/share/colcon-core/packages/my_package)
[1.250s] Level 1:colcon.colcon_core.environment:create_environment_scripts_only(my_package)
[1.256s] Level 1:colcon.colcon_core.environment:checking '/home/ubuntu/Documents/RoS/robo_ws/install/my_package' for CMake module files
[1.256s] Level 1:colcon.colcon_core.environment:checking '/home/ubuntu/Documents/RoS/robo_ws/install/my_package' for CMake config files
[1.256s] Level 1:colcon.colcon_core.shell:create_environment_hook('my_package', 'cmake_prefix_path')
[1.262s] INFO:colcon.colcon_core.shell:Creating environment hook '/home/ubuntu/Documents/RoS/robo_ws/install/my_package/share/my_package/hook/cmake_prefix_path.ps1'
[1.262s] INFO:colcon.colcon_core.shell:Creating environment descriptor '/home/ubuntu/Documents/RoS/robo_ws/install/my_package/share/my_package/hook/cmake_prefix_path.dsv'
[1.262s] INFO:colcon.colcon_core.shell:Creating environment hook '/home/ubuntu/Documents/RoS/robo_ws/install/my_package/share/my_package/hook/cmake_prefix_path.sh'
[1.262s] Level 1:colcon.colcon_core.environment:checking '/home/ubuntu/Documents/RoS/robo_ws/install/my_package/bin'
[1.262s] Level 1:colcon.colcon_core.environment:checking '/home/ubuntu/Documents/RoS/robo_ws/install/my_package/lib/pkgconfig/my_package.pc'
[1.262s] Level 1:colcon.colcon_core.environment:checking '/home/ubuntu/Documents/RoS/robo_ws/install/my_package/lib/python3.10/site-packages'
[1.262s] Level 1:colcon.colcon_core.environment:checking '/home/ubuntu/Documents/RoS/robo_ws/install/my_package/bin'
[1.267s] INFO:colcon.colcon_core.shell:Creating package script '/home/ubuntu/Documents/RoS/robo_ws/install/my_package/share/my_package/package.ps1'
[1.267s] INFO:colcon.colcon_core.shell:Creating package descriptor '/home/ubuntu/Documents/RoS/robo_ws/install/my_package/share/my_package/package.dsv'
[1.268s] INFO:colcon.colcon_core.shell:Creating package script '/home/ubuntu/Documents/RoS/robo_ws/install/my_package/share/my_package/package.sh'
[1.268s] INFO:colcon.colcon_core.shell:Creating package script '/home/ubuntu/Documents/RoS/robo_ws/install/my_package/share/my_package/package.bash'
[1.268s] INFO:colcon.colcon_core.shell:Creating package script '/home/ubuntu/Documents/RoS/robo_ws/install/my_package/share/my_package/package.zsh'
[1.268s] Level 1:colcon.colcon_core.environment:create_file_with_runtime_dependencies(/home/ubuntu/Documents/RoS/robo_ws/install/my_package/share/colcon-core/packages/my_package)
[1.268s] DEBUG:colcon.colcon_parallel_executor.executor.parallel:closing loop
[1.268s] DEBUG:colcon.colcon_parallel_executor.executor.parallel:loop closed
[1.268s] DEBUG:colcon.colcon_parallel_executor.executor.parallel:run_until_complete finished with '0'
[1.268s] DEBUG:colcon.colcon_core.event_reactor:joining thread
[1.276s] INFO:colcon.colcon_core.plugin_system:Skipping extension 'colcon_notification.desktop_notification.terminal_notifier': Not used on non-Darwin systems
[1.276s] INFO:colcon.colcon_core.plugin_system:Skipping extension 'colcon_notification.desktop_notification.win32': Not used on non-Windows systems
[1.276s] INFO:colcon.colcon_notification.desktop_notification:Sending desktop notification using 'notify2'
[1.281s] DEBUG:colcon.colcon_core.event_reactor:joined thread
[1.287s] INFO:colcon.colcon_core.shell:Creating prefix script '/home/ubuntu/Documents/RoS/robo_ws/install/local_setup.ps1'
[1.287s] INFO:colcon.colcon_core.shell:Creating prefix util module '/home/ubuntu/Documents/RoS/robo_ws/install/_local_setup_util_ps1.py'
[1.288s] INFO:colcon.colcon_core.shell:Creating prefix chain script '/home/ubuntu/Documents/RoS/robo_ws/install/setup.ps1'
[1.295s] INFO:colcon.colcon_core.shell:Creating prefix script '/home/ubuntu/Documents/RoS/robo_ws/install/local_setup.sh'
[1.295s] INFO:colcon.colcon_core.shell:Creating prefix util module '/home/ubuntu/Documents/RoS/robo_ws/install/_local_setup_util_sh.py'
[1.295s] INFO:colcon.colcon_core.shell:Creating prefix chain script '/home/ubuntu/Documents/RoS/robo_ws/install/setup.sh'
[1.300s] INFO:colcon.colcon_core.shell:Creating prefix script '/home/ubuntu/Documents/RoS/robo_ws/install/local_setup.bash'
[1.301s] INFO:colcon.colcon_core.shell:Creating prefix chain script '/home/ubuntu/Documents/RoS/robo_ws/install/setup.bash'
[1.306s] INFO:colcon.colcon_core.shell:Creating prefix script '/home/ubuntu/Documents/RoS/robo_ws/install/local_setup.zsh'
[1.306s] INFO:colcon.colcon_core.shell:Creating prefix chain script '/home/ubuntu/Documents/RoS/robo_ws/install/setup.zsh'
