[0.365s] DEBUG:colcon:Command line arguments: ['/usr/bin/colcon', 'build']
[0.365s] DEBUG:colcon:Parsed command line arguments: Namespace(log_base=None, log_level=None, verb_name='build', build_base='build', install_base='install', merge_install=False, symlink_install=False, test_result_base=None, continue_on_error=False, executor='parallel', parallel_workers=8, event_handlers=None, ignore_user_meta=False, metas=['./colcon.meta'], base_paths=['.'], packages_ignore=None, packages_ignore_regex=None, paths=None, packages_up_to=None, packages_up_to_regex=None, packages_above=None, packages_above_and_dependencies=None, packages_above_depth=None, packages_select_by_dep=None, packages_skip_by_dep=None, packages_skip_up_to=None, packages_select_build_failed=False, packages_skip_build_finished=False, packages_select_test_failures=False, packages_skip_test_passed=False, packages_select=None, packages_skip=None, packages_select_regex=None, packages_skip_regex=None, packages_start=None, packages_end=None, allow_overriding=[], cmake_args=None, cmake_target=None, cmake_target_skip_unavailable=False, cmake_clean_cache=False, cmake_clean_first=False, cmake_force_configure=False, ament_cmake_args=None, catkin_cmake_args=None, catkin_skip_building_tests=False, verb_parser=<colcon_defaults.argument_parser.defaults.DefaultArgumentsDecorator object at 0xffff3a9b5c30>, verb_extension=<colcon_core.verb.build.BuildVerb object at 0xffff3a9b4190>, main=<bound method BuildVerb.main of <colcon_core.verb.build.BuildVerb object at 0xffff3a9b4190>>)
[0.383s] Level 1:colcon.colcon_core.package_discovery:discover_packages(colcon_meta) check parameters
[0.383s] Level 1:colcon.colcon_core.package_discovery:discover_packages(recursive) check parameters
[0.383s] Level 1:colcon.colcon_core.package_discovery:discover_packages(ignore) check parameters
[0.383s] Level 1:colcon.colcon_core.package_discovery:discover_packages(path) check parameters
[0.383s] Level 1:colcon.colcon_core.package_discovery:discover_packages(colcon_meta) discover
[0.383s] Level 1:colcon.colcon_core.package_discovery:discover_packages(recursive) discover
[0.383s] INFO:colcon.colcon_core.package_discovery:Crawling recursively for packages in '/home/ubuntu/Documents/RoS/robo_ws'
[0.383s] Level 1:colcon.colcon_core.package_identification:_identify(.) by extensions ['ignore', 'ignore_ament_install']
[0.383s] Level 1:colcon.colcon_core.package_identification:_identify(.) by extension 'ignore'
[0.383s] Level 1:colcon.colcon_core.package_identification:_identify(.) by extension 'ignore_ament_install'
[0.383s] Level 1:colcon.colcon_core.package_identification:_identify(.) by extensions ['colcon_pkg']
[0.383s] Level 1:colcon.colcon_core.package_identification:_identify(.) by extension 'colcon_pkg'
[0.383s] Level 1:colcon.colcon_core.package_identification:_identify(.) by extensions ['colcon_meta']
[0.383s] Level 1:colcon.colcon_core.package_identification:_identify(.) by extension 'colcon_meta'
[0.383s] Level 1:colcon.colcon_core.package_identification:_identify(.) by extensions ['ros']
[0.383s] Level 1:colcon.colcon_core.package_identification:_identify(.) by extension 'ros'
[0.388s] Level 1:colcon.colcon_core.package_identification:_identify(.) by extensions ['cmake', 'python']
[0.388s] Level 1:colcon.colcon_core.package_identification:_identify(.) by extension 'cmake'
[0.388s] Level 1:colcon.colcon_core.package_identification:_identify(.) by extension 'python'
[0.388s] Level 1:colcon.colcon_core.package_identification:_identify(.) by extensions ['python_setup_py']
[0.388s] Level 1:colcon.colcon_core.package_identification:_identify(.) by extension 'python_setup_py'
[0.388s] Level 1:colcon.colcon_core.package_identification:_identify(build) by extensions ['ignore', 'ignore_ament_install']
[0.388s] Level 1:colcon.colcon_core.package_identification:_identify(build) by extension 'ignore'
[0.388s] Level 1:colcon.colcon_core.package_identification:_identify(build) ignored
[0.388s] Level 1:colcon.colcon_core.package_identification:_identify(install) by extensions ['ignore', 'ignore_ament_install']
[0.388s] Level 1:colcon.colcon_core.package_identification:_identify(install) by extension 'ignore'
[0.388s] Level 1:colcon.colcon_core.package_identification:_identify(install) ignored
[0.388s] Level 1:colcon.colcon_core.package_identification:_identify(log) by extensions ['ignore', 'ignore_ament_install']
[0.388s] Level 1:colcon.colcon_core.package_identification:_identify(log) by extension 'ignore'
[0.388s] Level 1:colcon.colcon_core.package_identification:_identify(log) ignored
[0.388s] Level 1:colcon.colcon_core.package_identification:_identify(src) by extensions ['ignore', 'ignore_ament_install']
[0.388s] Level 1:colcon.colcon_core.package_identification:_identify(src) by extension 'ignore'
[0.388s] Level 1:colcon.colcon_core.package_identification:_identify(src) by extension 'ignore_ament_install'
[0.388s] Level 1:colcon.colcon_core.package_identification:_identify(src) by extensions ['colcon_pkg']
[0.388s] Level 1:colcon.colcon_core.package_identification:_identify(src) by extension 'colcon_pkg'
[0.388s] Level 1:colcon.colcon_core.package_identification:_identify(src) by extensions ['colcon_meta']
[0.388s] Level 1:colcon.colcon_core.package_identification:_identify(src) by extension 'colcon_meta'
[0.388s] Level 1:colcon.colcon_core.package_identification:_identify(src) by extensions ['ros']
[0.388s] Level 1:colcon.colcon_core.package_identification:_identify(src) by extension 'ros'
[0.388s] Level 1:colcon.colcon_core.package_identification:_identify(src) by extensions ['cmake', 'python']
[0.388s] Level 1:colcon.colcon_core.package_identification:_identify(src) by extension 'cmake'
[0.388s] Level 1:colcon.colcon_core.package_identification:_identify(src) by extension 'python'
[0.388s] Level 1:colcon.colcon_core.package_identification:_identify(src) by extensions ['python_setup_py']
[0.388s] Level 1:colcon.colcon_core.package_identification:_identify(src) by extension 'python_setup_py'
[0.388s] Level 1:colcon.colcon_core.package_identification:_identify(src/models) by extensions ['ignore', 'ignore_ament_install']
[0.388s] Level 1:colcon.colcon_core.package_identification:_identify(src/models) by extension 'ignore'
[0.389s] Level 1:colcon.colcon_core.package_identification:_identify(src/models) by extension 'ignore_ament_install'
[0.389s] Level 1:colcon.colcon_core.package_identification:_identify(src/models) by extensions ['colcon_pkg']
[0.389s] Level 1:colcon.colcon_core.package_identification:_identify(src/models) by extension 'colcon_pkg'
[0.389s] Level 1:colcon.colcon_core.package_identification:_identify(src/models) by extensions ['colcon_meta']
[0.389s] Level 1:colcon.colcon_core.package_identification:_identify(src/models) by extension 'colcon_meta'
[0.389s] Level 1:colcon.colcon_core.package_identification:_identify(src/models) by extensions ['ros']
[0.389s] Level 1:colcon.colcon_core.package_identification:_identify(src/models) by extension 'ros'
[0.389s] Level 1:colcon.colcon_core.package_identification:_identify(src/models) by extensions ['cmake', 'python']
[0.389s] Level 1:colcon.colcon_core.package_identification:_identify(src/models) by extension 'cmake'
[0.389s] Level 1:colcon.colcon_core.package_identification:_identify(src/models) by extension 'python'
[0.389s] Level 1:colcon.colcon_core.package_identification:_identify(src/models) by extensions ['python_setup_py']
[0.389s] Level 1:colcon.colcon_core.package_identification:_identify(src/models) by extension 'python_setup_py'
[0.389s] Level 1:colcon.colcon_core.package_identification:_identify(src/models/NUS_robo_file) by extensions ['ignore', 'ignore_ament_install']
[0.389s] Level 1:colcon.colcon_core.package_identification:_identify(src/models/NUS_robo_file) by extension 'ignore'
[0.389s] Level 1:colcon.colcon_core.package_identification:_identify(src/models/NUS_robo_file) by extension 'ignore_ament_install'
[0.389s] Level 1:colcon.colcon_core.package_identification:_identify(src/models/NUS_robo_file) by extensions ['colcon_pkg']
[0.389s] Level 1:colcon.colcon_core.package_identification:_identify(src/models/NUS_robo_file) by extension 'colcon_pkg'
[0.389s] Level 1:colcon.colcon_core.package_identification:_identify(src/models/NUS_robo_file) by extensions ['colcon_meta']
[0.389s] Level 1:colcon.colcon_core.package_identification:_identify(src/models/NUS_robo_file) by extension 'colcon_meta'
[0.389s] Level 1:colcon.colcon_core.package_identification:_identify(src/models/NUS_robo_file) by extensions ['ros']
[0.389s] Level 1:colcon.colcon_core.package_identification:_identify(src/models/NUS_robo_file) by extension 'ros'
[0.389s] Level 1:colcon.colcon_core.package_identification:_identify(src/models/NUS_robo_file) by extensions ['cmake', 'python']
[0.389s] Level 1:colcon.colcon_core.package_identification:_identify(src/models/NUS_robo_file) by extension 'cmake'
[0.389s] Level 1:colcon.colcon_core.package_identification:_identify(src/models/NUS_robo_file) by extension 'python'
[0.389s] Level 1:colcon.colcon_core.package_identification:_identify(src/models/NUS_robo_file) by extensions ['python_setup_py']
[0.389s] Level 1:colcon.colcon_core.package_identification:_identify(src/models/NUS_robo_file) by extension 'python_setup_py'
[0.389s] Level 1:colcon.colcon_core.package_identification:_identify(src/models/NUS_robo_file/materials) by extensions ['ignore', 'ignore_ament_install']
[0.389s] Level 1:colcon.colcon_core.package_identification:_identify(src/models/NUS_robo_file/materials) by extension 'ignore'
[0.389s] Level 1:colcon.colcon_core.package_identification:_identify(src/models/NUS_robo_file/materials) by extension 'ignore_ament_install'
[0.389s] Level 1:colcon.colcon_core.package_identification:_identify(src/models/NUS_robo_file/materials) by extensions ['colcon_pkg']
[0.389s] Level 1:colcon.colcon_core.package_identification:_identify(src/models/NUS_robo_file/materials) by extension 'colcon_pkg'
[0.389s] Level 1:colcon.colcon_core.package_identification:_identify(src/models/NUS_robo_file/materials) by extensions ['colcon_meta']
[0.389s] Level 1:colcon.colcon_core.package_identification:_identify(src/models/NUS_robo_file/materials) by extension 'colcon_meta'
[0.389s] Level 1:colcon.colcon_core.package_identification:_identify(src/models/NUS_robo_file/materials) by extensions ['ros']
[0.389s] Level 1:colcon.colcon_core.package_identification:_identify(src/models/NUS_robo_file/materials) by extension 'ros'
[0.389s] Level 1:colcon.colcon_core.package_identification:_identify(src/models/NUS_robo_file/materials) by extensions ['cmake', 'python']
[0.389s] Level 1:colcon.colcon_core.package_identification:_identify(src/models/NUS_robo_file/materials) by extension 'cmake'
[0.389s] Level 1:colcon.colcon_core.package_identification:_identify(src/models/NUS_robo_file/materials) by extension 'python'
[0.389s] Level 1:colcon.colcon_core.package_identification:_identify(src/models/NUS_robo_file/materials) by extensions ['python_setup_py']
[0.389s] Level 1:colcon.colcon_core.package_identification:_identify(src/models/NUS_robo_file/materials) by extension 'python_setup_py'
[0.389s] Level 1:colcon.colcon_core.package_identification:_identify(src/models/NUS_robo_file/materials/scripts) by extensions ['ignore', 'ignore_ament_install']
[0.389s] Level 1:colcon.colcon_core.package_identification:_identify(src/models/NUS_robo_file/materials/scripts) by extension 'ignore'
[0.389s] Level 1:colcon.colcon_core.package_identification:_identify(src/models/NUS_robo_file/materials/scripts) by extension 'ignore_ament_install'
[0.389s] Level 1:colcon.colcon_core.package_identification:_identify(src/models/NUS_robo_file/materials/scripts) by extensions ['colcon_pkg']
[0.389s] Level 1:colcon.colcon_core.package_identification:_identify(src/models/NUS_robo_file/materials/scripts) by extension 'colcon_pkg'
[0.389s] Level 1:colcon.colcon_core.package_identification:_identify(src/models/NUS_robo_file/materials/scripts) by extensions ['colcon_meta']
[0.389s] Level 1:colcon.colcon_core.package_identification:_identify(src/models/NUS_robo_file/materials/scripts) by extension 'colcon_meta'
[0.389s] Level 1:colcon.colcon_core.package_identification:_identify(src/models/NUS_robo_file/materials/scripts) by extensions ['ros']
[0.389s] Level 1:colcon.colcon_core.package_identification:_identify(src/models/NUS_robo_file/materials/scripts) by extension 'ros'
[0.389s] Level 1:colcon.colcon_core.package_identification:_identify(src/models/NUS_robo_file/materials/scripts) by extensions ['cmake', 'python']
[0.389s] Level 1:colcon.colcon_core.package_identification:_identify(src/models/NUS_robo_file/materials/scripts) by extension 'cmake'
[0.389s] Level 1:colcon.colcon_core.package_identification:_identify(src/models/NUS_robo_file/materials/scripts) by extension 'python'
[0.389s] Level 1:colcon.colcon_core.package_identification:_identify(src/models/NUS_robo_file/materials/scripts) by extensions ['python_setup_py']
[0.389s] Level 1:colcon.colcon_core.package_identification:_identify(src/models/NUS_robo_file/materials/scripts) by extension 'python_setup_py'
[0.389s] Level 1:colcon.colcon_core.package_identification:_identify(src/models/NUS_robo_file/materials/textures) by extensions ['ignore', 'ignore_ament_install']
[0.389s] Level 1:colcon.colcon_core.package_identification:_identify(src/models/NUS_robo_file/materials/textures) by extension 'ignore'
[0.390s] Level 1:colcon.colcon_core.package_identification:_identify(src/models/NUS_robo_file/materials/textures) by extension 'ignore_ament_install'
[0.390s] Level 1:colcon.colcon_core.package_identification:_identify(src/models/NUS_robo_file/materials/textures) by extensions ['colcon_pkg']
[0.390s] Level 1:colcon.colcon_core.package_identification:_identify(src/models/NUS_robo_file/materials/textures) by extension 'colcon_pkg'
[0.390s] Level 1:colcon.colcon_core.package_identification:_identify(src/models/NUS_robo_file/materials/textures) by extensions ['colcon_meta']
[0.390s] Level 1:colcon.colcon_core.package_identification:_identify(src/models/NUS_robo_file/materials/textures) by extension 'colcon_meta'
[0.390s] Level 1:colcon.colcon_core.package_identification:_identify(src/models/NUS_robo_file/materials/textures) by extensions ['ros']
[0.390s] Level 1:colcon.colcon_core.package_identification:_identify(src/models/NUS_robo_file/materials/textures) by extension 'ros'
[0.390s] Level 1:colcon.colcon_core.package_identification:_identify(src/models/NUS_robo_file/materials/textures) by extensions ['cmake', 'python']
[0.390s] Level 1:colcon.colcon_core.package_identification:_identify(src/models/NUS_robo_file/materials/textures) by extension 'cmake'
[0.390s] Level 1:colcon.colcon_core.package_identification:_identify(src/models/NUS_robo_file/materials/textures) by extension 'python'
[0.390s] Level 1:colcon.colcon_core.package_identification:_identify(src/models/NUS_robo_file/materials/textures) by extensions ['python_setup_py']
[0.390s] Level 1:colcon.colcon_core.package_identification:_identify(src/models/NUS_robo_file/materials/textures) by extension 'python_setup_py'
[0.390s] Level 1:colcon.colcon_core.package_identification:_identify(src/models/NUS_robo_file/meshes) by extensions ['ignore', 'ignore_ament_install']
[0.390s] Level 1:colcon.colcon_core.package_identification:_identify(src/models/NUS_robo_file/meshes) by extension 'ignore'
[0.390s] Level 1:colcon.colcon_core.package_identification:_identify(src/models/NUS_robo_file/meshes) by extension 'ignore_ament_install'
[0.390s] Level 1:colcon.colcon_core.package_identification:_identify(src/models/NUS_robo_file/meshes) by extensions ['colcon_pkg']
[0.390s] Level 1:colcon.colcon_core.package_identification:_identify(src/models/NUS_robo_file/meshes) by extension 'colcon_pkg'
[0.390s] Level 1:colcon.colcon_core.package_identification:_identify(src/models/NUS_robo_file/meshes) by extensions ['colcon_meta']
[0.390s] Level 1:colcon.colcon_core.package_identification:_identify(src/models/NUS_robo_file/meshes) by extension 'colcon_meta'
[0.390s] Level 1:colcon.colcon_core.package_identification:_identify(src/models/NUS_robo_file/meshes) by extensions ['ros']
[0.390s] Level 1:colcon.colcon_core.package_identification:_identify(src/models/NUS_robo_file/meshes) by extension 'ros'
[0.390s] Level 1:colcon.colcon_core.package_identification:_identify(src/models/NUS_robo_file/meshes) by extensions ['cmake', 'python']
[0.390s] Level 1:colcon.colcon_core.package_identification:_identify(src/models/NUS_robo_file/meshes) by extension 'cmake'
[0.390s] Level 1:colcon.colcon_core.package_identification:_identify(src/models/NUS_robo_file/meshes) by extension 'python'
[0.390s] Level 1:colcon.colcon_core.package_identification:_identify(src/models/NUS_robo_file/meshes) by extensions ['python_setup_py']
[0.390s] Level 1:colcon.colcon_core.package_identification:_identify(src/models/NUS_robo_file/meshes) by extension 'python_setup_py'
[0.390s] Level 1:colcon.colcon_core.package_identification:_identify(src/models/NUS_robo_file/thumbnails) by extensions ['ignore', 'ignore_ament_install']
[0.390s] Level 1:colcon.colcon_core.package_identification:_identify(src/models/NUS_robo_file/thumbnails) by extension 'ignore'
[0.390s] Level 1:colcon.colcon_core.package_identification:_identify(src/models/NUS_robo_file/thumbnails) by extension 'ignore_ament_install'
[0.390s] Level 1:colcon.colcon_core.package_identification:_identify(src/models/NUS_robo_file/thumbnails) by extensions ['colcon_pkg']
[0.390s] Level 1:colcon.colcon_core.package_identification:_identify(src/models/NUS_robo_file/thumbnails) by extension 'colcon_pkg'
[0.390s] Level 1:colcon.colcon_core.package_identification:_identify(src/models/NUS_robo_file/thumbnails) by extensions ['colcon_meta']
[0.390s] Level 1:colcon.colcon_core.package_identification:_identify(src/models/NUS_robo_file/thumbnails) by extension 'colcon_meta'
[0.390s] Level 1:colcon.colcon_core.package_identification:_identify(src/models/NUS_robo_file/thumbnails) by extensions ['ros']
[0.390s] Level 1:colcon.colcon_core.package_identification:_identify(src/models/NUS_robo_file/thumbnails) by extension 'ros'
[0.390s] Level 1:colcon.colcon_core.package_identification:_identify(src/models/NUS_robo_file/thumbnails) by extensions ['cmake', 'python']
[0.390s] Level 1:colcon.colcon_core.package_identification:_identify(src/models/NUS_robo_file/thumbnails) by extension 'cmake'
[0.390s] Level 1:colcon.colcon_core.package_identification:_identify(src/models/NUS_robo_file/thumbnails) by extension 'python'
[0.390s] Level 1:colcon.colcon_core.package_identification:_identify(src/models/NUS_robo_file/thumbnails) by extensions ['python_setup_py']
[0.390s] Level 1:colcon.colcon_core.package_identification:_identify(src/models/NUS_robo_file/thumbnails) by extension 'python_setup_py'
[0.390s] Level 1:colcon.colcon_core.package_identification:_identify(src/models/X1 Config 5) by extensions ['ignore', 'ignore_ament_install']
[0.390s] Level 1:colcon.colcon_core.package_identification:_identify(src/models/X1 Config 5) by extension 'ignore'
[0.390s] Level 1:colcon.colcon_core.package_identification:_identify(src/models/X1 Config 5) by extension 'ignore_ament_install'
[0.390s] Level 1:colcon.colcon_core.package_identification:_identify(src/models/X1 Config 5) by extensions ['colcon_pkg']
[0.390s] Level 1:colcon.colcon_core.package_identification:_identify(src/models/X1 Config 5) by extension 'colcon_pkg'
[0.390s] Level 1:colcon.colcon_core.package_identification:_identify(src/models/X1 Config 5) by extensions ['colcon_meta']
[0.390s] Level 1:colcon.colcon_core.package_identification:_identify(src/models/X1 Config 5) by extension 'colcon_meta'
[0.390s] Level 1:colcon.colcon_core.package_identification:_identify(src/models/X1 Config 5) by extensions ['ros']
[0.390s] Level 1:colcon.colcon_core.package_identification:_identify(src/models/X1 Config 5) by extension 'ros'
[0.390s] Level 1:colcon.colcon_core.package_identification:_identify(src/models/X1 Config 5) by extensions ['cmake', 'python']
[0.390s] Level 1:colcon.colcon_core.package_identification:_identify(src/models/X1 Config 5) by extension 'cmake'
[0.390s] Level 1:colcon.colcon_core.package_identification:_identify(src/models/X1 Config 5) by extension 'python'
[0.390s] Level 1:colcon.colcon_core.package_identification:_identify(src/models/X1 Config 5) by extensions ['python_setup_py']
[0.390s] Level 1:colcon.colcon_core.package_identification:_identify(src/models/X1 Config 5) by extension 'python_setup_py'
[0.390s] Level 1:colcon.colcon_core.package_identification:_identify(src/models/X1 Config 5/materials) by extensions ['ignore', 'ignore_ament_install']
[0.390s] Level 1:colcon.colcon_core.package_identification:_identify(src/models/X1 Config 5/materials) by extension 'ignore'
[0.390s] Level 1:colcon.colcon_core.package_identification:_identify(src/models/X1 Config 5/materials) by extension 'ignore_ament_install'
[0.390s] Level 1:colcon.colcon_core.package_identification:_identify(src/models/X1 Config 5/materials) by extensions ['colcon_pkg']
[0.390s] Level 1:colcon.colcon_core.package_identification:_identify(src/models/X1 Config 5/materials) by extension 'colcon_pkg'
[0.390s] Level 1:colcon.colcon_core.package_identification:_identify(src/models/X1 Config 5/materials) by extensions ['colcon_meta']
[0.390s] Level 1:colcon.colcon_core.package_identification:_identify(src/models/X1 Config 5/materials) by extension 'colcon_meta'
[0.390s] Level 1:colcon.colcon_core.package_identification:_identify(src/models/X1 Config 5/materials) by extensions ['ros']
[0.390s] Level 1:colcon.colcon_core.package_identification:_identify(src/models/X1 Config 5/materials) by extension 'ros'
[0.391s] Level 1:colcon.colcon_core.package_identification:_identify(src/models/X1 Config 5/materials) by extensions ['cmake', 'python']
[0.391s] Level 1:colcon.colcon_core.package_identification:_identify(src/models/X1 Config 5/materials) by extension 'cmake'
[0.391s] Level 1:colcon.colcon_core.package_identification:_identify(src/models/X1 Config 5/materials) by extension 'python'
[0.391s] Level 1:colcon.colcon_core.package_identification:_identify(src/models/X1 Config 5/materials) by extensions ['python_setup_py']
[0.391s] Level 1:colcon.colcon_core.package_identification:_identify(src/models/X1 Config 5/materials) by extension 'python_setup_py'
[0.391s] Level 1:colcon.colcon_core.package_identification:_identify(src/models/X1 Config 5/materials/textures) by extensions ['ignore', 'ignore_ament_install']
[0.391s] Level 1:colcon.colcon_core.package_identification:_identify(src/models/X1 Config 5/materials/textures) by extension 'ignore'
[0.391s] Level 1:colcon.colcon_core.package_identification:_identify(src/models/X1 Config 5/materials/textures) by extension 'ignore_ament_install'
[0.391s] Level 1:colcon.colcon_core.package_identification:_identify(src/models/X1 Config 5/materials/textures) by extensions ['colcon_pkg']
[0.391s] Level 1:colcon.colcon_core.package_identification:_identify(src/models/X1 Config 5/materials/textures) by extension 'colcon_pkg'
[0.391s] Level 1:colcon.colcon_core.package_identification:_identify(src/models/X1 Config 5/materials/textures) by extensions ['colcon_meta']
[0.391s] Level 1:colcon.colcon_core.package_identification:_identify(src/models/X1 Config 5/materials/textures) by extension 'colcon_meta'
[0.391s] Level 1:colcon.colcon_core.package_identification:_identify(src/models/X1 Config 5/materials/textures) by extensions ['ros']
[0.391s] Level 1:colcon.colcon_core.package_identification:_identify(src/models/X1 Config 5/materials/textures) by extension 'ros'
[0.391s] Level 1:colcon.colcon_core.package_identification:_identify(src/models/X1 Config 5/materials/textures) by extensions ['cmake', 'python']
[0.391s] Level 1:colcon.colcon_core.package_identification:_identify(src/models/X1 Config 5/materials/textures) by extension 'cmake'
[0.391s] Level 1:colcon.colcon_core.package_identification:_identify(src/models/X1 Config 5/materials/textures) by extension 'python'
[0.391s] Level 1:colcon.colcon_core.package_identification:_identify(src/models/X1 Config 5/materials/textures) by extensions ['python_setup_py']
[0.391s] Level 1:colcon.colcon_core.package_identification:_identify(src/models/X1 Config 5/materials/textures) by extension 'python_setup_py'
[0.391s] Level 1:colcon.colcon_core.package_identification:_identify(src/models/X1 Config 5/meshes) by extensions ['ignore', 'ignore_ament_install']
[0.391s] Level 1:colcon.colcon_core.package_identification:_identify(src/models/X1 Config 5/meshes) by extension 'ignore'
[0.391s] Level 1:colcon.colcon_core.package_identification:_identify(src/models/X1 Config 5/meshes) by extension 'ignore_ament_install'
[0.391s] Level 1:colcon.colcon_core.package_identification:_identify(src/models/X1 Config 5/meshes) by extensions ['colcon_pkg']
[0.391s] Level 1:colcon.colcon_core.package_identification:_identify(src/models/X1 Config 5/meshes) by extension 'colcon_pkg'
[0.391s] Level 1:colcon.colcon_core.package_identification:_identify(src/models/X1 Config 5/meshes) by extensions ['colcon_meta']
[0.391s] Level 1:colcon.colcon_core.package_identification:_identify(src/models/X1 Config 5/meshes) by extension 'colcon_meta'
[0.391s] Level 1:colcon.colcon_core.package_identification:_identify(src/models/X1 Config 5/meshes) by extensions ['ros']
[0.391s] Level 1:colcon.colcon_core.package_identification:_identify(src/models/X1 Config 5/meshes) by extension 'ros'
[0.391s] Level 1:colcon.colcon_core.package_identification:_identify(src/models/X1 Config 5/meshes) by extensions ['cmake', 'python']
[0.391s] Level 1:colcon.colcon_core.package_identification:_identify(src/models/X1 Config 5/meshes) by extension 'cmake'
[0.391s] Level 1:colcon.colcon_core.package_identification:_identify(src/models/X1 Config 5/meshes) by extension 'python'
[0.391s] Level 1:colcon.colcon_core.package_identification:_identify(src/models/X1 Config 5/meshes) by extensions ['python_setup_py']
[0.391s] Level 1:colcon.colcon_core.package_identification:_identify(src/models/X1 Config 5/meshes) by extension 'python_setup_py'
[0.391s] Level 1:colcon.colcon_core.package_identification:_identify(src/models/X1 Config 5/thumbnails) by extensions ['ignore', 'ignore_ament_install']
[0.391s] Level 1:colcon.colcon_core.package_identification:_identify(src/models/X1 Config 5/thumbnails) by extension 'ignore'
[0.391s] Level 1:colcon.colcon_core.package_identification:_identify(src/models/X1 Config 5/thumbnails) by extension 'ignore_ament_install'
[0.391s] Level 1:colcon.colcon_core.package_identification:_identify(src/models/X1 Config 5/thumbnails) by extensions ['colcon_pkg']
[0.391s] Level 1:colcon.colcon_core.package_identification:_identify(src/models/X1 Config 5/thumbnails) by extension 'colcon_pkg'
[0.391s] Level 1:colcon.colcon_core.package_identification:_identify(src/models/X1 Config 5/thumbnails) by extensions ['colcon_meta']
[0.391s] Level 1:colcon.colcon_core.package_identification:_identify(src/models/X1 Config 5/thumbnails) by extension 'colcon_meta'
[0.391s] Level 1:colcon.colcon_core.package_identification:_identify(src/models/X1 Config 5/thumbnails) by extensions ['ros']
[0.391s] Level 1:colcon.colcon_core.package_identification:_identify(src/models/X1 Config 5/thumbnails) by extension 'ros'
[0.391s] Level 1:colcon.colcon_core.package_identification:_identify(src/models/X1 Config 5/thumbnails) by extensions ['cmake', 'python']
[0.391s] Level 1:colcon.colcon_core.package_identification:_identify(src/models/X1 Config 5/thumbnails) by extension 'cmake'
[0.391s] Level 1:colcon.colcon_core.package_identification:_identify(src/models/X1 Config 5/thumbnails) by extension 'python'
[0.391s] Level 1:colcon.colcon_core.package_identification:_identify(src/models/X1 Config 5/thumbnails) by extensions ['python_setup_py']
[0.391s] Level 1:colcon.colcon_core.package_identification:_identify(src/models/X1 Config 5/thumbnails) by extension 'python_setup_py'
[0.391s] Level 1:colcon.colcon_core.package_identification:_identify(src/python_test) by extensions ['ignore', 'ignore_ament_install']
[0.391s] Level 1:colcon.colcon_core.package_identification:_identify(src/python_test) by extension 'ignore'
[0.391s] Level 1:colcon.colcon_core.package_identification:_identify(src/python_test) by extension 'ignore_ament_install'
[0.391s] Level 1:colcon.colcon_core.package_identification:_identify(src/python_test) by extensions ['colcon_pkg']
[0.391s] Level 1:colcon.colcon_core.package_identification:_identify(src/python_test) by extension 'colcon_pkg'
[0.391s] Level 1:colcon.colcon_core.package_identification:_identify(src/python_test) by extensions ['colcon_meta']
[0.391s] Level 1:colcon.colcon_core.package_identification:_identify(src/python_test) by extension 'colcon_meta'
[0.391s] Level 1:colcon.colcon_core.package_identification:_identify(src/python_test) by extensions ['ros']
[0.391s] Level 1:colcon.colcon_core.package_identification:_identify(src/python_test) by extension 'ros'
[0.393s] DEBUG:colcon.colcon_core.package_identification:Package 'src/python_test' with type 'ros.ament_python' and name 'python_test'
[0.393s] Level 1:colcon.colcon_core.package_identification:_identify(src/robo_RL) by extensions ['ignore', 'ignore_ament_install']
[0.393s] Level 1:colcon.colcon_core.package_identification:_identify(src/robo_RL) by extension 'ignore'
[0.393s] Level 1:colcon.colcon_core.package_identification:_identify(src/robo_RL) by extension 'ignore_ament_install'
[0.393s] Level 1:colcon.colcon_core.package_identification:_identify(src/robo_RL) by extensions ['colcon_pkg']
[0.393s] Level 1:colcon.colcon_core.package_identification:_identify(src/robo_RL) by extension 'colcon_pkg'
[0.393s] Level 1:colcon.colcon_core.package_identification:_identify(src/robo_RL) by extensions ['colcon_meta']
[0.393s] Level 1:colcon.colcon_core.package_identification:_identify(src/robo_RL) by extension 'colcon_meta'
[0.393s] Level 1:colcon.colcon_core.package_identification:_identify(src/robo_RL) by extensions ['ros']
[0.393s] Level 1:colcon.colcon_core.package_identification:_identify(src/robo_RL) by extension 'ros'
[0.393s] DEBUG:colcon.colcon_core.package_identification:Package 'src/robo_RL' with type 'ros.ament_python' and name 'robo_RL'
[0.393s] Level 1:colcon.colcon_core.package_identification:_identify(src/sdf) by extensions ['ignore', 'ignore_ament_install']
[0.393s] Level 1:colcon.colcon_core.package_identification:_identify(src/sdf) by extension 'ignore'
[0.393s] Level 1:colcon.colcon_core.package_identification:_identify(src/sdf) by extension 'ignore_ament_install'
[0.393s] Level 1:colcon.colcon_core.package_identification:_identify(src/sdf) by extensions ['colcon_pkg']
[0.393s] Level 1:colcon.colcon_core.package_identification:_identify(src/sdf) by extension 'colcon_pkg'
[0.393s] Level 1:colcon.colcon_core.package_identification:_identify(src/sdf) by extensions ['colcon_meta']
[0.393s] Level 1:colcon.colcon_core.package_identification:_identify(src/sdf) by extension 'colcon_meta'
[0.393s] Level 1:colcon.colcon_core.package_identification:_identify(src/sdf) by extensions ['ros']
[0.393s] Level 1:colcon.colcon_core.package_identification:_identify(src/sdf) by extension 'ros'
[0.393s] Level 1:colcon.colcon_core.package_identification:_identify(src/sdf) by extensions ['cmake', 'python']
[0.393s] Level 1:colcon.colcon_core.package_identification:_identify(src/sdf) by extension 'cmake'
[0.393s] Level 1:colcon.colcon_core.package_identification:_identify(src/sdf) by extension 'python'
[0.393s] Level 1:colcon.colcon_core.package_identification:_identify(src/sdf) by extensions ['python_setup_py']
[0.393s] Level 1:colcon.colcon_core.package_identification:_identify(src/sdf) by extension 'python_setup_py'
[0.393s] Level 1:colcon.colcon_core.package_identification:_identify(src/test) by extensions ['ignore', 'ignore_ament_install']
[0.393s] Level 1:colcon.colcon_core.package_identification:_identify(src/test) by extension 'ignore'
[0.394s] Level 1:colcon.colcon_core.package_identification:_identify(src/test) by extension 'ignore_ament_install'
[0.394s] Level 1:colcon.colcon_core.package_identification:_identify(src/test) by extensions ['colcon_pkg']
[0.394s] Level 1:colcon.colcon_core.package_identification:_identify(src/test) by extension 'colcon_pkg'
[0.394s] Level 1:colcon.colcon_core.package_identification:_identify(src/test) by extensions ['colcon_meta']
[0.394s] Level 1:colcon.colcon_core.package_identification:_identify(src/test) by extension 'colcon_meta'
[0.394s] Level 1:colcon.colcon_core.package_identification:_identify(src/test) by extensions ['ros']
[0.394s] Level 1:colcon.colcon_core.package_identification:_identify(src/test) by extension 'ros'
[0.394s] DEBUG:colcon.colcon_core.package_identification:Package 'src/test' with type 'ros.ament_cmake' and name 'test'
[0.394s] Level 1:colcon.colcon_core.package_discovery:discover_packages(recursive) using defaults
[0.394s] Level 1:colcon.colcon_core.package_discovery:discover_packages(ignore) discover
[0.394s] Level 1:colcon.colcon_core.package_discovery:discover_packages(ignore) using defaults
[0.394s] Level 1:colcon.colcon_core.package_discovery:discover_packages(path) discover
[0.394s] Level 1:colcon.colcon_core.package_discovery:discover_packages(path) using defaults
[0.429s] Level 1:colcon.colcon_core.package_discovery:discover_packages(prefix_path) check parameters
[0.429s] Level 1:colcon.colcon_core.package_discovery:discover_packages(prefix_path) discover
[0.439s] DEBUG:colcon.colcon_installed_package_information.package_discovery:Found 6 installed packages in /home/ubuntu/Documents/RoS/robo_ws/install
[0.445s] DEBUG:colcon.colcon_installed_package_information.package_discovery:Found 315 installed packages in /opt/ros/iron
[0.446s] Level 1:colcon.colcon_core.package_discovery:discover_packages(prefix_path) using defaults
[0.498s] Level 5:colcon.colcon_core.verb:set package 'python_test' build argument 'cmake_args' from command line to 'None'
[0.498s] Level 5:colcon.colcon_core.verb:set package 'python_test' build argument 'cmake_target' from command line to 'None'
[0.498s] Level 5:colcon.colcon_core.verb:set package 'python_test' build argument 'cmake_target_skip_unavailable' from command line to 'False'
[0.498s] Level 5:colcon.colcon_core.verb:set package 'python_test' build argument 'cmake_clean_cache' from command line to 'False'
[0.498s] Level 5:colcon.colcon_core.verb:set package 'python_test' build argument 'cmake_clean_first' from command line to 'False'
[0.498s] Level 5:colcon.colcon_core.verb:set package 'python_test' build argument 'cmake_force_configure' from command line to 'False'
[0.498s] Level 5:colcon.colcon_core.verb:set package 'python_test' build argument 'ament_cmake_args' from command line to 'None'
[0.498s] Level 5:colcon.colcon_core.verb:set package 'python_test' build argument 'catkin_cmake_args' from command line to 'None'
[0.498s] Level 5:colcon.colcon_core.verb:set package 'python_test' build argument 'catkin_skip_building_tests' from command line to 'False'
[0.498s] DEBUG:colcon.colcon_core.verb:Building package 'python_test' with the following arguments: {'ament_cmake_args': None, 'build_base': '/home/ubuntu/Documents/RoS/robo_ws/build/python_test', 'catkin_cmake_args': None, 'catkin_skip_building_tests': False, 'cmake_args': None, 'cmake_clean_cache': False, 'cmake_clean_first': False, 'cmake_force_configure': False, 'cmake_target': None, 'cmake_target_skip_unavailable': False, 'install_base': '/home/ubuntu/Documents/RoS/robo_ws/install/python_test', 'merge_install': False, 'path': '/home/ubuntu/Documents/RoS/robo_ws/src/python_test', 'symlink_install': False, 'test_result_base': None}
[0.504s] Level 5:colcon.colcon_core.verb:set package 'robo_RL' build argument 'cmake_args' from command line to 'None'
[0.504s] Level 5:colcon.colcon_core.verb:set package 'robo_RL' build argument 'cmake_target' from command line to 'None'
[0.504s] Level 5:colcon.colcon_core.verb:set package 'robo_RL' build argument 'cmake_target_skip_unavailable' from command line to 'False'
[0.504s] Level 5:colcon.colcon_core.verb:set package 'robo_RL' build argument 'cmake_clean_cache' from command line to 'False'
[0.504s] Level 5:colcon.colcon_core.verb:set package 'robo_RL' build argument 'cmake_clean_first' from command line to 'False'
[0.504s] Level 5:colcon.colcon_core.verb:set package 'robo_RL' build argument 'cmake_force_configure' from command line to 'False'
[0.504s] Level 5:colcon.colcon_core.verb:set package 'robo_RL' build argument 'ament_cmake_args' from command line to 'None'
[0.504s] Level 5:colcon.colcon_core.verb:set package 'robo_RL' build argument 'catkin_cmake_args' from command line to 'None'
[0.504s] Level 5:colcon.colcon_core.verb:set package 'robo_RL' build argument 'catkin_skip_building_tests' from command line to 'False'
[0.504s] DEBUG:colcon.colcon_core.verb:Building package 'robo_RL' with the following arguments: {'ament_cmake_args': None, 'build_base': '/home/ubuntu/Documents/RoS/robo_ws/build/robo_RL', 'catkin_cmake_args': None, 'catkin_skip_building_tests': False, 'cmake_args': None, 'cmake_clean_cache': False, 'cmake_clean_first': False, 'cmake_force_configure': False, 'cmake_target': None, 'cmake_target_skip_unavailable': False, 'install_base': '/home/ubuntu/Documents/RoS/robo_ws/install/robo_RL', 'merge_install': False, 'path': '/home/ubuntu/Documents/RoS/robo_ws/src/robo_RL', 'symlink_install': False, 'test_result_base': None}
[0.509s] Level 5:colcon.colcon_core.verb:set package 'test' build argument 'cmake_args' from command line to 'None'
[0.509s] Level 5:colcon.colcon_core.verb:set package 'test' build argument 'cmake_target' from command line to 'None'
[0.509s] Level 5:colcon.colcon_core.verb:set package 'test' build argument 'cmake_target_skip_unavailable' from command line to 'False'
[0.509s] Level 5:colcon.colcon_core.verb:set package 'test' build argument 'cmake_clean_cache' from command line to 'False'
[0.509s] Level 5:colcon.colcon_core.verb:set package 'test' build argument 'cmake_clean_first' from command line to 'False'
[0.509s] Level 5:colcon.colcon_core.verb:set package 'test' build argument 'cmake_force_configure' from command line to 'False'
[0.509s] Level 5:colcon.colcon_core.verb:set package 'test' build argument 'ament_cmake_args' from command line to 'None'
[0.509s] Level 5:colcon.colcon_core.verb:set package 'test' build argument 'catkin_cmake_args' from command line to 'None'
[0.509s] Level 5:colcon.colcon_core.verb:set package 'test' build argument 'catkin_skip_building_tests' from command line to 'False'
[0.509s] DEBUG:colcon.colcon_core.verb:Building package 'test' with the following arguments: {'ament_cmake_args': None, 'build_base': '/home/ubuntu/Documents/RoS/robo_ws/build/test', 'catkin_cmake_args': None, 'catkin_skip_building_tests': False, 'cmake_args': None, 'cmake_clean_cache': False, 'cmake_clean_first': False, 'cmake_force_configure': False, 'cmake_target': None, 'cmake_target_skip_unavailable': False, 'install_base': '/home/ubuntu/Documents/RoS/robo_ws/install/test', 'merge_install': False, 'path': '/home/ubuntu/Documents/RoS/robo_ws/src/test', 'symlink_install': False, 'test_result_base': None}
[0.514s] INFO:colcon.colcon_core.executor:Executing jobs using 'parallel' executor
[0.520s] DEBUG:colcon.colcon_parallel_executor.executor.parallel:run_until_complete
[0.520s] INFO:colcon.colcon_ros.task.ament_python.build:Building ROS package in '/home/ubuntu/Documents/RoS/robo_ws/src/python_test' with build type 'ament_python'
[0.520s] Level 1:colcon.colcon_core.shell:create_environment_hook('python_test', 'ament_prefix_path')
[0.525s] INFO:colcon.colcon_core.plugin_system:Skipping extension 'colcon_core.shell.bat': Not used on non-Windows systems
[0.525s] INFO:colcon.colcon_core.shell:Creating environment hook '/home/ubuntu/Documents/RoS/robo_ws/install/python_test/share/python_test/hook/ament_prefix_path.ps1'
[0.526s] INFO:colcon.colcon_core.shell:Creating environment descriptor '/home/ubuntu/Documents/RoS/robo_ws/install/python_test/share/python_test/hook/ament_prefix_path.dsv'
[0.526s] INFO:colcon.colcon_core.shell:Creating environment hook '/home/ubuntu/Documents/RoS/robo_ws/install/python_test/share/python_test/hook/ament_prefix_path.sh'
[0.531s] INFO:colcon.colcon_core.shell:Skip shell extension 'powershell' for command environment: Not usable outside of PowerShell
[0.531s] DEBUG:colcon.colcon_core.shell:Skip shell extension 'dsv' for command environment
[0.548s] INFO:colcon.colcon_ros.task.ament_python.build:Building ROS package in '/home/ubuntu/Documents/RoS/robo_ws/src/robo_RL' with build type 'ament_python'
[0.548s] Level 1:colcon.colcon_core.shell:create_environment_hook('robo_RL', 'ament_prefix_path')
[0.555s] INFO:colcon.colcon_core.shell:Creating environment hook '/home/ubuntu/Documents/RoS/robo_ws/install/robo_RL/share/robo_RL/hook/ament_prefix_path.ps1'
[0.555s] INFO:colcon.colcon_core.shell:Creating environment descriptor '/home/ubuntu/Documents/RoS/robo_ws/install/robo_RL/share/robo_RL/hook/ament_prefix_path.dsv'
[0.555s] INFO:colcon.colcon_core.shell:Creating environment hook '/home/ubuntu/Documents/RoS/robo_ws/install/robo_RL/share/robo_RL/hook/ament_prefix_path.sh'
[0.560s] INFO:colcon.colcon_core.shell:Skip shell extension 'powershell' for command environment: Not usable outside of PowerShell
[0.560s] DEBUG:colcon.colcon_core.shell:Skip shell extension 'dsv' for command environment
[0.578s] INFO:colcon.colcon_ros.task.ament_cmake.build:Building ROS package in '/home/ubuntu/Documents/RoS/robo_ws/src/test' with build type 'ament_cmake'
[0.578s] INFO:colcon.colcon_cmake.task.cmake.build:Building CMake package in '/home/ubuntu/Documents/RoS/robo_ws/src/test'
[0.584s] INFO:colcon.colcon_core.shell:Skip shell extension 'powershell' for command environment: Not usable outside of PowerShell
[0.584s] DEBUG:colcon.colcon_core.shell:Skip shell extension 'dsv' for command environment
[0.739s] INFO:colcon.colcon_core.task.python.build:Building Python package in '/home/ubuntu/Documents/RoS/robo_ws/src/python_test'
[0.744s] INFO:colcon.colcon_core.shell:Skip shell extension 'powershell' for command environment: Not usable outside of PowerShell
[0.744s] DEBUG:colcon.colcon_core.shell:Skip shell extension 'dsv' for command environment
[0.869s] INFO:colcon.colcon_core.task.python.build:Building Python package in '/home/ubuntu/Documents/RoS/robo_ws/src/robo_RL'
[0.874s] INFO:colcon.colcon_core.shell:Skip shell extension 'powershell' for command environment: Not usable outside of PowerShell
[0.874s] DEBUG:colcon.colcon_core.shell:Skip shell extension 'dsv' for command environment
[0.897s] DEBUG:colcon.colcon_core.event_handler.log_command:Invoking command in '/home/ubuntu/Documents/RoS/robo_ws/build/test': CMAKE_PREFIX_PATH=${CMAKE_PREFIX_PATH}:/home/ubuntu/Documents/RoS/robo_ws/install/robo_RL:/home/ubuntu/Documents/RoS/robo_ws/install/python_test:/opt/ros/iron /usr/bin/cmake --build /home/ubuntu/Documents/RoS/robo_ws/build/test -- -j8 -l8
[0.944s] DEBUG:colcon.colcon_core.event_handler.log_command:Invoked command in '/home/ubuntu/Documents/RoS/robo_ws/build/test' returned '0': CMAKE_PREFIX_PATH=${CMAKE_PREFIX_PATH}:/home/ubuntu/Documents/RoS/robo_ws/install/robo_RL:/home/ubuntu/Documents/RoS/robo_ws/install/python_test:/opt/ros/iron /usr/bin/cmake --build /home/ubuntu/Documents/RoS/robo_ws/build/test -- -j8 -l8
[0.960s] DEBUG:colcon.colcon_core.event_handler.log_command:Invoking command in '/home/ubuntu/Documents/RoS/robo_ws/build/test': CMAKE_PREFIX_PATH=${CMAKE_PREFIX_PATH}:/home/ubuntu/Documents/RoS/robo_ws/install/robo_RL:/home/ubuntu/Documents/RoS/robo_ws/install/python_test:/opt/ros/iron /usr/bin/cmake --install /home/ubuntu/Documents/RoS/robo_ws/build/test
[0.968s] Level 1:colcon.colcon_core.environment:create_environment_scripts_only(test)
[0.968s] DEBUG:colcon.colcon_core.event_handler.log_command:Invoked command in '/home/ubuntu/Documents/RoS/robo_ws/build/test' returned '0': CMAKE_PREFIX_PATH=${CMAKE_PREFIX_PATH}:/home/ubuntu/Documents/RoS/robo_ws/install/robo_RL:/home/ubuntu/Documents/RoS/robo_ws/install/python_test:/opt/ros/iron /usr/bin/cmake --install /home/ubuntu/Documents/RoS/robo_ws/build/test
[0.974s] Level 1:colcon.colcon_core.environment:checking '/home/ubuntu/Documents/RoS/robo_ws/install/test' for CMake module files
[0.975s] Level 1:colcon.colcon_core.environment:checking '/home/ubuntu/Documents/RoS/robo_ws/install/test' for CMake config files
[0.975s] Level 1:colcon.colcon_core.shell:create_environment_hook('test', 'cmake_prefix_path')
[0.980s] INFO:colcon.colcon_core.shell:Creating environment hook '/home/ubuntu/Documents/RoS/robo_ws/install/test/share/test/hook/cmake_prefix_path.ps1'
[0.981s] INFO:colcon.colcon_core.shell:Creating environment descriptor '/home/ubuntu/Documents/RoS/robo_ws/install/test/share/test/hook/cmake_prefix_path.dsv'
[0.981s] INFO:colcon.colcon_core.shell:Creating environment hook '/home/ubuntu/Documents/RoS/robo_ws/install/test/share/test/hook/cmake_prefix_path.sh'
[0.981s] Level 1:colcon.colcon_core.environment:checking '/home/ubuntu/Documents/RoS/robo_ws/install/test/lib'
[0.981s] Level 1:colcon.colcon_core.environment:checking '/home/ubuntu/Documents/RoS/robo_ws/install/test/bin'
[0.981s] Level 1:colcon.colcon_core.environment:checking '/home/ubuntu/Documents/RoS/robo_ws/install/test/lib/pkgconfig/test.pc'
[0.981s] Level 1:colcon.colcon_core.environment:checking '/home/ubuntu/Documents/RoS/robo_ws/install/test/lib/python3.10/site-packages'
[0.981s] Level 1:colcon.colcon_core.environment:checking '/home/ubuntu/Documents/RoS/robo_ws/install/test/bin'
[0.987s] INFO:colcon.colcon_core.shell:Creating package script '/home/ubuntu/Documents/RoS/robo_ws/install/test/share/test/package.ps1'
[0.987s] INFO:colcon.colcon_core.shell:Creating package descriptor '/home/ubuntu/Documents/RoS/robo_ws/install/test/share/test/package.dsv'
[0.987s] INFO:colcon.colcon_core.shell:Creating package script '/home/ubuntu/Documents/RoS/robo_ws/install/test/share/test/package.sh'
[0.987s] INFO:colcon.colcon_core.shell:Creating package script '/home/ubuntu/Documents/RoS/robo_ws/install/test/share/test/package.bash'
[0.988s] INFO:colcon.colcon_core.shell:Creating package script '/home/ubuntu/Documents/RoS/robo_ws/install/test/share/test/package.zsh'
[0.988s] Level 1:colcon.colcon_core.environment:create_file_with_runtime_dependencies(/home/ubuntu/Documents/RoS/robo_ws/install/test/share/colcon-core/packages/test)
[1.008s] Level 1:colcon.colcon_core.environment:create_environment_scripts_only(test)
[1.013s] Level 1:colcon.colcon_core.environment:checking '/home/ubuntu/Documents/RoS/robo_ws/install/test' for CMake module files
[1.013s] Level 1:colcon.colcon_core.environment:checking '/home/ubuntu/Documents/RoS/robo_ws/install/test' for CMake config files
[1.013s] Level 1:colcon.colcon_core.shell:create_environment_hook('test', 'cmake_prefix_path')
[1.019s] INFO:colcon.colcon_core.shell:Creating environment hook '/home/ubuntu/Documents/RoS/robo_ws/install/test/share/test/hook/cmake_prefix_path.ps1'
[1.020s] INFO:colcon.colcon_core.shell:Creating environment descriptor '/home/ubuntu/Documents/RoS/robo_ws/install/test/share/test/hook/cmake_prefix_path.dsv'
[1.020s] INFO:colcon.colcon_core.shell:Creating environment hook '/home/ubuntu/Documents/RoS/robo_ws/install/test/share/test/hook/cmake_prefix_path.sh'
[1.020s] Level 1:colcon.colcon_core.environment:checking '/home/ubuntu/Documents/RoS/robo_ws/install/test/lib'
[1.020s] Level 1:colcon.colcon_core.environment:checking '/home/ubuntu/Documents/RoS/robo_ws/install/test/bin'
[1.020s] Level 1:colcon.colcon_core.environment:checking '/home/ubuntu/Documents/RoS/robo_ws/install/test/lib/pkgconfig/test.pc'
[1.020s] Level 1:colcon.colcon_core.environment:checking '/home/ubuntu/Documents/RoS/robo_ws/install/test/lib/python3.10/site-packages'
[1.020s] Level 1:colcon.colcon_core.environment:checking '/home/ubuntu/Documents/RoS/robo_ws/install/test/bin'
[1.026s] INFO:colcon.colcon_core.shell:Creating package script '/home/ubuntu/Documents/RoS/robo_ws/install/test/share/test/package.ps1'
[1.026s] INFO:colcon.colcon_core.shell:Creating package descriptor '/home/ubuntu/Documents/RoS/robo_ws/install/test/share/test/package.dsv'
[1.026s] INFO:colcon.colcon_core.shell:Creating package script '/home/ubuntu/Documents/RoS/robo_ws/install/test/share/test/package.sh'
[1.026s] INFO:colcon.colcon_core.shell:Creating package script '/home/ubuntu/Documents/RoS/robo_ws/install/test/share/test/package.bash'
[1.026s] INFO:colcon.colcon_core.shell:Creating package script '/home/ubuntu/Documents/RoS/robo_ws/install/test/share/test/package.zsh'
[1.026s] Level 1:colcon.colcon_core.environment:create_file_with_runtime_dependencies(/home/ubuntu/Documents/RoS/robo_ws/install/test/share/colcon-core/packages/test)
[1.039s] DEBUG:colcon.colcon_core.event_handler.log_command:Invoking command in '/home/ubuntu/Documents/RoS/robo_ws/src/robo_RL': PYTHONPATH=/home/ubuntu/Documents/RoS/robo_ws/build/robo_RL/prefix_override:/home/ubuntu/Documents/RoS/robo_ws/install/robo_RL/lib/python3.10/site-packages:${PYTHONPATH} /usr/bin/python3 setup.py egg_info --egg-base ../../build/robo_RL build --build-base /home/ubuntu/Documents/RoS/robo_ws/build/robo_RL/build install --record /home/ubuntu/Documents/RoS/robo_ws/build/robo_RL/install.log --single-version-externally-managed
[1.081s] DEBUG:colcon.colcon_core.event_handler.log_command:Invoking command in '/home/ubuntu/Documents/RoS/robo_ws/src/python_test': PYTHONPATH=/home/ubuntu/Documents/RoS/robo_ws/build/python_test/prefix_override:/home/ubuntu/Documents/RoS/robo_ws/install/python_test/lib/python3.10/site-packages:${PYTHONPATH} /usr/bin/python3 setup.py egg_info --egg-base ../../build/python_test build --build-base /home/ubuntu/Documents/RoS/robo_ws/build/python_test/build install --record /home/ubuntu/Documents/RoS/robo_ws/build/python_test/install.log --single-version-externally-managed
[1.162s] DEBUG:colcon.colcon_core.event_handler.log_command:Invoked command in '/home/ubuntu/Documents/RoS/robo_ws/src/robo_RL' returned '0': PYTHONPATH=/home/ubuntu/Documents/RoS/robo_ws/build/robo_RL/prefix_override:/home/ubuntu/Documents/RoS/robo_ws/install/robo_RL/lib/python3.10/site-packages:${PYTHONPATH} /usr/bin/python3 setup.py egg_info --egg-base ../../build/robo_RL build --build-base /home/ubuntu/Documents/RoS/robo_ws/build/robo_RL/build install --record /home/ubuntu/Documents/RoS/robo_ws/build/robo_RL/install.log --single-version-externally-managed
[1.168s] Level 1:colcon.colcon_core.environment:checking '/home/ubuntu/Documents/RoS/robo_ws/install/robo_RL' for CMake module files
[1.168s] Level 1:colcon.colcon_core.environment:checking '/home/ubuntu/Documents/RoS/robo_ws/install/robo_RL' for CMake config files
[1.168s] Level 1:colcon.colcon_core.environment:checking '/home/ubuntu/Documents/RoS/robo_ws/install/robo_RL/lib'
[1.168s] Level 1:colcon.colcon_core.environment:checking '/home/ubuntu/Documents/RoS/robo_ws/install/robo_RL/bin'
[1.168s] Level 1:colcon.colcon_core.environment:checking '/home/ubuntu/Documents/RoS/robo_ws/install/robo_RL/lib/pkgconfig/robo_RL.pc'
[1.169s] Level 1:colcon.colcon_core.environment:checking '/home/ubuntu/Documents/RoS/robo_ws/install/robo_RL/lib/python3.10/site-packages'
[1.169s] Level 1:colcon.colcon_core.shell:create_environment_hook('robo_RL', 'pythonpath')
[1.174s] INFO:colcon.colcon_core.shell:Creating environment hook '/home/ubuntu/Documents/RoS/robo_ws/install/robo_RL/share/robo_RL/hook/pythonpath.ps1'
[1.174s] INFO:colcon.colcon_core.shell:Creating environment descriptor '/home/ubuntu/Documents/RoS/robo_ws/install/robo_RL/share/robo_RL/hook/pythonpath.dsv'
[1.174s] INFO:colcon.colcon_core.shell:Creating environment hook '/home/ubuntu/Documents/RoS/robo_ws/install/robo_RL/share/robo_RL/hook/pythonpath.sh'
[1.174s] Level 1:colcon.colcon_core.environment:checking '/home/ubuntu/Documents/RoS/robo_ws/install/robo_RL/bin'
[1.174s] Level 1:colcon.colcon_core.environment:create_environment_scripts_only(robo_RL)
[1.180s] INFO:colcon.colcon_core.shell:Creating package script '/home/ubuntu/Documents/RoS/robo_ws/install/robo_RL/share/robo_RL/package.ps1'
[1.180s] INFO:colcon.colcon_core.shell:Creating package descriptor '/home/ubuntu/Documents/RoS/robo_ws/install/robo_RL/share/robo_RL/package.dsv'
[1.180s] INFO:colcon.colcon_core.shell:Creating package script '/home/ubuntu/Documents/RoS/robo_ws/install/robo_RL/share/robo_RL/package.sh'
[1.180s] INFO:colcon.colcon_core.shell:Creating package script '/home/ubuntu/Documents/RoS/robo_ws/install/robo_RL/share/robo_RL/package.bash'
[1.180s] INFO:colcon.colcon_core.shell:Creating package script '/home/ubuntu/Documents/RoS/robo_ws/install/robo_RL/share/robo_RL/package.zsh'
[1.180s] Level 1:colcon.colcon_core.environment:create_file_with_runtime_dependencies(/home/ubuntu/Documents/RoS/robo_ws/install/robo_RL/share/colcon-core/packages/robo_RL)
[1.236s] DEBUG:colcon.colcon_core.event_handler.log_command:Invoked command in '/home/ubuntu/Documents/RoS/robo_ws/src/python_test' returned '0': PYTHONPATH=/home/ubuntu/Documents/RoS/robo_ws/build/python_test/prefix_override:/home/ubuntu/Documents/RoS/robo_ws/install/python_test/lib/python3.10/site-packages:${PYTHONPATH} /usr/bin/python3 setup.py egg_info --egg-base ../../build/python_test build --build-base /home/ubuntu/Documents/RoS/robo_ws/build/python_test/build install --record /home/ubuntu/Documents/RoS/robo_ws/build/python_test/install.log --single-version-externally-managed
[1.241s] Level 1:colcon.colcon_core.environment:checking '/home/ubuntu/Documents/RoS/robo_ws/install/python_test' for CMake module files
[1.241s] Level 1:colcon.colcon_core.environment:checking '/home/ubuntu/Documents/RoS/robo_ws/install/python_test' for CMake config files
[1.242s] Level 1:colcon.colcon_core.environment:checking '/home/ubuntu/Documents/RoS/robo_ws/install/python_test/lib'
[1.242s] Level 1:colcon.colcon_core.environment:checking '/home/ubuntu/Documents/RoS/robo_ws/install/python_test/bin'
[1.242s] Level 1:colcon.colcon_core.environment:checking '/home/ubuntu/Documents/RoS/robo_ws/install/python_test/lib/pkgconfig/python_test.pc'
[1.242s] Level 1:colcon.colcon_core.environment:checking '/home/ubuntu/Documents/RoS/robo_ws/install/python_test/lib/python3.10/site-packages'
[1.242s] Level 1:colcon.colcon_core.shell:create_environment_hook('python_test', 'pythonpath')
[1.247s] INFO:colcon.colcon_core.shell:Creating environment hook '/home/ubuntu/Documents/RoS/robo_ws/install/python_test/share/python_test/hook/pythonpath.ps1'
[1.247s] INFO:colcon.colcon_core.shell:Creating environment descriptor '/home/ubuntu/Documents/RoS/robo_ws/install/python_test/share/python_test/hook/pythonpath.dsv'
[1.247s] INFO:colcon.colcon_core.shell:Creating environment hook '/home/ubuntu/Documents/RoS/robo_ws/install/python_test/share/python_test/hook/pythonpath.sh'
[1.248s] Level 1:colcon.colcon_core.environment:checking '/home/ubuntu/Documents/RoS/robo_ws/install/python_test/bin'
[1.248s] Level 1:colcon.colcon_core.environment:create_environment_scripts_only(python_test)
[1.253s] INFO:colcon.colcon_core.shell:Creating package script '/home/ubuntu/Documents/RoS/robo_ws/install/python_test/share/python_test/package.ps1'
[1.253s] INFO:colcon.colcon_core.shell:Creating package descriptor '/home/ubuntu/Documents/RoS/robo_ws/install/python_test/share/python_test/package.dsv'
[1.253s] INFO:colcon.colcon_core.shell:Creating package script '/home/ubuntu/Documents/RoS/robo_ws/install/python_test/share/python_test/package.sh'
[1.253s] INFO:colcon.colcon_core.shell:Creating package script '/home/ubuntu/Documents/RoS/robo_ws/install/python_test/share/python_test/package.bash'
[1.253s] INFO:colcon.colcon_core.shell:Creating package script '/home/ubuntu/Documents/RoS/robo_ws/install/python_test/share/python_test/package.zsh'
[1.253s] Level 1:colcon.colcon_core.environment:create_file_with_runtime_dependencies(/home/ubuntu/Documents/RoS/robo_ws/install/python_test/share/colcon-core/packages/python_test)
[1.254s] DEBUG:colcon.colcon_parallel_executor.executor.parallel:closing loop
[1.257s] DEBUG:colcon.colcon_parallel_executor.executor.parallel:loop closed
[1.257s] DEBUG:colcon.colcon_parallel_executor.executor.parallel:run_until_complete finished with '0'
[1.257s] DEBUG:colcon.colcon_core.event_reactor:joining thread
[1.265s] INFO:colcon.colcon_core.plugin_system:Skipping extension 'colcon_notification.desktop_notification.terminal_notifier': Not used on non-Darwin systems
[1.265s] INFO:colcon.colcon_core.plugin_system:Skipping extension 'colcon_notification.desktop_notification.win32': Not used on non-Windows systems
[1.265s] INFO:colcon.colcon_notification.desktop_notification:Sending desktop notification using 'notify2'
[1.272s] DEBUG:colcon.colcon_core.event_reactor:joined thread
[1.278s] INFO:colcon.colcon_core.shell:Creating prefix script '/home/ubuntu/Documents/RoS/robo_ws/install/local_setup.ps1'
[1.278s] INFO:colcon.colcon_core.shell:Creating prefix util module '/home/ubuntu/Documents/RoS/robo_ws/install/_local_setup_util_ps1.py'
[1.279s] INFO:colcon.colcon_core.shell:Creating prefix chain script '/home/ubuntu/Documents/RoS/robo_ws/install/setup.ps1'
[1.284s] INFO:colcon.colcon_core.shell:Creating prefix script '/home/ubuntu/Documents/RoS/robo_ws/install/local_setup.sh'
[1.285s] INFO:colcon.colcon_core.shell:Creating prefix util module '/home/ubuntu/Documents/RoS/robo_ws/install/_local_setup_util_sh.py'
[1.285s] INFO:colcon.colcon_core.shell:Creating prefix chain script '/home/ubuntu/Documents/RoS/robo_ws/install/setup.sh'
[1.290s] INFO:colcon.colcon_core.shell:Creating prefix script '/home/ubuntu/Documents/RoS/robo_ws/install/local_setup.bash'
[1.290s] INFO:colcon.colcon_core.shell:Creating prefix chain script '/home/ubuntu/Documents/RoS/robo_ws/install/setup.bash'
[1.296s] INFO:colcon.colcon_core.shell:Creating prefix script '/home/ubuntu/Documents/RoS/robo_ws/install/local_setup.zsh'
[1.296s] INFO:colcon.colcon_core.shell:Creating prefix chain script '/home/ubuntu/Documents/RoS/robo_ws/install/setup.zsh'
