[0.027s] Invoking command in '/home/ubuntu/Documents/RoS/robo_ws/build/urdf_example': CMAKE_PREFIX_PATH=${CMAKE_PREFIX_PATH}:/opt/ros/iron /usr/bin/cmake --build /home/ubuntu/Documents/RoS/robo_ws/build/urdf_example -- -j8 -l8
[0.052s] Invoked command in '/home/ubuntu/Documents/RoS/robo_ws/build/urdf_example' returned '0': CMAKE_PREFIX_PATH=${CMAKE_PREFIX_PATH}:/opt/ros/iron /usr/bin/cmake --build /home/ubuntu/Documents/RoS/robo_ws/build/urdf_example -- -j8 -l8
[0.067s] Invoking command in '/home/ubuntu/Documents/RoS/robo_ws/build/urdf_example': CMAKE_PREFIX_PATH=${CMAKE_PREFIX_PATH}:/opt/ros/iron /usr/bin/cmake --install /home/ubuntu/Documents/RoS/robo_ws/build/urdf_example
[0.074s] -- Install configuration: ""
[0.074s] -- Execute custom install script
[0.075s] -- Up-to-date symlink: /home/ubuntu/Documents/RoS/robo_ws/install/urdf_example/share/urdf_example/description/example_gazebo.xacro
[0.075s] -- Up-to-date symlink: /home/ubuntu/Documents/RoS/robo_ws/install/urdf_example/share/urdf_example/description/example_include.xacro
[0.076s] -- Up-to-date symlink: /home/ubuntu/Documents/RoS/robo_ws/install/urdf_example/share/urdf_example/description/example_robot.urdf.xacro
[0.076s] -- Up-to-date symlink: /home/ubuntu/Documents/RoS/robo_ws/install/urdf_example/share/urdf_example/launch/robot_state_publisher.launch.py
[0.076s] -- Up-to-date symlink: /home/ubuntu/Documents/RoS/robo_ws/install/urdf_example/share/urdf_example/launch/rsp.launch.py
[0.076s] -- Up-to-date symlink: /home/ubuntu/Documents/RoS/robo_ws/install/urdf_example/share/urdf_example/launch/rsp_sim.launch.py
[0.077s] -- Up-to-date symlink: /home/ubuntu/Documents/RoS/robo_ws/install/urdf_example/share/urdf_example/worlds/test_world.world
[0.077s] -- Up-to-date symlink: /home/ubuntu/Documents/RoS/robo_ws/install/urdf_example/share/ament_index/resource_index/package_run_dependencies/urdf_example
[0.077s] -- Up-to-date symlink: /home/ubuntu/Documents/RoS/robo_ws/install/urdf_example/share/ament_index/resource_index/parent_prefix_path/urdf_example
[0.077s] -- Up-to-date symlink: /home/ubuntu/Documents/RoS/robo_ws/install/urdf_example/share/urdf_example/environment/ament_prefix_path.sh
[0.077s] -- Up-to-date symlink: /home/ubuntu/Documents/RoS/robo_ws/install/urdf_example/share/urdf_example/environment/ament_prefix_path.dsv
[0.077s] -- Up-to-date symlink: /home/ubuntu/Documents/RoS/robo_ws/install/urdf_example/share/urdf_example/environment/path.sh
[0.078s] -- Up-to-date symlink: /home/ubuntu/Documents/RoS/robo_ws/install/urdf_example/share/urdf_example/environment/path.dsv
[0.078s] -- Up-to-date symlink: /home/ubuntu/Documents/RoS/robo_ws/install/urdf_example/share/urdf_example/local_setup.bash
[0.078s] -- Up-to-date symlink: /home/ubuntu/Documents/RoS/robo_ws/install/urdf_example/share/urdf_example/local_setup.sh
[0.078s] -- Up-to-date symlink: /home/ubuntu/Documents/RoS/robo_ws/install/urdf_example/share/urdf_example/local_setup.zsh
[0.078s] -- Up-to-date symlink: /home/ubuntu/Documents/RoS/robo_ws/install/urdf_example/share/urdf_example/local_setup.dsv
[0.078s] -- Symlinking: /home/ubuntu/Documents/RoS/robo_ws/install/urdf_example/share/urdf_example/package.dsv
[0.087s] -- Up-to-date symlink: /home/ubuntu/Documents/RoS/robo_ws/install/urdf_example/share/ament_index/resource_index/packages/urdf_example
[0.087s] -- Up-to-date symlink: /home/ubuntu/Documents/RoS/robo_ws/install/urdf_example/share/urdf_example/cmake/urdf_exampleConfig.cmake
[0.087s] -- Up-to-date symlink: /home/ubuntu/Documents/RoS/robo_ws/install/urdf_example/share/urdf_example/cmake/urdf_exampleConfig-version.cmake
[0.087s] -- Up-to-date symlink: /home/ubuntu/Documents/RoS/robo_ws/install/urdf_example/share/urdf_example/package.xml
[0.088s] Invoked command in '/home/ubuntu/Documents/RoS/robo_ws/build/urdf_example' returned '0': CMAKE_PREFIX_PATH=${CMAKE_PREFIX_PATH}:/opt/ros/iron /usr/bin/cmake --install /home/ubuntu/Documents/RoS/robo_ws/build/urdf_example
