[0.026s] Invoking command in '/home/ubuntu/Documents/RoS/robo_ws/build/my_package': CMAKE_PREFIX_PATH=${CMAKE_PREFIX_PATH}:/opt/ros/iron /usr/bin/cmake /home/ubuntu/Documents/RoS/robo_ws/src/my_package -DCMAKE_INSTALL_PREFIX=/home/ubuntu/Documents/RoS/robo_ws/install/my_package
[0.032s] -- Found ament_cmake: 2.0.3 (/opt/ros/iron/share/ament_cmake/cmake)
[0.092s] -- Override CMake install command with custom implementation using symlinks instead of copying resources
[0.095s] -- Found ament_lint_auto: 0.14.2 (/opt/ros/iron/share/ament_lint_auto/cmake)
[0.127s] -- Added test 'copyright' to check source files copyright and LICENSE
[0.128s] -- Added test 'flake8' to check Python code syntax and style conventions
[0.128s] -- Configured 'flake8' exclude dirs and/or files: 
[0.128s] -- Added test 'lint_cmake' to check CMake code style
[0.128s] -- Added test 'pep257' to check Python code against some of the docstring style conventions in PEP 257
[0.128s] -- Added test 'xmllint' to check XML markup files
[0.129s] -- Configuring done
[0.130s] -- Generating done
[0.130s] -- Build files have been written to: /home/ubuntu/Documents/RoS/robo_ws/build/my_package
[0.131s] Invoked command in '/home/ubuntu/Documents/RoS/robo_ws/build/my_package' returned '0': CMAKE_PREFIX_PATH=${CMAKE_PREFIX_PATH}:/opt/ros/iron /usr/bin/cmake /home/ubuntu/Documents/RoS/robo_ws/src/my_package -DCMAKE_INSTALL_PREFIX=/home/ubuntu/Documents/RoS/robo_ws/install/my_package
[0.132s] Invoking command in '/home/ubuntu/Documents/RoS/robo_ws/build/my_package': CMAKE_PREFIX_PATH=${CMAKE_PREFIX_PATH}:/opt/ros/iron /usr/bin/cmake --build /home/ubuntu/Documents/RoS/robo_ws/build/my_package -- -j8 -l8
[0.147s] Invoked command in '/home/ubuntu/Documents/RoS/robo_ws/build/my_package' returned '0': CMAKE_PREFIX_PATH=${CMAKE_PREFIX_PATH}:/opt/ros/iron /usr/bin/cmake --build /home/ubuntu/Documents/RoS/robo_ws/build/my_package -- -j8 -l8
[0.163s] Invoking command in '/home/ubuntu/Documents/RoS/robo_ws/build/my_package': CMAKE_PREFIX_PATH=${CMAKE_PREFIX_PATH}:/opt/ros/iron /usr/bin/cmake --install /home/ubuntu/Documents/RoS/robo_ws/build/my_package
[0.165s] -- Install configuration: ""
[0.166s] -- Execute custom install script
[0.166s] -- Up-to-date symlink: /home/ubuntu/Documents/RoS/robo_ws/install/my_package/share/my_package/description/example_gazebo.xacro
[0.166s] -- Up-to-date symlink: /home/ubuntu/Documents/RoS/robo_ws/install/my_package/share/my_package/description/example_include.xacro
[0.166s] -- Up-to-date symlink: /home/ubuntu/Documents/RoS/robo_ws/install/my_package/share/my_package/description/example_robot.urdf.xacro
[0.166s] -- Up-to-date symlink: /home/ubuntu/Documents/RoS/robo_ws/install/my_package/share/my_package/launch/robot_state_publisher.launch.py
[0.166s] -- Up-to-date symlink: /home/ubuntu/Documents/RoS/robo_ws/install/my_package/share/my_package/launch/rsp.launch.py
[0.166s] -- Up-to-date symlink: /home/ubuntu/Documents/RoS/robo_ws/install/my_package/share/my_package/launch/rsp_sim.launch.py
[0.166s] -- Up-to-date symlink: /home/ubuntu/Documents/RoS/robo_ws/install/my_package/share/my_package/worlds/test_world.world
[0.167s] -- Up-to-date symlink: /home/ubuntu/Documents/RoS/robo_ws/install/my_package/share/ament_index/resource_index/package_run_dependencies/my_package
[0.167s] -- Up-to-date symlink: /home/ubuntu/Documents/RoS/robo_ws/install/my_package/share/ament_index/resource_index/parent_prefix_path/my_package
[0.167s] -- Up-to-date symlink: /home/ubuntu/Documents/RoS/robo_ws/install/my_package/share/my_package/environment/ament_prefix_path.sh
[0.167s] -- Up-to-date symlink: /home/ubuntu/Documents/RoS/robo_ws/install/my_package/share/my_package/environment/ament_prefix_path.dsv
[0.167s] -- Up-to-date symlink: /home/ubuntu/Documents/RoS/robo_ws/install/my_package/share/my_package/environment/path.sh
[0.167s] -- Up-to-date symlink: /home/ubuntu/Documents/RoS/robo_ws/install/my_package/share/my_package/environment/path.dsv
[0.167s] -- Up-to-date symlink: /home/ubuntu/Documents/RoS/robo_ws/install/my_package/share/my_package/local_setup.bash
[0.167s] -- Up-to-date symlink: /home/ubuntu/Documents/RoS/robo_ws/install/my_package/share/my_package/local_setup.sh
[0.167s] -- Up-to-date symlink: /home/ubuntu/Documents/RoS/robo_ws/install/my_package/share/my_package/local_setup.zsh
[0.167s] -- Up-to-date symlink: /home/ubuntu/Documents/RoS/robo_ws/install/my_package/share/my_package/local_setup.dsv
[0.167s] -- Symlinking: /home/ubuntu/Documents/RoS/robo_ws/install/my_package/share/my_package/package.dsv
[0.170s] -- Up-to-date symlink: /home/ubuntu/Documents/RoS/robo_ws/install/my_package/share/ament_index/resource_index/packages/my_package
[0.171s] -- Up-to-date symlink: /home/ubuntu/Documents/RoS/robo_ws/install/my_package/share/my_package/cmake/my_packageConfig.cmake
[0.171s] -- Up-to-date symlink: /home/ubuntu/Documents/RoS/robo_ws/install/my_package/share/my_package/cmake/my_packageConfig-version.cmake
[0.171s] -- Up-to-date symlink: /home/ubuntu/Documents/RoS/robo_ws/install/my_package/share/my_package/package.xml
[0.172s] Invoked command in '/home/ubuntu/Documents/RoS/robo_ws/build/my_package' returned '0': CMAKE_PREFIX_PATH=${CMAKE_PREFIX_PATH}:/opt/ros/iron /usr/bin/cmake --install /home/ubuntu/Documents/RoS/robo_ws/build/my_package
