-- Found ament_cmake: 2.0.3 (/opt/ros/iron/share/ament_cmake/cmake)
-- Override CMake install command with custom implementation using symlinks instead of copying resources
-- Found ament_lint_auto: 0.14.2 (/opt/ros/iron/share/ament_lint_auto/cmake)
-- Added test 'lint_cmake' to check CMake code style
-- Added test 'xmllint' to check XML markup files
-- Configuring done
-- Generating done
-- Build files have been written to: /home/ubuntu/Documents/RoS/robo_ws/build/basic_navigation
-- Install configuration: ""
-- Execute custom install script
-- Up-to-date symlink: /home/ubuntu/Documents/RoS/robo_ws/install/basic_navigation/share/ament_index/resource_index/package_run_dependencies/basic_navigation
-- Up-to-date symlink: /home/ubuntu/Documents/RoS/robo_ws/install/basic_navigation/share/ament_index/resource_index/parent_prefix_path/basic_navigation
-- Up-to-date symlink: /home/ubuntu/Documents/RoS/robo_ws/install/basic_navigation/share/basic_navigation/environment/ament_prefix_path.sh
-- Up-to-date symlink: /home/ubuntu/Documents/RoS/robo_ws/install/basic_navigation/share/basic_navigation/environment/ament_prefix_path.dsv
-- Up-to-date symlink: /home/ubuntu/Documents/RoS/robo_ws/install/basic_navigation/share/basic_navigation/environment/path.sh
-- Up-to-date symlink: /home/ubuntu/Documents/RoS/robo_ws/install/basic_navigation/share/basic_navigation/environment/path.dsv
-- Up-to-date symlink: /home/ubuntu/Documents/RoS/robo_ws/install/basic_navigation/share/basic_navigation/local_setup.bash
-- Up-to-date symlink: /home/ubuntu/Documents/RoS/robo_ws/install/basic_navigation/share/basic_navigation/local_setup.sh
-- Up-to-date symlink: /home/ubuntu/Documents/RoS/robo_ws/install/basic_navigation/share/basic_navigation/local_setup.zsh
-- Up-to-date symlink: /home/ubuntu/Documents/RoS/robo_ws/install/basic_navigation/share/basic_navigation/local_setup.dsv
-- Symlinking: /home/ubuntu/Documents/RoS/robo_ws/install/basic_navigation/share/basic_navigation/package.dsv
-- Up-to-date symlink: /home/ubuntu/Documents/RoS/robo_ws/install/basic_navigation/share/ament_index/resource_index/packages/basic_navigation
-- Up-to-date symlink: /home/ubuntu/Documents/RoS/robo_ws/install/basic_navigation/share/basic_navigation/cmake/basic_navigationConfig.cmake
-- Up-to-date symlink: /home/ubuntu/Documents/RoS/robo_ws/install/basic_navigation/share/basic_navigation/cmake/basic_navigationConfig-version.cmake
-- Up-to-date symlink: /home/ubuntu/Documents/RoS/robo_ws/install/basic_navigation/share/basic_navigation/package.xml
