[0.037s] Invoking command in '/home/ubuntu/Documents/RoS/robo_ws/build/basic_navigation': CMAKE_PREFIX_PATH=/opt/ros/iron /usr/bin/cmake /home/ubuntu/Documents/RoS/robo_ws/src/basic_navigation -DCMAKE_INSTALL_PREFIX=/home/ubuntu/Documents/RoS/robo_ws/install/basic_navigation
[0.054s] -- Found ament_cmake: 2.0.3 (/opt/ros/iron/share/ament_cmake/cmake)
[0.124s] -- Override CMake install command with custom implementation using symlinks instead of copying resources
[0.128s] -- Found ament_lint_auto: 0.14.2 (/opt/ros/iron/share/ament_lint_auto/cmake)
[0.162s] -- Added test 'lint_cmake' to check CMake code style
[0.162s] -- Added test 'xmllint' to check XML markup files
[0.163s] -- Configuring done
[0.164s] -- Generating done
[0.165s] -- Build files have been written to: /home/ubuntu/Documents/RoS/robo_ws/build/basic_navigation
[0.166s] Invoked command in '/home/ubuntu/Documents/RoS/robo_ws/build/basic_navigation' returned '0': CMAKE_PREFIX_PATH=/opt/ros/iron /usr/bin/cmake /home/ubuntu/Documents/RoS/robo_ws/src/basic_navigation -DCMAKE_INSTALL_PREFIX=/home/ubuntu/Documents/RoS/robo_ws/install/basic_navigation
[0.167s] Invoking command in '/home/ubuntu/Documents/RoS/robo_ws/build/basic_navigation': CMAKE_PREFIX_PATH=/opt/ros/iron /usr/bin/cmake --build /home/ubuntu/Documents/RoS/robo_ws/build/basic_navigation -- -j8 -l8
[0.182s] Invoked command in '/home/ubuntu/Documents/RoS/robo_ws/build/basic_navigation' returned '0': CMAKE_PREFIX_PATH=/opt/ros/iron /usr/bin/cmake --build /home/ubuntu/Documents/RoS/robo_ws/build/basic_navigation -- -j8 -l8
[0.199s] Invoking command in '/home/ubuntu/Documents/RoS/robo_ws/build/basic_navigation': CMAKE_PREFIX_PATH=/opt/ros/iron /usr/bin/cmake --install /home/ubuntu/Documents/RoS/robo_ws/build/basic_navigation
[0.204s] -- Install configuration: ""
[0.205s] -- Execute custom install script
[0.205s] -- Up-to-date symlink: /home/ubuntu/Documents/RoS/robo_ws/install/basic_navigation/share/ament_index/resource_index/package_run_dependencies/basic_navigation
[0.205s] -- Up-to-date symlink: /home/ubuntu/Documents/RoS/robo_ws/install/basic_navigation/share/ament_index/resource_index/parent_prefix_path/basic_navigation
[0.205s] -- Up-to-date symlink: /home/ubuntu/Documents/RoS/robo_ws/install/basic_navigation/share/basic_navigation/environment/ament_prefix_path.sh
[0.206s] -- Up-to-date symlink: /home/ubuntu/Documents/RoS/robo_ws/install/basic_navigation/share/basic_navigation/environment/ament_prefix_path.dsv
[0.206s] -- Up-to-date symlink: /home/ubuntu/Documents/RoS/robo_ws/install/basic_navigation/share/basic_navigation/environment/path.sh
[0.206s] -- Up-to-date symlink: /home/ubuntu/Documents/RoS/robo_ws/install/basic_navigation/share/basic_navigation/environment/path.dsv
[0.206s] -- Up-to-date symlink: /home/ubuntu/Documents/RoS/robo_ws/install/basic_navigation/share/basic_navigation/local_setup.bash
[0.206s] -- Up-to-date symlink: /home/ubuntu/Documents/RoS/robo_ws/install/basic_navigation/share/basic_navigation/local_setup.sh
[0.207s] -- Up-to-date symlink: /home/ubuntu/Documents/RoS/robo_ws/install/basic_navigation/share/basic_navigation/local_setup.zsh
[0.207s] -- Up-to-date symlink: /home/ubuntu/Documents/RoS/robo_ws/install/basic_navigation/share/basic_navigation/local_setup.dsv
[0.207s] -- Symlinking: /home/ubuntu/Documents/RoS/robo_ws/install/basic_navigation/share/basic_navigation/package.dsv
[0.211s] -- Up-to-date symlink: /home/ubuntu/Documents/RoS/robo_ws/install/basic_navigation/share/ament_index/resource_index/packages/basic_navigation
[0.211s] -- Up-to-date symlink: /home/ubuntu/Documents/RoS/robo_ws/install/basic_navigation/share/basic_navigation/cmake/basic_navigationConfig.cmake
[0.211s] -- Up-to-date symlink: /home/ubuntu/Documents/RoS/robo_ws/install/basic_navigation/share/basic_navigation/cmake/basic_navigationConfig-version.cmake
[0.211s] -- Up-to-date symlink: /home/ubuntu/Documents/RoS/robo_ws/install/basic_navigation/share/basic_navigation/package.xml
[0.213s] Invoked command in '/home/ubuntu/Documents/RoS/robo_ws/build/basic_navigation' returned '0': CMAKE_PREFIX_PATH=/opt/ros/iron /usr/bin/cmake --install /home/ubuntu/Documents/RoS/robo_ws/build/basic_navigation
