[0.350s] DEBUG:colcon:Command line arguments: ['/usr/bin/colcon', 'build']
[0.350s] DEBUG:colcon:Parsed command line arguments: Namespace(log_base=None, log_level=None, verb_name='build', build_base='build', install_base='install', merge_install=False, symlink_install=False, test_result_base=None, continue_on_error=False, executor='parallel', parallel_workers=8, event_handlers=None, ignore_user_meta=False, metas=['./colcon.meta'], base_paths=['.'], packages_ignore=None, packages_ignore_regex=None, paths=None, packages_up_to=None, packages_up_to_regex=None, packages_above=None, packages_above_and_dependencies=None, packages_above_depth=None, packages_select_by_dep=None, packages_skip_by_dep=None, packages_skip_up_to=None, packages_select_build_failed=False, packages_skip_build_finished=False, packages_select_test_failures=False, packages_skip_test_passed=False, packages_select=None, packages_skip=None, packages_select_regex=None, packages_skip_regex=None, packages_start=None, packages_end=None, allow_overriding=[], cmake_args=None, cmake_target=None, cmake_target_skip_unavailable=False, cmake_clean_cache=False, cmake_clean_first=False, cmake_force_configure=False, ament_cmake_args=None, catkin_cmake_args=None, catkin_skip_building_tests=False, verb_parser=<colcon_defaults.argument_parser.defaults.DefaultArgumentsDecorator object at 0xfffee41bd480>, verb_extension=<colcon_core.verb.build.BuildVerb object at 0xfffee41bd1b0>, main=<bound method BuildVerb.main of <colcon_core.verb.build.BuildVerb object at 0xfffee41bd1b0>>)
[0.367s] Level 1:colcon.colcon_core.package_discovery:discover_packages(colcon_meta) check parameters
[0.367s] Level 1:colcon.colcon_core.package_discovery:discover_packages(recursive) check parameters
[0.367s] Level 1:colcon.colcon_core.package_discovery:discover_packages(ignore) check parameters
[0.367s] Level 1:colcon.colcon_core.package_discovery:discover_packages(path) check parameters
[0.367s] Level 1:colcon.colcon_core.package_discovery:discover_packages(colcon_meta) discover
[0.367s] Level 1:colcon.colcon_core.package_discovery:discover_packages(recursive) discover
[0.367s] INFO:colcon.colcon_core.package_discovery:Crawling recursively for packages in '/home/ubuntu/Documents/RoS/robo_ws'
[0.367s] Level 1:colcon.colcon_core.package_identification:_identify(.) by extensions ['ignore', 'ignore_ament_install']
[0.367s] Level 1:colcon.colcon_core.package_identification:_identify(.) by extension 'ignore'
[0.367s] Level 1:colcon.colcon_core.package_identification:_identify(.) by extension 'ignore_ament_install'
[0.367s] Level 1:colcon.colcon_core.package_identification:_identify(.) by extensions ['colcon_pkg']
[0.367s] Level 1:colcon.colcon_core.package_identification:_identify(.) by extension 'colcon_pkg'
[0.367s] Level 1:colcon.colcon_core.package_identification:_identify(.) by extensions ['colcon_meta']
[0.367s] Level 1:colcon.colcon_core.package_identification:_identify(.) by extension 'colcon_meta'
[0.367s] Level 1:colcon.colcon_core.package_identification:_identify(.) by extensions ['ros']
[0.367s] Level 1:colcon.colcon_core.package_identification:_identify(.) by extension 'ros'
[0.372s] Level 1:colcon.colcon_core.package_identification:_identify(.) by extensions ['cmake', 'python']
[0.372s] Level 1:colcon.colcon_core.package_identification:_identify(.) by extension 'cmake'
[0.372s] Level 1:colcon.colcon_core.package_identification:_identify(.) by extension 'python'
[0.372s] Level 1:colcon.colcon_core.package_identification:_identify(.) by extensions ['python_setup_py']
[0.372s] Level 1:colcon.colcon_core.package_identification:_identify(.) by extension 'python_setup_py'
[0.372s] Level 1:colcon.colcon_core.package_identification:_identify(build) by extensions ['ignore', 'ignore_ament_install']
[0.372s] Level 1:colcon.colcon_core.package_identification:_identify(build) by extension 'ignore'
[0.372s] Level 1:colcon.colcon_core.package_identification:_identify(build) ignored
[0.372s] Level 1:colcon.colcon_core.package_identification:_identify(install) by extensions ['ignore', 'ignore_ament_install']
[0.372s] Level 1:colcon.colcon_core.package_identification:_identify(install) by extension 'ignore'
[0.372s] Level 1:colcon.colcon_core.package_identification:_identify(install) ignored
[0.373s] Level 1:colcon.colcon_core.package_identification:_identify(log) by extensions ['ignore', 'ignore_ament_install']
[0.373s] Level 1:colcon.colcon_core.package_identification:_identify(log) by extension 'ignore'
[0.373s] Level 1:colcon.colcon_core.package_identification:_identify(log) ignored
[0.373s] Level 1:colcon.colcon_core.package_identification:_identify(src) by extensions ['ignore', 'ignore_ament_install']
[0.373s] Level 1:colcon.colcon_core.package_identification:_identify(src) by extension 'ignore'
[0.373s] Level 1:colcon.colcon_core.package_identification:_identify(src) by extension 'ignore_ament_install'
[0.373s] Level 1:colcon.colcon_core.package_identification:_identify(src) by extensions ['colcon_pkg']
[0.373s] Level 1:colcon.colcon_core.package_identification:_identify(src) by extension 'colcon_pkg'
[0.373s] Level 1:colcon.colcon_core.package_identification:_identify(src) by extensions ['colcon_meta']
[0.373s] Level 1:colcon.colcon_core.package_identification:_identify(src) by extension 'colcon_meta'
[0.373s] Level 1:colcon.colcon_core.package_identification:_identify(src) by extensions ['ros']
[0.373s] Level 1:colcon.colcon_core.package_identification:_identify(src) by extension 'ros'
[0.373s] Level 1:colcon.colcon_core.package_identification:_identify(src) by extensions ['cmake', 'python']
[0.373s] Level 1:colcon.colcon_core.package_identification:_identify(src) by extension 'cmake'
[0.373s] Level 1:colcon.colcon_core.package_identification:_identify(src) by extension 'python'
[0.373s] Level 1:colcon.colcon_core.package_identification:_identify(src) by extensions ['python_setup_py']
[0.373s] Level 1:colcon.colcon_core.package_identification:_identify(src) by extension 'python_setup_py'
[0.373s] Level 1:colcon.colcon_core.package_identification:_identify(src/sdf) by extensions ['ignore', 'ignore_ament_install']
[0.373s] Level 1:colcon.colcon_core.package_identification:_identify(src/sdf) by extension 'ignore'
[0.373s] Level 1:colcon.colcon_core.package_identification:_identify(src/sdf) by extension 'ignore_ament_install'
[0.373s] Level 1:colcon.colcon_core.package_identification:_identify(src/sdf) by extensions ['colcon_pkg']
[0.373s] Level 1:colcon.colcon_core.package_identification:_identify(src/sdf) by extension 'colcon_pkg'
[0.373s] Level 1:colcon.colcon_core.package_identification:_identify(src/sdf) by extensions ['colcon_meta']
[0.373s] Level 1:colcon.colcon_core.package_identification:_identify(src/sdf) by extension 'colcon_meta'
[0.373s] Level 1:colcon.colcon_core.package_identification:_identify(src/sdf) by extensions ['ros']
[0.373s] Level 1:colcon.colcon_core.package_identification:_identify(src/sdf) by extension 'ros'
[0.373s] Level 1:colcon.colcon_core.package_identification:_identify(src/sdf) by extensions ['cmake', 'python']
[0.373s] Level 1:colcon.colcon_core.package_identification:_identify(src/sdf) by extension 'cmake'
[0.373s] Level 1:colcon.colcon_core.package_identification:_identify(src/sdf) by extension 'python'
[0.373s] Level 1:colcon.colcon_core.package_identification:_identify(src/sdf) by extensions ['python_setup_py']
[0.373s] Level 1:colcon.colcon_core.package_identification:_identify(src/sdf) by extension 'python_setup_py'
[0.373s] Level 1:colcon.colcon_core.package_identification:_identify(src/test) by extensions ['ignore', 'ignore_ament_install']
[0.373s] Level 1:colcon.colcon_core.package_identification:_identify(src/test) by extension 'ignore'
[0.373s] Level 1:colcon.colcon_core.package_identification:_identify(src/test) by extension 'ignore_ament_install'
[0.373s] Level 1:colcon.colcon_core.package_identification:_identify(src/test) by extensions ['colcon_pkg']
[0.373s] Level 1:colcon.colcon_core.package_identification:_identify(src/test) by extension 'colcon_pkg'
[0.373s] Level 1:colcon.colcon_core.package_identification:_identify(src/test) by extensions ['colcon_meta']
[0.373s] Level 1:colcon.colcon_core.package_identification:_identify(src/test) by extension 'colcon_meta'
[0.373s] Level 1:colcon.colcon_core.package_identification:_identify(src/test) by extensions ['ros']
[0.373s] Level 1:colcon.colcon_core.package_identification:_identify(src/test) by extension 'ros'
[0.374s] DEBUG:colcon.colcon_core.package_identification:Package 'src/test' with type 'ros.ament_cmake' and name 'test'
[0.374s] Level 1:colcon.colcon_core.package_identification:_identify(src/urdf_example-main) by extensions ['ignore', 'ignore_ament_install']
[0.374s] Level 1:colcon.colcon_core.package_identification:_identify(src/urdf_example-main) by extension 'ignore'
[0.374s] Level 1:colcon.colcon_core.package_identification:_identify(src/urdf_example-main) by extension 'ignore_ament_install'
[0.374s] Level 1:colcon.colcon_core.package_identification:_identify(src/urdf_example-main) by extensions ['colcon_pkg']
[0.374s] Level 1:colcon.colcon_core.package_identification:_identify(src/urdf_example-main) by extension 'colcon_pkg'
[0.375s] Level 1:colcon.colcon_core.package_identification:_identify(src/urdf_example-main) by extensions ['colcon_meta']
[0.375s] Level 1:colcon.colcon_core.package_identification:_identify(src/urdf_example-main) by extension 'colcon_meta'
[0.375s] Level 1:colcon.colcon_core.package_identification:_identify(src/urdf_example-main) by extensions ['ros']
[0.375s] Level 1:colcon.colcon_core.package_identification:_identify(src/urdf_example-main) by extension 'ros'
[0.375s] DEBUG:colcon.colcon_core.package_identification:Package 'src/urdf_example-main' with type 'ros.ament_cmake' and name 'urdf_example'
[0.375s] Level 1:colcon.colcon_core.package_discovery:discover_packages(recursive) using defaults
[0.375s] Level 1:colcon.colcon_core.package_discovery:discover_packages(ignore) discover
[0.375s] Level 1:colcon.colcon_core.package_discovery:discover_packages(ignore) using defaults
[0.375s] Level 1:colcon.colcon_core.package_discovery:discover_packages(path) discover
[0.375s] Level 1:colcon.colcon_core.package_discovery:discover_packages(path) using defaults
[0.408s] Level 1:colcon.colcon_core.package_discovery:discover_packages(prefix_path) check parameters
[0.408s] Level 1:colcon.colcon_core.package_discovery:discover_packages(prefix_path) discover
[0.418s] DEBUG:colcon.colcon_installed_package_information.package_discovery:Found 4 installed packages in /home/ubuntu/Documents/RoS/robo_ws/install
[0.423s] DEBUG:colcon.colcon_installed_package_information.package_discovery:Found 315 installed packages in /opt/ros/iron
[0.424s] Level 1:colcon.colcon_core.package_discovery:discover_packages(prefix_path) using defaults
[0.464s] Level 5:colcon.colcon_core.verb:set package 'test' build argument 'cmake_args' from command line to 'None'
[0.464s] Level 5:colcon.colcon_core.verb:set package 'test' build argument 'cmake_target' from command line to 'None'
[0.464s] Level 5:colcon.colcon_core.verb:set package 'test' build argument 'cmake_target_skip_unavailable' from command line to 'False'
[0.464s] Level 5:colcon.colcon_core.verb:set package 'test' build argument 'cmake_clean_cache' from command line to 'False'
[0.464s] Level 5:colcon.colcon_core.verb:set package 'test' build argument 'cmake_clean_first' from command line to 'False'
[0.464s] Level 5:colcon.colcon_core.verb:set package 'test' build argument 'cmake_force_configure' from command line to 'False'
[0.464s] Level 5:colcon.colcon_core.verb:set package 'test' build argument 'ament_cmake_args' from command line to 'None'
[0.464s] Level 5:colcon.colcon_core.verb:set package 'test' build argument 'catkin_cmake_args' from command line to 'None'
[0.464s] Level 5:colcon.colcon_core.verb:set package 'test' build argument 'catkin_skip_building_tests' from command line to 'False'
[0.464s] DEBUG:colcon.colcon_core.verb:Building package 'test' with the following arguments: {'ament_cmake_args': None, 'build_base': '/home/ubuntu/Documents/RoS/robo_ws/build/test', 'catkin_cmake_args': None, 'catkin_skip_building_tests': False, 'cmake_args': None, 'cmake_clean_cache': False, 'cmake_clean_first': False, 'cmake_force_configure': False, 'cmake_target': None, 'cmake_target_skip_unavailable': False, 'install_base': '/home/ubuntu/Documents/RoS/robo_ws/install/test', 'merge_install': False, 'path': '/home/ubuntu/Documents/RoS/robo_ws/src/test', 'symlink_install': False, 'test_result_base': None}
[0.469s] Level 5:colcon.colcon_core.verb:set package 'urdf_example' build argument 'cmake_args' from command line to 'None'
[0.469s] Level 5:colcon.colcon_core.verb:set package 'urdf_example' build argument 'cmake_target' from command line to 'None'
[0.469s] Level 5:colcon.colcon_core.verb:set package 'urdf_example' build argument 'cmake_target_skip_unavailable' from command line to 'False'
[0.469s] Level 5:colcon.colcon_core.verb:set package 'urdf_example' build argument 'cmake_clean_cache' from command line to 'False'
[0.469s] Level 5:colcon.colcon_core.verb:set package 'urdf_example' build argument 'cmake_clean_first' from command line to 'False'
[0.469s] Level 5:colcon.colcon_core.verb:set package 'urdf_example' build argument 'cmake_force_configure' from command line to 'False'
[0.469s] Level 5:colcon.colcon_core.verb:set package 'urdf_example' build argument 'ament_cmake_args' from command line to 'None'
[0.469s] Level 5:colcon.colcon_core.verb:set package 'urdf_example' build argument 'catkin_cmake_args' from command line to 'None'
[0.469s] Level 5:colcon.colcon_core.verb:set package 'urdf_example' build argument 'catkin_skip_building_tests' from command line to 'False'
[0.469s] DEBUG:colcon.colcon_core.verb:Building package 'urdf_example' with the following arguments: {'ament_cmake_args': None, 'build_base': '/home/ubuntu/Documents/RoS/robo_ws/build/urdf_example', 'catkin_cmake_args': None, 'catkin_skip_building_tests': False, 'cmake_args': None, 'cmake_clean_cache': False, 'cmake_clean_first': False, 'cmake_force_configure': False, 'cmake_target': None, 'cmake_target_skip_unavailable': False, 'install_base': '/home/ubuntu/Documents/RoS/robo_ws/install/urdf_example', 'merge_install': False, 'path': '/home/ubuntu/Documents/RoS/robo_ws/src/urdf_example-main', 'symlink_install': False, 'test_result_base': None}
[0.474s] INFO:colcon.colcon_core.executor:Executing jobs using 'parallel' executor
[0.479s] DEBUG:colcon.colcon_parallel_executor.executor.parallel:run_until_complete
[0.479s] INFO:colcon.colcon_ros.task.ament_cmake.build:Building ROS package in '/home/ubuntu/Documents/RoS/robo_ws/src/test' with build type 'ament_cmake'
[0.479s] INFO:colcon.colcon_cmake.task.cmake.build:Building CMake package in '/home/ubuntu/Documents/RoS/robo_ws/src/test'
[0.486s] INFO:colcon.colcon_core.plugin_system:Skipping extension 'colcon_core.shell.bat': Not used on non-Windows systems
[0.486s] INFO:colcon.colcon_core.shell:Skip shell extension 'powershell' for command environment: Not usable outside of PowerShell
[0.486s] DEBUG:colcon.colcon_core.shell:Skip shell extension 'dsv' for command environment
[0.504s] INFO:colcon.colcon_ros.task.ament_cmake.build:Building ROS package in '/home/ubuntu/Documents/RoS/robo_ws/src/urdf_example-main' with build type 'ament_cmake'
[0.504s] INFO:colcon.colcon_cmake.task.cmake.build:Building CMake package in '/home/ubuntu/Documents/RoS/robo_ws/src/urdf_example-main'
[0.509s] INFO:colcon.colcon_core.shell:Skip shell extension 'powershell' for command environment: Not usable outside of PowerShell
[0.509s] DEBUG:colcon.colcon_core.shell:Skip shell extension 'dsv' for command environment
[0.528s] DEBUG:colcon.colcon_core.event_handler.log_command:Invoking command in '/home/ubuntu/Documents/RoS/robo_ws/build/test': CMAKE_PREFIX_PATH=${CMAKE_PREFIX_PATH}:/opt/ros/iron /usr/bin/cmake --build /home/ubuntu/Documents/RoS/robo_ws/build/test -- -j8 -l8
[0.530s] DEBUG:colcon.colcon_core.event_handler.log_command:Invoking command in '/home/ubuntu/Documents/RoS/robo_ws/build/urdf_example': CMAKE_PREFIX_PATH=${CMAKE_PREFIX_PATH}:/opt/ros/iron /usr/bin/cmake --build /home/ubuntu/Documents/RoS/robo_ws/build/urdf_example -- -j8 -l8
[0.561s] DEBUG:colcon.colcon_core.event_handler.log_command:Invoked command in '/home/ubuntu/Documents/RoS/robo_ws/build/urdf_example' returned '0': CMAKE_PREFIX_PATH=${CMAKE_PREFIX_PATH}:/opt/ros/iron /usr/bin/cmake --build /home/ubuntu/Documents/RoS/robo_ws/build/urdf_example -- -j8 -l8
[0.582s] DEBUG:colcon.colcon_core.event_handler.log_command:Invoking command in '/home/ubuntu/Documents/RoS/robo_ws/build/urdf_example': CMAKE_PREFIX_PATH=${CMAKE_PREFIX_PATH}:/opt/ros/iron /usr/bin/cmake --install /home/ubuntu/Documents/RoS/robo_ws/build/urdf_example
[0.599s] Level 1:colcon.colcon_core.environment:create_environment_scripts_only(urdf_example)
[0.599s] DEBUG:colcon.colcon_core.event_handler.log_command:Invoked command in '/home/ubuntu/Documents/RoS/robo_ws/build/urdf_example' returned '0': CMAKE_PREFIX_PATH=${CMAKE_PREFIX_PATH}:/opt/ros/iron /usr/bin/cmake --install /home/ubuntu/Documents/RoS/robo_ws/build/urdf_example
[0.605s] Level 1:colcon.colcon_core.environment:checking '/home/ubuntu/Documents/RoS/robo_ws/install/urdf_example' for CMake module files
[0.605s] Level 1:colcon.colcon_core.environment:checking '/home/ubuntu/Documents/RoS/robo_ws/install/urdf_example' for CMake config files
[0.605s] Level 1:colcon.colcon_core.shell:create_environment_hook('urdf_example', 'cmake_prefix_path')
[0.610s] INFO:colcon.colcon_core.shell:Creating environment hook '/home/ubuntu/Documents/RoS/robo_ws/install/urdf_example/share/urdf_example/hook/cmake_prefix_path.ps1'
[0.611s] INFO:colcon.colcon_core.shell:Creating environment descriptor '/home/ubuntu/Documents/RoS/robo_ws/install/urdf_example/share/urdf_example/hook/cmake_prefix_path.dsv'
[0.611s] INFO:colcon.colcon_core.shell:Creating environment hook '/home/ubuntu/Documents/RoS/robo_ws/install/urdf_example/share/urdf_example/hook/cmake_prefix_path.sh'
[0.611s] Level 1:colcon.colcon_core.environment:checking '/home/ubuntu/Documents/RoS/robo_ws/install/urdf_example/bin'
[0.612s] Level 1:colcon.colcon_core.environment:checking '/home/ubuntu/Documents/RoS/robo_ws/install/urdf_example/lib/pkgconfig/urdf_example.pc'
[0.612s] Level 1:colcon.colcon_core.environment:checking '/home/ubuntu/Documents/RoS/robo_ws/install/urdf_example/lib/python3.10/site-packages'
[0.612s] Level 1:colcon.colcon_core.environment:checking '/home/ubuntu/Documents/RoS/robo_ws/install/urdf_example/bin'
[0.617s] INFO:colcon.colcon_core.shell:Creating package script '/home/ubuntu/Documents/RoS/robo_ws/install/urdf_example/share/urdf_example/package.ps1'
[0.617s] INFO:colcon.colcon_core.shell:Creating package descriptor '/home/ubuntu/Documents/RoS/robo_ws/install/urdf_example/share/urdf_example/package.dsv'
[0.617s] INFO:colcon.colcon_core.shell:Creating package script '/home/ubuntu/Documents/RoS/robo_ws/install/urdf_example/share/urdf_example/package.sh'
[0.617s] INFO:colcon.colcon_core.shell:Creating package script '/home/ubuntu/Documents/RoS/robo_ws/install/urdf_example/share/urdf_example/package.bash'
[0.618s] INFO:colcon.colcon_core.shell:Creating package script '/home/ubuntu/Documents/RoS/robo_ws/install/urdf_example/share/urdf_example/package.zsh'
[0.618s] Level 1:colcon.colcon_core.environment:create_file_with_runtime_dependencies(/home/ubuntu/Documents/RoS/robo_ws/install/urdf_example/share/colcon-core/packages/urdf_example)
[0.640s] Level 1:colcon.colcon_core.environment:create_environment_scripts_only(urdf_example)
[0.645s] Level 1:colcon.colcon_core.environment:checking '/home/ubuntu/Documents/RoS/robo_ws/install/urdf_example' for CMake module files
[0.645s] Level 1:colcon.colcon_core.environment:checking '/home/ubuntu/Documents/RoS/robo_ws/install/urdf_example' for CMake config files
[0.646s] Level 1:colcon.colcon_core.shell:create_environment_hook('urdf_example', 'cmake_prefix_path')
[0.650s] INFO:colcon.colcon_core.shell:Creating environment hook '/home/ubuntu/Documents/RoS/robo_ws/install/urdf_example/share/urdf_example/hook/cmake_prefix_path.ps1'
[0.651s] INFO:colcon.colcon_core.shell:Creating environment descriptor '/home/ubuntu/Documents/RoS/robo_ws/install/urdf_example/share/urdf_example/hook/cmake_prefix_path.dsv'
[0.651s] INFO:colcon.colcon_core.shell:Creating environment hook '/home/ubuntu/Documents/RoS/robo_ws/install/urdf_example/share/urdf_example/hook/cmake_prefix_path.sh'
[0.651s] Level 1:colcon.colcon_core.environment:checking '/home/ubuntu/Documents/RoS/robo_ws/install/urdf_example/bin'
[0.651s] Level 1:colcon.colcon_core.environment:checking '/home/ubuntu/Documents/RoS/robo_ws/install/urdf_example/lib/pkgconfig/urdf_example.pc'
[0.651s] Level 1:colcon.colcon_core.environment:checking '/home/ubuntu/Documents/RoS/robo_ws/install/urdf_example/lib/python3.10/site-packages'
[0.651s] Level 1:colcon.colcon_core.environment:checking '/home/ubuntu/Documents/RoS/robo_ws/install/urdf_example/bin'
[0.656s] INFO:colcon.colcon_core.shell:Creating package script '/home/ubuntu/Documents/RoS/robo_ws/install/urdf_example/share/urdf_example/package.ps1'
[0.656s] INFO:colcon.colcon_core.shell:Creating package descriptor '/home/ubuntu/Documents/RoS/robo_ws/install/urdf_example/share/urdf_example/package.dsv'
[0.656s] INFO:colcon.colcon_core.shell:Creating package script '/home/ubuntu/Documents/RoS/robo_ws/install/urdf_example/share/urdf_example/package.sh'
[0.656s] INFO:colcon.colcon_core.shell:Creating package script '/home/ubuntu/Documents/RoS/robo_ws/install/urdf_example/share/urdf_example/package.bash'
[0.656s] INFO:colcon.colcon_core.shell:Creating package script '/home/ubuntu/Documents/RoS/robo_ws/install/urdf_example/share/urdf_example/package.zsh'
[0.657s] Level 1:colcon.colcon_core.environment:create_file_with_runtime_dependencies(/home/ubuntu/Documents/RoS/robo_ws/install/urdf_example/share/colcon-core/packages/urdf_example)
[1.108s] DEBUG:colcon.colcon_core.event_handler.log_command:Invoked command in '/home/ubuntu/Documents/RoS/robo_ws/build/test' returned '0': CMAKE_PREFIX_PATH=${CMAKE_PREFIX_PATH}:/opt/ros/iron /usr/bin/cmake --build /home/ubuntu/Documents/RoS/robo_ws/build/test -- -j8 -l8
[1.127s] DEBUG:colcon.colcon_core.event_handler.log_command:Invoking command in '/home/ubuntu/Documents/RoS/robo_ws/build/test': CMAKE_PREFIX_PATH=${CMAKE_PREFIX_PATH}:/opt/ros/iron /usr/bin/cmake --install /home/ubuntu/Documents/RoS/robo_ws/build/test
[1.146s] Level 1:colcon.colcon_core.environment:create_environment_scripts_only(test)
[1.146s] DEBUG:colcon.colcon_core.event_handler.log_command:Invoked command in '/home/ubuntu/Documents/RoS/robo_ws/build/test' returned '0': CMAKE_PREFIX_PATH=${CMAKE_PREFIX_PATH}:/opt/ros/iron /usr/bin/cmake --install /home/ubuntu/Documents/RoS/robo_ws/build/test
[1.163s] Level 1:colcon.colcon_core.environment:checking '/home/ubuntu/Documents/RoS/robo_ws/install/test' for CMake module files
[1.164s] Level 1:colcon.colcon_core.environment:checking '/home/ubuntu/Documents/RoS/robo_ws/install/test' for CMake config files
[1.164s] Level 1:colcon.colcon_core.shell:create_environment_hook('test', 'cmake_prefix_path')
[1.177s] INFO:colcon.colcon_core.shell:Creating environment hook '/home/ubuntu/Documents/RoS/robo_ws/install/test/share/test/hook/cmake_prefix_path.ps1'
[1.177s] INFO:colcon.colcon_core.shell:Creating environment descriptor '/home/ubuntu/Documents/RoS/robo_ws/install/test/share/test/hook/cmake_prefix_path.dsv'
[1.178s] INFO:colcon.colcon_core.shell:Creating environment hook '/home/ubuntu/Documents/RoS/robo_ws/install/test/share/test/hook/cmake_prefix_path.sh'
[1.178s] Level 1:colcon.colcon_core.environment:checking '/home/ubuntu/Documents/RoS/robo_ws/install/test/lib'
[1.178s] Level 1:colcon.colcon_core.environment:checking '/home/ubuntu/Documents/RoS/robo_ws/install/test/bin'
[1.178s] Level 1:colcon.colcon_core.environment:checking '/home/ubuntu/Documents/RoS/robo_ws/install/test/lib/pkgconfig/test.pc'
[1.179s] Level 1:colcon.colcon_core.environment:checking '/home/ubuntu/Documents/RoS/robo_ws/install/test/lib/python3.10/site-packages'
[1.179s] Level 1:colcon.colcon_core.environment:checking '/home/ubuntu/Documents/RoS/robo_ws/install/test/bin'
[1.192s] INFO:colcon.colcon_core.shell:Creating package script '/home/ubuntu/Documents/RoS/robo_ws/install/test/share/test/package.ps1'
[1.193s] INFO:colcon.colcon_core.shell:Creating package descriptor '/home/ubuntu/Documents/RoS/robo_ws/install/test/share/test/package.dsv'
[1.193s] INFO:colcon.colcon_core.shell:Creating package script '/home/ubuntu/Documents/RoS/robo_ws/install/test/share/test/package.sh'
[1.193s] INFO:colcon.colcon_core.shell:Creating package script '/home/ubuntu/Documents/RoS/robo_ws/install/test/share/test/package.bash'
[1.194s] INFO:colcon.colcon_core.shell:Creating package script '/home/ubuntu/Documents/RoS/robo_ws/install/test/share/test/package.zsh'
[1.194s] Level 1:colcon.colcon_core.environment:create_file_with_runtime_dependencies(/home/ubuntu/Documents/RoS/robo_ws/install/test/share/colcon-core/packages/test)
[1.217s] Level 1:colcon.colcon_core.environment:create_environment_scripts_only(test)
[1.223s] Level 1:colcon.colcon_core.environment:checking '/home/ubuntu/Documents/RoS/robo_ws/install/test' for CMake module files
[1.223s] Level 1:colcon.colcon_core.environment:checking '/home/ubuntu/Documents/RoS/robo_ws/install/test' for CMake config files
[1.223s] Level 1:colcon.colcon_core.shell:create_environment_hook('test', 'cmake_prefix_path')
[1.228s] INFO:colcon.colcon_core.shell:Creating environment hook '/home/ubuntu/Documents/RoS/robo_ws/install/test/share/test/hook/cmake_prefix_path.ps1'
[1.228s] INFO:colcon.colcon_core.shell:Creating environment descriptor '/home/ubuntu/Documents/RoS/robo_ws/install/test/share/test/hook/cmake_prefix_path.dsv'
[1.229s] INFO:colcon.colcon_core.shell:Creating environment hook '/home/ubuntu/Documents/RoS/robo_ws/install/test/share/test/hook/cmake_prefix_path.sh'
[1.229s] Level 1:colcon.colcon_core.environment:checking '/home/ubuntu/Documents/RoS/robo_ws/install/test/lib'
[1.229s] Level 1:colcon.colcon_core.environment:checking '/home/ubuntu/Documents/RoS/robo_ws/install/test/bin'
[1.229s] Level 1:colcon.colcon_core.environment:checking '/home/ubuntu/Documents/RoS/robo_ws/install/test/lib/pkgconfig/test.pc'
[1.229s] Level 1:colcon.colcon_core.environment:checking '/home/ubuntu/Documents/RoS/robo_ws/install/test/lib/python3.10/site-packages'
[1.229s] Level 1:colcon.colcon_core.environment:checking '/home/ubuntu/Documents/RoS/robo_ws/install/test/bin'
[1.234s] INFO:colcon.colcon_core.shell:Creating package script '/home/ubuntu/Documents/RoS/robo_ws/install/test/share/test/package.ps1'
[1.234s] INFO:colcon.colcon_core.shell:Creating package descriptor '/home/ubuntu/Documents/RoS/robo_ws/install/test/share/test/package.dsv'
[1.234s] INFO:colcon.colcon_core.shell:Creating package script '/home/ubuntu/Documents/RoS/robo_ws/install/test/share/test/package.sh'
[1.234s] INFO:colcon.colcon_core.shell:Creating package script '/home/ubuntu/Documents/RoS/robo_ws/install/test/share/test/package.bash'
[1.234s] INFO:colcon.colcon_core.shell:Creating package script '/home/ubuntu/Documents/RoS/robo_ws/install/test/share/test/package.zsh'
[1.235s] Level 1:colcon.colcon_core.environment:create_file_with_runtime_dependencies(/home/ubuntu/Documents/RoS/robo_ws/install/test/share/colcon-core/packages/test)
[1.235s] DEBUG:colcon.colcon_parallel_executor.executor.parallel:closing loop
[1.235s] DEBUG:colcon.colcon_parallel_executor.executor.parallel:loop closed
[1.235s] DEBUG:colcon.colcon_parallel_executor.executor.parallel:run_until_complete finished with '0'
[1.235s] DEBUG:colcon.colcon_core.event_reactor:joining thread
[1.243s] INFO:colcon.colcon_core.plugin_system:Skipping extension 'colcon_notification.desktop_notification.terminal_notifier': Not used on non-Darwin systems
[1.243s] INFO:colcon.colcon_core.plugin_system:Skipping extension 'colcon_notification.desktop_notification.win32': Not used on non-Windows systems
[1.243s] INFO:colcon.colcon_notification.desktop_notification:Sending desktop notification using 'notify2'
[1.253s] DEBUG:colcon.colcon_core.event_reactor:joined thread
[1.264s] INFO:colcon.colcon_core.shell:Creating prefix script '/home/ubuntu/Documents/RoS/robo_ws/install/local_setup.ps1'
[1.265s] INFO:colcon.colcon_core.shell:Creating prefix util module '/home/ubuntu/Documents/RoS/robo_ws/install/_local_setup_util_ps1.py'
[1.265s] INFO:colcon.colcon_core.shell:Creating prefix chain script '/home/ubuntu/Documents/RoS/robo_ws/install/setup.ps1'
[1.270s] INFO:colcon.colcon_core.shell:Creating prefix script '/home/ubuntu/Documents/RoS/robo_ws/install/local_setup.sh'
[1.271s] INFO:colcon.colcon_core.shell:Creating prefix util module '/home/ubuntu/Documents/RoS/robo_ws/install/_local_setup_util_sh.py'
[1.271s] INFO:colcon.colcon_core.shell:Creating prefix chain script '/home/ubuntu/Documents/RoS/robo_ws/install/setup.sh'
[1.276s] INFO:colcon.colcon_core.shell:Creating prefix script '/home/ubuntu/Documents/RoS/robo_ws/install/local_setup.bash'
[1.276s] INFO:colcon.colcon_core.shell:Creating prefix chain script '/home/ubuntu/Documents/RoS/robo_ws/install/setup.bash'
[1.281s] INFO:colcon.colcon_core.shell:Creating prefix script '/home/ubuntu/Documents/RoS/robo_ws/install/local_setup.zsh'
[1.281s] INFO:colcon.colcon_core.shell:Creating prefix chain script '/home/ubuntu/Documents/RoS/robo_ws/install/setup.zsh'
