[0.025s] Invoking command in '/home/ubuntu/Documents/RoS/robo_ws/build/my_package': CMAKE_PREFIX_PATH=${CMAKE_PREFIX_PATH}:/opt/ros/iron /usr/bin/cmake /home/ubuntu/Documents/RoS/robo_ws/src/my_package -DAMENT_CMAKE_SYMLINK_INSTALL=1 -DCMAKE_INSTALL_PREFIX=/home/ubuntu/Documents/RoS/robo_ws/install/my_package
[0.052s] -- The C compiler identification is GNU 11.4.0
[0.098s] -- The CXX compiler identification is GNU 11.4.0
[0.102s] -- Detecting C compiler ABI info
[0.154s] -- Detecting C compiler ABI info - done
[0.168s] -- Check for working C compiler: /usr/bin/cc - skipped
[0.168s] -- Detecting C compile features
[0.168s] -- Detecting C compile features - done
[0.171s] -- Detecting CXX compiler ABI info
[0.234s] -- Detecting CXX compiler ABI info - done
[0.242s] -- Check for working CXX compiler: /usr/bin/c++ - skipped
[0.242s] -- Detecting CXX compile features
[0.243s] -- Detecting CXX compile features - done
[0.245s] -- Found ament_cmake: 2.0.3 (/opt/ros/iron/share/ament_cmake/cmake)
[0.400s] -- Found Python3: /usr/bin/python3.10 (found version "3.10.12") found components: Interpreter 
[0.437s] -- Override CMake install command with custom implementation using symlinks instead of copying resources
[0.467s] -- Found ament_lint_auto: 0.14.2 (/opt/ros/iron/share/ament_lint_auto/cmake)
[0.526s] -- Added test 'copyright' to check source files copyright and LICENSE
[0.527s] -- Added test 'flake8' to check Python code syntax and style conventions
[0.527s] -- Configured 'flake8' exclude dirs and/or files: 
[0.527s] -- Added test 'lint_cmake' to check CMake code style
[0.527s] -- Added test 'pep257' to check Python code against some of the docstring style conventions in PEP 257
[0.528s] -- Added test 'xmllint' to check XML markup files
[0.528s] -- Configuring done
[0.530s] -- Generating done
[0.530s] -- Build files have been written to: /home/ubuntu/Documents/RoS/robo_ws/build/my_package
[0.533s] Invoked command in '/home/ubuntu/Documents/RoS/robo_ws/build/my_package' returned '0': CMAKE_PREFIX_PATH=${CMAKE_PREFIX_PATH}:/opt/ros/iron /usr/bin/cmake /home/ubuntu/Documents/RoS/robo_ws/src/my_package -DAMENT_CMAKE_SYMLINK_INSTALL=1 -DCMAKE_INSTALL_PREFIX=/home/ubuntu/Documents/RoS/robo_ws/install/my_package
[0.533s] Invoking command in '/home/ubuntu/Documents/RoS/robo_ws/build/my_package': CMAKE_PREFIX_PATH=${CMAKE_PREFIX_PATH}:/opt/ros/iron /usr/bin/cmake --build /home/ubuntu/Documents/RoS/robo_ws/build/my_package -- -j8 -l8
[0.565s] Invoked command in '/home/ubuntu/Documents/RoS/robo_ws/build/my_package' returned '0': CMAKE_PREFIX_PATH=${CMAKE_PREFIX_PATH}:/opt/ros/iron /usr/bin/cmake --build /home/ubuntu/Documents/RoS/robo_ws/build/my_package -- -j8 -l8
[0.581s] Invoking command in '/home/ubuntu/Documents/RoS/robo_ws/build/my_package': CMAKE_PREFIX_PATH=${CMAKE_PREFIX_PATH}:/opt/ros/iron /usr/bin/cmake --install /home/ubuntu/Documents/RoS/robo_ws/build/my_package
[0.586s] -- Install configuration: ""
[0.586s] -- Execute custom install script
[0.586s] -- Symlinking: /home/ubuntu/Documents/RoS/robo_ws/install/my_package/share/my_package/description/example_gazebo.xacro
[0.593s] -- Symlinking: /home/ubuntu/Documents/RoS/robo_ws/install/my_package/share/my_package/description/example_include.xacro
[0.598s] -- Symlinking: /home/ubuntu/Documents/RoS/robo_ws/install/my_package/share/my_package/description/example_robot.urdf.xacro
[0.601s] -- Symlinking: /home/ubuntu/Documents/RoS/robo_ws/install/my_package/share/my_package/launch/robot_state_publisher.launch.py
[0.605s] -- Symlinking: /home/ubuntu/Documents/RoS/robo_ws/install/my_package/share/my_package/launch/rsp.launch.py
[0.617s] -- Symlinking: /home/ubuntu/Documents/RoS/robo_ws/install/my_package/share/my_package/launch/rsp_sim.launch.py
[0.621s] -- Symlinking: /home/ubuntu/Documents/RoS/robo_ws/install/my_package/share/my_package/worlds/test_world.world
[0.627s] -- Symlinking: /home/ubuntu/Documents/RoS/robo_ws/install/my_package/share/ament_index/resource_index/package_run_dependencies/my_package
[0.632s] -- Symlinking: /home/ubuntu/Documents/RoS/robo_ws/install/my_package/share/ament_index/resource_index/parent_prefix_path/my_package
[0.644s] -- Symlinking: /home/ubuntu/Documents/RoS/robo_ws/install/my_package/share/my_package/environment/ament_prefix_path.sh
[0.650s] -- Symlinking: /home/ubuntu/Documents/RoS/robo_ws/install/my_package/share/my_package/environment/ament_prefix_path.dsv
[0.653s] -- Symlinking: /home/ubuntu/Documents/RoS/robo_ws/install/my_package/share/my_package/environment/path.sh
[0.660s] -- Symlinking: /home/ubuntu/Documents/RoS/robo_ws/install/my_package/share/my_package/environment/path.dsv
[0.667s] -- Symlinking: /home/ubuntu/Documents/RoS/robo_ws/install/my_package/share/my_package/local_setup.bash
[0.673s] -- Symlinking: /home/ubuntu/Documents/RoS/robo_ws/install/my_package/share/my_package/local_setup.sh
[0.679s] -- Symlinking: /home/ubuntu/Documents/RoS/robo_ws/install/my_package/share/my_package/local_setup.zsh
[0.682s] -- Symlinking: /home/ubuntu/Documents/RoS/robo_ws/install/my_package/share/my_package/local_setup.dsv
[0.687s] -- Symlinking: /home/ubuntu/Documents/RoS/robo_ws/install/my_package/share/my_package/package.dsv
[0.692s] -- Symlinking: /home/ubuntu/Documents/RoS/robo_ws/install/my_package/share/ament_index/resource_index/packages/my_package
[0.696s] -- Symlinking: /home/ubuntu/Documents/RoS/robo_ws/install/my_package/share/my_package/cmake/my_packageConfig.cmake
[0.699s] -- Symlinking: /home/ubuntu/Documents/RoS/robo_ws/install/my_package/share/my_package/cmake/my_packageConfig-version.cmake
[0.702s] -- Symlinking: /home/ubuntu/Documents/RoS/robo_ws/install/my_package/share/my_package/package.xml
[0.713s] Invoked command in '/home/ubuntu/Documents/RoS/robo_ws/build/my_package' returned '0': CMAKE_PREFIX_PATH=${CMAKE_PREFIX_PATH}:/opt/ros/iron /usr/bin/cmake --install /home/ubuntu/Documents/RoS/robo_ws/build/my_package
