running egg_info
creating ../../build/robo_RL/robo_RL.egg-info
writing ../../build/robo_RL/robo_RL.egg-info/PKG-INFO
writing dependency_links to ../../build/robo_RL/robo_RL.egg-info/dependency_links.txt
writing entry points to ../../build/robo_RL/robo_RL.egg-info/entry_points.txt
writing requirements to ../../build/robo_RL/robo_RL.egg-info/requires.txt
writing top-level names to ../../build/robo_RL/robo_RL.egg-info/top_level.txt
writing manifest file '../../build/robo_RL/robo_RL.egg-info/SOURCES.txt'
reading manifest file '../../build/robo_RL/robo_RL.egg-info/SOURCES.txt'
writing manifest file '../../build/robo_RL/robo_RL.egg-info/SOURCES.txt'
running build
running build_py
creating /home/ubuntu/Documents/RoS/robo_ws/build/robo_RL/build
creating /home/ubuntu/Documents/RoS/robo_ws/build/robo_RL/build/lib
creating /home/ubuntu/Documents/RoS/robo_ws/build/robo_RL/build/lib/robo_RL
copying robo_RL/camera.py -> /home/ubuntu/Documents/RoS/robo_ws/build/robo_RL/build/lib/robo_RL
copying robo_RL/__init__.py -> /home/ubuntu/Documents/RoS/robo_ws/build/robo_RL/build/lib/robo_RL
copying robo_RL/wheel_pub.py -> /home/ubuntu/Documents/RoS/robo_ws/build/robo_RL/build/lib/robo_RL
running install
running install_lib
creating /home/ubuntu/Documents/RoS/robo_ws/install/robo_RL/lib/python3.10/site-packages/robo_RL
copying /home/ubuntu/Documents/RoS/robo_ws/build/robo_RL/build/lib/robo_RL/camera.py -> /home/ubuntu/Documents/RoS/robo_ws/install/robo_RL/lib/python3.10/site-packages/robo_RL
copying /home/ubuntu/Documents/RoS/robo_ws/build/robo_RL/build/lib/robo_RL/__init__.py -> /home/ubuntu/Documents/RoS/robo_ws/install/robo_RL/lib/python3.10/site-packages/robo_RL
copying /home/ubuntu/Documents/RoS/robo_ws/build/robo_RL/build/lib/robo_RL/wheel_pub.py -> /home/ubuntu/Documents/RoS/robo_ws/install/robo_RL/lib/python3.10/site-packages/robo_RL
byte-compiling /home/ubuntu/Documents/RoS/robo_ws/install/robo_RL/lib/python3.10/site-packages/robo_RL/camera.py to camera.cpython-310.pyc
byte-compiling /home/ubuntu/Documents/RoS/robo_ws/install/robo_RL/lib/python3.10/site-packages/robo_RL/__init__.py to __init__.cpython-310.pyc
byte-compiling /home/ubuntu/Documents/RoS/robo_ws/install/robo_RL/lib/python3.10/site-packages/robo_RL/wheel_pub.py to wheel_pub.cpython-310.pyc
running install_data
creating /home/ubuntu/Documents/RoS/robo_ws/install/robo_RL/share/ament_index
creating /home/ubuntu/Documents/RoS/robo_ws/install/robo_RL/share/ament_index/resource_index
creating /home/ubuntu/Documents/RoS/robo_ws/install/robo_RL/share/ament_index/resource_index/packages
copying resource/robo_RL -> /home/ubuntu/Documents/RoS/robo_ws/install/robo_RL/share/ament_index/resource_index/packages
copying package.xml -> /home/ubuntu/Documents/RoS/robo_ws/install/robo_RL/share/robo_RL
creating /home/ubuntu/Documents/RoS/robo_ws/install/robo_RL/share/robo_RL/launch
copying launch/start_launch.py -> /home/ubuntu/Documents/RoS/robo_ws/install/robo_RL/share/robo_RL/launch
running install_egg_info
Copying ../../build/robo_RL/robo_RL.egg-info to /home/ubuntu/Documents/RoS/robo_ws/install/robo_RL/lib/python3.10/site-packages/robo_RL-0.0.0-py3.10.egg-info
running install_scripts
Installing sensor script to /home/ubuntu/Documents/RoS/robo_ws/install/robo_RL/lib/robo_RL
Installing wheel script to /home/ubuntu/Documents/RoS/robo_ws/install/robo_RL/lib/robo_RL
writing list of installed files to '/home/ubuntu/Documents/RoS/robo_ws/build/robo_RL/install.log'
