[0.494s] Invoking command in '/home/ubuntu/Documents/RoS/robo_ws/src/robo_RL': PYTHONPATH=/home/ubuntu/Documents/RoS/robo_ws/build/robo_RL/prefix_override:/home/ubuntu/Documents/RoS/robo_ws/install/robo_RL/lib/python3.10/site-packages:${PYTHONPATH} /usr/bin/python3 setup.py egg_info --egg-base ../../build/robo_RL build --build-base /home/ubuntu/Documents/RoS/robo_ws/build/robo_RL/build install --record /home/ubuntu/Documents/RoS/robo_ws/build/robo_RL/install.log --single-version-externally-managed
[0.617s] running egg_info
[0.617s] creating ../../build/robo_RL/robo_RL.egg-info
[0.617s] writing ../../build/robo_RL/robo_RL.egg-info/PKG-INFO
[0.618s] writing dependency_links to ../../build/robo_RL/robo_RL.egg-info/dependency_links.txt
[0.618s] writing entry points to ../../build/robo_RL/robo_RL.egg-info/entry_points.txt
[0.618s] writing requirements to ../../build/robo_RL/robo_RL.egg-info/requires.txt
[0.618s] writing top-level names to ../../build/robo_RL/robo_RL.egg-info/top_level.txt
[0.618s] writing manifest file '../../build/robo_RL/robo_RL.egg-info/SOURCES.txt'
[0.618s] reading manifest file '../../build/robo_RL/robo_RL.egg-info/SOURCES.txt'
[0.619s] writing manifest file '../../build/robo_RL/robo_RL.egg-info/SOURCES.txt'
[0.619s] running build
[0.619s] running build_py
[0.619s] creating /home/ubuntu/Documents/RoS/robo_ws/build/robo_RL/build
[0.619s] creating /home/ubuntu/Documents/RoS/robo_ws/build/robo_RL/build/lib
[0.620s] creating /home/ubuntu/Documents/RoS/robo_ws/build/robo_RL/build/lib/robo_RL
[0.620s] copying robo_RL/camera.py -> /home/ubuntu/Documents/RoS/robo_ws/build/robo_RL/build/lib/robo_RL
[0.621s] /usr/lib/python3/dist-packages/setuptools/command/install.py:34: SetuptoolsDeprecationWarning: setup.py install is deprecated. Use build and pip and other standards-based tools.
[0.621s]   warnings.warn(
[0.621s] copying robo_RL/__init__.py -> /home/ubuntu/Documents/RoS/robo_ws/build/robo_RL/build/lib/robo_RL
[0.622s] copying robo_RL/wheel_pub.py -> /home/ubuntu/Documents/RoS/robo_ws/build/robo_RL/build/lib/robo_RL
[0.622s] running install
[0.622s] running install_lib
[0.622s] creating /home/ubuntu/Documents/RoS/robo_ws/install/robo_RL/lib/python3.10/site-packages/robo_RL
[0.622s] copying /home/ubuntu/Documents/RoS/robo_ws/build/robo_RL/build/lib/robo_RL/camera.py -> /home/ubuntu/Documents/RoS/robo_ws/install/robo_RL/lib/python3.10/site-packages/robo_RL
[0.622s] copying /home/ubuntu/Documents/RoS/robo_ws/build/robo_RL/build/lib/robo_RL/__init__.py -> /home/ubuntu/Documents/RoS/robo_ws/install/robo_RL/lib/python3.10/site-packages/robo_RL
[0.622s] copying /home/ubuntu/Documents/RoS/robo_ws/build/robo_RL/build/lib/robo_RL/wheel_pub.py -> /home/ubuntu/Documents/RoS/robo_ws/install/robo_RL/lib/python3.10/site-packages/robo_RL
[0.622s] byte-compiling /home/ubuntu/Documents/RoS/robo_ws/install/robo_RL/lib/python3.10/site-packages/robo_RL/camera.py to camera.cpython-310.pyc
[0.622s] byte-compiling /home/ubuntu/Documents/RoS/robo_ws/install/robo_RL/lib/python3.10/site-packages/robo_RL/__init__.py to __init__.cpython-310.pyc
[0.622s] byte-compiling /home/ubuntu/Documents/RoS/robo_ws/install/robo_RL/lib/python3.10/site-packages/robo_RL/wheel_pub.py to wheel_pub.cpython-310.pyc
[0.622s] running install_data
[0.622s] creating /home/ubuntu/Documents/RoS/robo_ws/install/robo_RL/share/ament_index
[0.622s] creating /home/ubuntu/Documents/RoS/robo_ws/install/robo_RL/share/ament_index/resource_index
[0.623s] creating /home/ubuntu/Documents/RoS/robo_ws/install/robo_RL/share/ament_index/resource_index/packages
[0.623s] copying resource/robo_RL -> /home/ubuntu/Documents/RoS/robo_ws/install/robo_RL/share/ament_index/resource_index/packages
[0.623s] copying package.xml -> /home/ubuntu/Documents/RoS/robo_ws/install/robo_RL/share/robo_RL
[0.623s] creating /home/ubuntu/Documents/RoS/robo_ws/install/robo_RL/share/robo_RL/launch
[0.623s] copying launch/start_launch.py -> /home/ubuntu/Documents/RoS/robo_ws/install/robo_RL/share/robo_RL/launch
[0.623s] running install_egg_info
[0.623s] Copying ../../build/robo_RL/robo_RL.egg-info to /home/ubuntu/Documents/RoS/robo_ws/install/robo_RL/lib/python3.10/site-packages/robo_RL-0.0.0-py3.10.egg-info
[0.623s] running install_scripts
[0.630s] Installing sensor script to /home/ubuntu/Documents/RoS/robo_ws/install/robo_RL/lib/robo_RL
[0.631s] Installing wheel script to /home/ubuntu/Documents/RoS/robo_ws/install/robo_RL/lib/robo_RL
[0.631s] writing list of installed files to '/home/ubuntu/Documents/RoS/robo_ws/build/robo_RL/install.log'
[0.643s] Invoked command in '/home/ubuntu/Documents/RoS/robo_ws/src/robo_RL' returned '0': PYTHONPATH=/home/ubuntu/Documents/RoS/robo_ws/build/robo_RL/prefix_override:/home/ubuntu/Documents/RoS/robo_ws/install/robo_RL/lib/python3.10/site-packages:${PYTHONPATH} /usr/bin/python3 setup.py egg_info --egg-base ../../build/robo_RL build --build-base /home/ubuntu/Documents/RoS/robo_ws/build/robo_RL/build install --record /home/ubuntu/Documents/RoS/robo_ws/build/robo_RL/install.log --single-version-externally-managed
