[0.027s] Invoking command in '/home/ubuntu/Documents/RoS/robo_ws/build/urdf_example': CMAKE_PREFIX_PATH=${CMAKE_PREFIX_PATH}:/opt/ros/iron /usr/bin/cmake /home/ubuntu/Documents/RoS/robo_ws/src/urdf_example-main -DAMENT_CMAKE_SYMLINK_INSTALL=1 -DCMAKE_INSTALL_PREFIX=/home/ubuntu/Documents/RoS/robo_ws/install/urdf_example
[0.031s] -- Found ament_cmake: 2.0.3 (/opt/ros/iron/share/ament_cmake/cmake)
[0.104s] -- Override CMake install command with custom implementation using symlinks instead of copying resources
[0.108s] -- Found ament_lint_auto: 0.14.2 (/opt/ros/iron/share/ament_lint_auto/cmake)
[0.137s] -- Added test 'copyright' to check source files copyright and LICENSE
[0.138s] -- Added test 'flake8' to check Python code syntax and style conventions
[0.138s] -- Configured 'flake8' exclude dirs and/or files: 
[0.138s] -- Added test 'lint_cmake' to check CMake code style
[0.139s] -- Added test 'pep257' to check Python code against some of the docstring style conventions in PEP 257
[0.139s] -- Added test 'xmllint' to check XML markup files
[0.140s] -- Configuring done
[0.140s] -- Generating done
[0.141s] -- Build files have been written to: /home/ubuntu/Documents/RoS/robo_ws/build/urdf_example
[0.159s] Invoked command in '/home/ubuntu/Documents/RoS/robo_ws/build/urdf_example' returned '0': CMAKE_PREFIX_PATH=${CMAKE_PREFIX_PATH}:/opt/ros/iron /usr/bin/cmake /home/ubuntu/Documents/RoS/robo_ws/src/urdf_example-main -DAMENT_CMAKE_SYMLINK_INSTALL=1 -DCMAKE_INSTALL_PREFIX=/home/ubuntu/Documents/RoS/robo_ws/install/urdf_example
[0.159s] Invoking command in '/home/ubuntu/Documents/RoS/robo_ws/build/urdf_example': CMAKE_PREFIX_PATH=${CMAKE_PREFIX_PATH}:/opt/ros/iron /usr/bin/cmake --build /home/ubuntu/Documents/RoS/robo_ws/build/urdf_example -- -j8 -l8
[0.195s] Invoked command in '/home/ubuntu/Documents/RoS/robo_ws/build/urdf_example' returned '0': CMAKE_PREFIX_PATH=${CMAKE_PREFIX_PATH}:/opt/ros/iron /usr/bin/cmake --build /home/ubuntu/Documents/RoS/robo_ws/build/urdf_example -- -j8 -l8
[0.211s] Invoking command in '/home/ubuntu/Documents/RoS/robo_ws/build/urdf_example': CMAKE_PREFIX_PATH=${CMAKE_PREFIX_PATH}:/opt/ros/iron /usr/bin/cmake --install /home/ubuntu/Documents/RoS/robo_ws/build/urdf_example
[0.218s] -- Install configuration: ""
[0.219s] -- Execute custom install script
[0.220s] -- Symlinking: /home/ubuntu/Documents/RoS/robo_ws/install/urdf_example/share/urdf_example/description/example_gazebo.xacro
[0.230s] -- Symlinking: /home/ubuntu/Documents/RoS/robo_ws/install/urdf_example/share/urdf_example/description/example_include.xacro
[0.233s] -- Symlinking: /home/ubuntu/Documents/RoS/robo_ws/install/urdf_example/share/urdf_example/description/example_robot.urdf.xacro
[0.236s] -- Symlinking: /home/ubuntu/Documents/RoS/robo_ws/install/urdf_example/share/urdf_example/launch/robot_state_publisher.launch.py
[0.240s] -- Symlinking: /home/ubuntu/Documents/RoS/robo_ws/install/urdf_example/share/urdf_example/launch/rsp.launch.py
[0.244s] -- Symlinking: /home/ubuntu/Documents/RoS/robo_ws/install/urdf_example/share/urdf_example/launch/rsp_sim.launch.py
[0.248s] -- Symlinking: /home/ubuntu/Documents/RoS/robo_ws/install/urdf_example/share/urdf_example/worlds/test_world.world
[0.252s] -- Symlinking: /home/ubuntu/Documents/RoS/robo_ws/install/urdf_example/share/ament_index/resource_index/package_run_dependencies/urdf_example
[0.256s] -- Symlinking: /home/ubuntu/Documents/RoS/robo_ws/install/urdf_example/share/ament_index/resource_index/parent_prefix_path/urdf_example
[0.260s] -- Symlinking: /home/ubuntu/Documents/RoS/robo_ws/install/urdf_example/share/urdf_example/environment/ament_prefix_path.sh
[0.264s] -- Symlinking: /home/ubuntu/Documents/RoS/robo_ws/install/urdf_example/share/urdf_example/environment/ament_prefix_path.dsv
[0.268s] -- Symlinking: /home/ubuntu/Documents/RoS/robo_ws/install/urdf_example/share/urdf_example/environment/path.sh
[0.271s] -- Symlinking: /home/ubuntu/Documents/RoS/robo_ws/install/urdf_example/share/urdf_example/environment/path.dsv
[0.275s] -- Symlinking: /home/ubuntu/Documents/RoS/robo_ws/install/urdf_example/share/urdf_example/local_setup.bash
[0.278s] -- Symlinking: /home/ubuntu/Documents/RoS/robo_ws/install/urdf_example/share/urdf_example/local_setup.sh
[0.282s] -- Symlinking: /home/ubuntu/Documents/RoS/robo_ws/install/urdf_example/share/urdf_example/local_setup.zsh
[0.291s] -- Symlinking: /home/ubuntu/Documents/RoS/robo_ws/install/urdf_example/share/urdf_example/local_setup.dsv
[0.298s] -- Symlinking: /home/ubuntu/Documents/RoS/robo_ws/install/urdf_example/share/urdf_example/package.dsv
[0.305s] -- Symlinking: /home/ubuntu/Documents/RoS/robo_ws/install/urdf_example/share/ament_index/resource_index/packages/urdf_example
[0.313s] -- Symlinking: /home/ubuntu/Documents/RoS/robo_ws/install/urdf_example/share/urdf_example/cmake/urdf_exampleConfig.cmake
[0.318s] -- Symlinking: /home/ubuntu/Documents/RoS/robo_ws/install/urdf_example/share/urdf_example/cmake/urdf_exampleConfig-version.cmake
[0.322s] -- Symlinking: /home/ubuntu/Documents/RoS/robo_ws/install/urdf_example/share/urdf_example/package.xml
[0.328s] Invoked command in '/home/ubuntu/Documents/RoS/robo_ws/build/urdf_example' returned '0': CMAKE_PREFIX_PATH=${CMAKE_PREFIX_PATH}:/opt/ros/iron /usr/bin/cmake --install /home/ubuntu/Documents/RoS/robo_ws/build/urdf_example
