[0.347s] DEBUG:colcon:Command line arguments: ['/usr/bin/colcon', 'build', '--symlink-install']
[0.347s] DEBUG:colcon:Parsed command line arguments: Namespace(log_base=None, log_level=None, verb_name='build', build_base='build', install_base='install', merge_install=False, symlink_install=True, test_result_base=None, continue_on_error=False, executor='parallel', parallel_workers=8, event_handlers=None, ignore_user_meta=False, metas=['./colcon.meta'], base_paths=['.'], packages_ignore=None, packages_ignore_regex=None, paths=None, packages_up_to=None, packages_up_to_regex=None, packages_above=None, packages_above_and_dependencies=None, packages_above_depth=None, packages_select_by_dep=None, packages_skip_by_dep=None, packages_skip_up_to=None, packages_select_build_failed=False, packages_skip_build_finished=False, packages_select_test_failures=False, packages_skip_test_passed=False, packages_select=None, packages_skip=None, packages_select_regex=None, packages_skip_regex=None, packages_start=None, packages_end=None, allow_overriding=[], cmake_args=None, cmake_target=None, cmake_target_skip_unavailable=False, cmake_clean_cache=False, cmake_clean_first=False, cmake_force_configure=False, ament_cmake_args=None, catkin_cmake_args=None, catkin_skip_building_tests=False, verb_parser=<colcon_defaults.argument_parser.defaults.DefaultArgumentsDecorator object at 0xffff5cf28550>, verb_extension=<colcon_core.verb.build.BuildVerb object at 0xffff5cf294b0>, main=<bound method BuildVerb.main of <colcon_core.verb.build.BuildVerb object at 0xffff5cf294b0>>)
[0.364s] Level 1:colcon.colcon_core.package_discovery:discover_packages(colcon_meta) check parameters
[0.364s] Level 1:colcon.colcon_core.package_discovery:discover_packages(recursive) check parameters
[0.364s] Level 1:colcon.colcon_core.package_discovery:discover_packages(ignore) check parameters
[0.364s] Level 1:colcon.colcon_core.package_discovery:discover_packages(path) check parameters
[0.364s] Level 1:colcon.colcon_core.package_discovery:discover_packages(colcon_meta) discover
[0.364s] Level 1:colcon.colcon_core.package_discovery:discover_packages(recursive) discover
[0.364s] INFO:colcon.colcon_core.package_discovery:Crawling recursively for packages in '/home/ubuntu/Documents/RoS/robo_ws'
[0.364s] Level 1:colcon.colcon_core.package_identification:_identify(.) by extensions ['ignore', 'ignore_ament_install']
[0.364s] Level 1:colcon.colcon_core.package_identification:_identify(.) by extension 'ignore'
[0.364s] Level 1:colcon.colcon_core.package_identification:_identify(.) by extension 'ignore_ament_install'
[0.364s] Level 1:colcon.colcon_core.package_identification:_identify(.) by extensions ['colcon_pkg']
[0.364s] Level 1:colcon.colcon_core.package_identification:_identify(.) by extension 'colcon_pkg'
[0.365s] Level 1:colcon.colcon_core.package_identification:_identify(.) by extensions ['colcon_meta']
[0.365s] Level 1:colcon.colcon_core.package_identification:_identify(.) by extension 'colcon_meta'
[0.365s] Level 1:colcon.colcon_core.package_identification:_identify(.) by extensions ['ros']
[0.365s] Level 1:colcon.colcon_core.package_identification:_identify(.) by extension 'ros'
[0.369s] Level 1:colcon.colcon_core.package_identification:_identify(.) by extensions ['cmake', 'python']
[0.369s] Level 1:colcon.colcon_core.package_identification:_identify(.) by extension 'cmake'
[0.369s] Level 1:colcon.colcon_core.package_identification:_identify(.) by extension 'python'
[0.369s] Level 1:colcon.colcon_core.package_identification:_identify(.) by extensions ['python_setup_py']
[0.369s] Level 1:colcon.colcon_core.package_identification:_identify(.) by extension 'python_setup_py'
[0.369s] Level 1:colcon.colcon_core.package_identification:_identify(build) by extensions ['ignore', 'ignore_ament_install']
[0.369s] Level 1:colcon.colcon_core.package_identification:_identify(build) by extension 'ignore'
[0.369s] Level 1:colcon.colcon_core.package_identification:_identify(build) ignored
[0.370s] Level 1:colcon.colcon_core.package_identification:_identify(install) by extensions ['ignore', 'ignore_ament_install']
[0.370s] Level 1:colcon.colcon_core.package_identification:_identify(install) by extension 'ignore'
[0.370s] Level 1:colcon.colcon_core.package_identification:_identify(install) ignored
[0.370s] Level 1:colcon.colcon_core.package_identification:_identify(log) by extensions ['ignore', 'ignore_ament_install']
[0.370s] Level 1:colcon.colcon_core.package_identification:_identify(log) by extension 'ignore'
[0.370s] Level 1:colcon.colcon_core.package_identification:_identify(log) ignored
[0.370s] Level 1:colcon.colcon_core.package_identification:_identify(src) by extensions ['ignore', 'ignore_ament_install']
[0.370s] Level 1:colcon.colcon_core.package_identification:_identify(src) by extension 'ignore'
[0.370s] Level 1:colcon.colcon_core.package_identification:_identify(src) by extension 'ignore_ament_install'
[0.370s] Level 1:colcon.colcon_core.package_identification:_identify(src) by extensions ['colcon_pkg']
[0.370s] Level 1:colcon.colcon_core.package_identification:_identify(src) by extension 'colcon_pkg'
[0.370s] Level 1:colcon.colcon_core.package_identification:_identify(src) by extensions ['colcon_meta']
[0.370s] Level 1:colcon.colcon_core.package_identification:_identify(src) by extension 'colcon_meta'
[0.370s] Level 1:colcon.colcon_core.package_identification:_identify(src) by extensions ['ros']
[0.370s] Level 1:colcon.colcon_core.package_identification:_identify(src) by extension 'ros'
[0.370s] Level 1:colcon.colcon_core.package_identification:_identify(src) by extensions ['cmake', 'python']
[0.370s] Level 1:colcon.colcon_core.package_identification:_identify(src) by extension 'cmake'
[0.370s] Level 1:colcon.colcon_core.package_identification:_identify(src) by extension 'python'
[0.370s] Level 1:colcon.colcon_core.package_identification:_identify(src) by extensions ['python_setup_py']
[0.370s] Level 1:colcon.colcon_core.package_identification:_identify(src) by extension 'python_setup_py'
[0.370s] Level 1:colcon.colcon_core.package_identification:_identify(src/sdf) by extensions ['ignore', 'ignore_ament_install']
[0.370s] Level 1:colcon.colcon_core.package_identification:_identify(src/sdf) by extension 'ignore'
[0.370s] Level 1:colcon.colcon_core.package_identification:_identify(src/sdf) by extension 'ignore_ament_install'
[0.370s] Level 1:colcon.colcon_core.package_identification:_identify(src/sdf) by extensions ['colcon_pkg']
[0.370s] Level 1:colcon.colcon_core.package_identification:_identify(src/sdf) by extension 'colcon_pkg'
[0.370s] Level 1:colcon.colcon_core.package_identification:_identify(src/sdf) by extensions ['colcon_meta']
[0.370s] Level 1:colcon.colcon_core.package_identification:_identify(src/sdf) by extension 'colcon_meta'
[0.370s] Level 1:colcon.colcon_core.package_identification:_identify(src/sdf) by extensions ['ros']
[0.370s] Level 1:colcon.colcon_core.package_identification:_identify(src/sdf) by extension 'ros'
[0.370s] Level 1:colcon.colcon_core.package_identification:_identify(src/sdf) by extensions ['cmake', 'python']
[0.370s] Level 1:colcon.colcon_core.package_identification:_identify(src/sdf) by extension 'cmake'
[0.370s] Level 1:colcon.colcon_core.package_identification:_identify(src/sdf) by extension 'python'
[0.370s] Level 1:colcon.colcon_core.package_identification:_identify(src/sdf) by extensions ['python_setup_py']
[0.370s] Level 1:colcon.colcon_core.package_identification:_identify(src/sdf) by extension 'python_setup_py'
[0.370s] Level 1:colcon.colcon_core.package_identification:_identify(src/test) by extensions ['ignore', 'ignore_ament_install']
[0.370s] Level 1:colcon.colcon_core.package_identification:_identify(src/test) by extension 'ignore'
[0.370s] Level 1:colcon.colcon_core.package_identification:_identify(src/test) by extension 'ignore_ament_install'
[0.370s] Level 1:colcon.colcon_core.package_identification:_identify(src/test) by extensions ['colcon_pkg']
[0.370s] Level 1:colcon.colcon_core.package_identification:_identify(src/test) by extension 'colcon_pkg'
[0.370s] Level 1:colcon.colcon_core.package_identification:_identify(src/test) by extensions ['colcon_meta']
[0.370s] Level 1:colcon.colcon_core.package_identification:_identify(src/test) by extension 'colcon_meta'
[0.370s] Level 1:colcon.colcon_core.package_identification:_identify(src/test) by extensions ['ros']
[0.370s] Level 1:colcon.colcon_core.package_identification:_identify(src/test) by extension 'ros'
[0.371s] DEBUG:colcon.colcon_core.package_identification:Package 'src/test' with type 'ros.ament_cmake' and name 'test'
[0.371s] Level 1:colcon.colcon_core.package_identification:_identify(src/urdf_example-main) by extensions ['ignore', 'ignore_ament_install']
[0.372s] Level 1:colcon.colcon_core.package_identification:_identify(src/urdf_example-main) by extension 'ignore'
[0.372s] Level 1:colcon.colcon_core.package_identification:_identify(src/urdf_example-main) by extension 'ignore_ament_install'
[0.372s] Level 1:colcon.colcon_core.package_identification:_identify(src/urdf_example-main) by extensions ['colcon_pkg']
[0.372s] Level 1:colcon.colcon_core.package_identification:_identify(src/urdf_example-main) by extension 'colcon_pkg'
[0.372s] Level 1:colcon.colcon_core.package_identification:_identify(src/urdf_example-main) by extensions ['colcon_meta']
[0.372s] Level 1:colcon.colcon_core.package_identification:_identify(src/urdf_example-main) by extension 'colcon_meta'
[0.372s] Level 1:colcon.colcon_core.package_identification:_identify(src/urdf_example-main) by extensions ['ros']
[0.372s] Level 1:colcon.colcon_core.package_identification:_identify(src/urdf_example-main) by extension 'ros'
[0.372s] DEBUG:colcon.colcon_core.package_identification:Package 'src/urdf_example-main' with type 'ros.ament_cmake' and name 'urdf_example'
[0.372s] Level 1:colcon.colcon_core.package_discovery:discover_packages(recursive) using defaults
[0.372s] Level 1:colcon.colcon_core.package_discovery:discover_packages(ignore) discover
[0.372s] Level 1:colcon.colcon_core.package_discovery:discover_packages(ignore) using defaults
[0.372s] Level 1:colcon.colcon_core.package_discovery:discover_packages(path) discover
[0.372s] Level 1:colcon.colcon_core.package_discovery:discover_packages(path) using defaults
[0.404s] Level 1:colcon.colcon_core.package_discovery:discover_packages(prefix_path) check parameters
[0.404s] Level 1:colcon.colcon_core.package_discovery:discover_packages(prefix_path) discover
[0.415s] DEBUG:colcon.colcon_installed_package_information.package_discovery:Found 4 installed packages in /home/ubuntu/Documents/RoS/robo_ws/install
[0.420s] DEBUG:colcon.colcon_installed_package_information.package_discovery:Found 315 installed packages in /opt/ros/iron
[0.420s] Level 1:colcon.colcon_core.package_discovery:discover_packages(prefix_path) using defaults
[0.461s] Level 5:colcon.colcon_core.verb:set package 'test' build argument 'cmake_args' from command line to 'None'
[0.461s] Level 5:colcon.colcon_core.verb:set package 'test' build argument 'cmake_target' from command line to 'None'
[0.461s] Level 5:colcon.colcon_core.verb:set package 'test' build argument 'cmake_target_skip_unavailable' from command line to 'False'
[0.461s] Level 5:colcon.colcon_core.verb:set package 'test' build argument 'cmake_clean_cache' from command line to 'False'
[0.461s] Level 5:colcon.colcon_core.verb:set package 'test' build argument 'cmake_clean_first' from command line to 'False'
[0.461s] Level 5:colcon.colcon_core.verb:set package 'test' build argument 'cmake_force_configure' from command line to 'False'
[0.461s] Level 5:colcon.colcon_core.verb:set package 'test' build argument 'ament_cmake_args' from command line to 'None'
[0.461s] Level 5:colcon.colcon_core.verb:set package 'test' build argument 'catkin_cmake_args' from command line to 'None'
[0.461s] Level 5:colcon.colcon_core.verb:set package 'test' build argument 'catkin_skip_building_tests' from command line to 'False'
[0.461s] DEBUG:colcon.colcon_core.verb:Building package 'test' with the following arguments: {'ament_cmake_args': None, 'build_base': '/home/ubuntu/Documents/RoS/robo_ws/build/test', 'catkin_cmake_args': None, 'catkin_skip_building_tests': False, 'cmake_args': None, 'cmake_clean_cache': False, 'cmake_clean_first': False, 'cmake_force_configure': False, 'cmake_target': None, 'cmake_target_skip_unavailable': False, 'install_base': '/home/ubuntu/Documents/RoS/robo_ws/install/test', 'merge_install': False, 'path': '/home/ubuntu/Documents/RoS/robo_ws/src/test', 'symlink_install': True, 'test_result_base': None}
[0.466s] Level 5:colcon.colcon_core.verb:set package 'urdf_example' build argument 'cmake_args' from command line to 'None'
[0.466s] Level 5:colcon.colcon_core.verb:set package 'urdf_example' build argument 'cmake_target' from command line to 'None'
[0.466s] Level 5:colcon.colcon_core.verb:set package 'urdf_example' build argument 'cmake_target_skip_unavailable' from command line to 'False'
[0.466s] Level 5:colcon.colcon_core.verb:set package 'urdf_example' build argument 'cmake_clean_cache' from command line to 'False'
[0.466s] Level 5:colcon.colcon_core.verb:set package 'urdf_example' build argument 'cmake_clean_first' from command line to 'False'
[0.466s] Level 5:colcon.colcon_core.verb:set package 'urdf_example' build argument 'cmake_force_configure' from command line to 'False'
[0.466s] Level 5:colcon.colcon_core.verb:set package 'urdf_example' build argument 'ament_cmake_args' from command line to 'None'
[0.466s] Level 5:colcon.colcon_core.verb:set package 'urdf_example' build argument 'catkin_cmake_args' from command line to 'None'
[0.466s] Level 5:colcon.colcon_core.verb:set package 'urdf_example' build argument 'catkin_skip_building_tests' from command line to 'False'
[0.466s] DEBUG:colcon.colcon_core.verb:Building package 'urdf_example' with the following arguments: {'ament_cmake_args': None, 'build_base': '/home/ubuntu/Documents/RoS/robo_ws/build/urdf_example', 'catkin_cmake_args': None, 'catkin_skip_building_tests': False, 'cmake_args': None, 'cmake_clean_cache': False, 'cmake_clean_first': False, 'cmake_force_configure': False, 'cmake_target': None, 'cmake_target_skip_unavailable': False, 'install_base': '/home/ubuntu/Documents/RoS/robo_ws/install/urdf_example', 'merge_install': False, 'path': '/home/ubuntu/Documents/RoS/robo_ws/src/urdf_example-main', 'symlink_install': True, 'test_result_base': None}
[0.471s] INFO:colcon.colcon_core.executor:Executing jobs using 'parallel' executor
[0.477s] DEBUG:colcon.colcon_parallel_executor.executor.parallel:run_until_complete
[0.477s] INFO:colcon.colcon_ros.task.ament_cmake.build:Building ROS package in '/home/ubuntu/Documents/RoS/robo_ws/src/test' with build type 'ament_cmake'
[0.477s] INFO:colcon.colcon_cmake.task.cmake.build:Building CMake package in '/home/ubuntu/Documents/RoS/robo_ws/src/test'
[0.483s] INFO:colcon.colcon_core.plugin_system:Skipping extension 'colcon_core.shell.bat': Not used on non-Windows systems
[0.483s] INFO:colcon.colcon_core.shell:Skip shell extension 'powershell' for command environment: Not usable outside of PowerShell
[0.483s] DEBUG:colcon.colcon_core.shell:Skip shell extension 'dsv' for command environment
[0.500s] INFO:colcon.colcon_ros.task.ament_cmake.build:Building ROS package in '/home/ubuntu/Documents/RoS/robo_ws/src/urdf_example-main' with build type 'ament_cmake'
[0.500s] INFO:colcon.colcon_cmake.task.cmake.build:Building CMake package in '/home/ubuntu/Documents/RoS/robo_ws/src/urdf_example-main'
[0.505s] INFO:colcon.colcon_core.shell:Skip shell extension 'powershell' for command environment: Not usable outside of PowerShell
[0.505s] DEBUG:colcon.colcon_core.shell:Skip shell extension 'dsv' for command environment
[0.527s] DEBUG:colcon.colcon_core.event_handler.log_command:Invoking command in '/home/ubuntu/Documents/RoS/robo_ws/build/test': CMAKE_PREFIX_PATH=${CMAKE_PREFIX_PATH}:/opt/ros/iron /usr/bin/cmake --build /home/ubuntu/Documents/RoS/robo_ws/build/test -- -j8 -l8
[0.528s] DEBUG:colcon.colcon_core.event_handler.log_command:Invoking command in '/home/ubuntu/Documents/RoS/robo_ws/build/urdf_example': CMAKE_PREFIX_PATH=${CMAKE_PREFIX_PATH}:/opt/ros/iron /usr/bin/cmake --build /home/ubuntu/Documents/RoS/robo_ws/build/urdf_example -- -j8 -l8
[0.542s] DEBUG:colcon.colcon_core.event_handler.log_command:Invoked command in '/home/ubuntu/Documents/RoS/robo_ws/build/urdf_example' returned '0': CMAKE_PREFIX_PATH=${CMAKE_PREFIX_PATH}:/opt/ros/iron /usr/bin/cmake --build /home/ubuntu/Documents/RoS/robo_ws/build/urdf_example -- -j8 -l8
[0.556s] DEBUG:colcon.colcon_core.event_handler.log_command:Invoking command in '/home/ubuntu/Documents/RoS/robo_ws/build/urdf_example': CMAKE_PREFIX_PATH=${CMAKE_PREFIX_PATH}:/opt/ros/iron /usr/bin/cmake --install /home/ubuntu/Documents/RoS/robo_ws/build/urdf_example
[0.564s] Level 1:colcon.colcon_core.environment:create_environment_scripts_only(urdf_example)
[0.564s] DEBUG:colcon.colcon_core.event_handler.log_command:Invoked command in '/home/ubuntu/Documents/RoS/robo_ws/build/urdf_example' returned '0': CMAKE_PREFIX_PATH=${CMAKE_PREFIX_PATH}:/opt/ros/iron /usr/bin/cmake --install /home/ubuntu/Documents/RoS/robo_ws/build/urdf_example
[0.572s] Level 1:colcon.colcon_core.environment:checking '/home/ubuntu/Documents/RoS/robo_ws/install/urdf_example' for CMake module files
[0.573s] Level 1:colcon.colcon_core.environment:checking '/home/ubuntu/Documents/RoS/robo_ws/install/urdf_example' for CMake config files
[0.573s] Level 1:colcon.colcon_core.shell:create_environment_hook('urdf_example', 'cmake_prefix_path')
[0.580s] INFO:colcon.colcon_core.shell:Creating environment hook '/home/ubuntu/Documents/RoS/robo_ws/install/urdf_example/share/urdf_example/hook/cmake_prefix_path.ps1'
[0.580s] INFO:colcon.colcon_core.shell:Creating environment descriptor '/home/ubuntu/Documents/RoS/robo_ws/install/urdf_example/share/urdf_example/hook/cmake_prefix_path.dsv'
[0.580s] INFO:colcon.colcon_core.shell:Creating environment hook '/home/ubuntu/Documents/RoS/robo_ws/install/urdf_example/share/urdf_example/hook/cmake_prefix_path.sh'
[0.580s] Level 1:colcon.colcon_core.environment:checking '/home/ubuntu/Documents/RoS/robo_ws/install/urdf_example/bin'
[0.580s] Level 1:colcon.colcon_core.environment:checking '/home/ubuntu/Documents/RoS/robo_ws/install/urdf_example/lib/pkgconfig/urdf_example.pc'
[0.580s] Level 1:colcon.colcon_core.environment:checking '/home/ubuntu/Documents/RoS/robo_ws/install/urdf_example/lib/python3.10/site-packages'
[0.581s] Level 1:colcon.colcon_core.environment:checking '/home/ubuntu/Documents/RoS/robo_ws/install/urdf_example/bin'
[0.586s] INFO:colcon.colcon_core.shell:Creating package script '/home/ubuntu/Documents/RoS/robo_ws/install/urdf_example/share/urdf_example/package.ps1'
[0.586s] INFO:colcon.colcon_core.shell:Creating package descriptor '/home/ubuntu/Documents/RoS/robo_ws/install/urdf_example/share/urdf_example/package.dsv'
[0.586s] INFO:colcon.colcon_core.shell:Creating package script '/home/ubuntu/Documents/RoS/robo_ws/install/urdf_example/share/urdf_example/package.sh'
[0.586s] INFO:colcon.colcon_core.shell:Creating package script '/home/ubuntu/Documents/RoS/robo_ws/install/urdf_example/share/urdf_example/package.bash'
[0.587s] INFO:colcon.colcon_core.shell:Creating package script '/home/ubuntu/Documents/RoS/robo_ws/install/urdf_example/share/urdf_example/package.zsh'
[0.587s] Level 1:colcon.colcon_core.environment:create_file_with_runtime_dependencies(/home/ubuntu/Documents/RoS/robo_ws/install/urdf_example/share/colcon-core/packages/urdf_example)
[0.609s] Level 1:colcon.colcon_core.environment:create_environment_scripts_only(urdf_example)
[0.615s] Level 1:colcon.colcon_core.environment:checking '/home/ubuntu/Documents/RoS/robo_ws/install/urdf_example' for CMake module files
[0.615s] Level 1:colcon.colcon_core.environment:checking '/home/ubuntu/Documents/RoS/robo_ws/install/urdf_example' for CMake config files
[0.615s] Level 1:colcon.colcon_core.shell:create_environment_hook('urdf_example', 'cmake_prefix_path')
[0.621s] INFO:colcon.colcon_core.shell:Creating environment hook '/home/ubuntu/Documents/RoS/robo_ws/install/urdf_example/share/urdf_example/hook/cmake_prefix_path.ps1'
[0.621s] INFO:colcon.colcon_core.shell:Creating environment descriptor '/home/ubuntu/Documents/RoS/robo_ws/install/urdf_example/share/urdf_example/hook/cmake_prefix_path.dsv'
[0.621s] INFO:colcon.colcon_core.shell:Creating environment hook '/home/ubuntu/Documents/RoS/robo_ws/install/urdf_example/share/urdf_example/hook/cmake_prefix_path.sh'
[0.621s] Level 1:colcon.colcon_core.environment:checking '/home/ubuntu/Documents/RoS/robo_ws/install/urdf_example/bin'
[0.621s] Level 1:colcon.colcon_core.environment:checking '/home/ubuntu/Documents/RoS/robo_ws/install/urdf_example/lib/pkgconfig/urdf_example.pc'
[0.621s] Level 1:colcon.colcon_core.environment:checking '/home/ubuntu/Documents/RoS/robo_ws/install/urdf_example/lib/python3.10/site-packages'
[0.621s] Level 1:colcon.colcon_core.environment:checking '/home/ubuntu/Documents/RoS/robo_ws/install/urdf_example/bin'
[0.626s] INFO:colcon.colcon_core.shell:Creating package script '/home/ubuntu/Documents/RoS/robo_ws/install/urdf_example/share/urdf_example/package.ps1'
[0.627s] INFO:colcon.colcon_core.shell:Creating package descriptor '/home/ubuntu/Documents/RoS/robo_ws/install/urdf_example/share/urdf_example/package.dsv'
[0.627s] INFO:colcon.colcon_core.shell:Creating package script '/home/ubuntu/Documents/RoS/robo_ws/install/urdf_example/share/urdf_example/package.sh'
[0.627s] INFO:colcon.colcon_core.shell:Creating package script '/home/ubuntu/Documents/RoS/robo_ws/install/urdf_example/share/urdf_example/package.bash'
[0.627s] INFO:colcon.colcon_core.shell:Creating package script '/home/ubuntu/Documents/RoS/robo_ws/install/urdf_example/share/urdf_example/package.zsh'
[0.627s] Level 1:colcon.colcon_core.environment:create_file_with_runtime_dependencies(/home/ubuntu/Documents/RoS/robo_ws/install/urdf_example/share/colcon-core/packages/urdf_example)
[1.992s] DEBUG:colcon.colcon_core.event_handler.log_command:Invoked command in '/home/ubuntu/Documents/RoS/robo_ws/build/test' returned '2': CMAKE_PREFIX_PATH=${CMAKE_PREFIX_PATH}:/opt/ros/iron /usr/bin/cmake --build /home/ubuntu/Documents/RoS/robo_ws/build/test -- -j8 -l8
[2.022s] Level 1:colcon.colcon_core.environment:create_environment_scripts_only(test)
[2.027s] Level 1:colcon.colcon_core.environment:checking '/home/ubuntu/Documents/RoS/robo_ws/install/test' for CMake module files
[2.027s] Level 1:colcon.colcon_core.environment:checking '/home/ubuntu/Documents/RoS/robo_ws/install/test' for CMake config files
[2.028s] Level 1:colcon.colcon_core.shell:create_environment_hook('test', 'cmake_prefix_path')
[2.033s] INFO:colcon.colcon_core.shell:Creating environment hook '/home/ubuntu/Documents/RoS/robo_ws/install/test/share/test/hook/cmake_prefix_path.ps1'
[2.033s] INFO:colcon.colcon_core.shell:Creating environment descriptor '/home/ubuntu/Documents/RoS/robo_ws/install/test/share/test/hook/cmake_prefix_path.dsv'
[2.033s] INFO:colcon.colcon_core.shell:Creating environment hook '/home/ubuntu/Documents/RoS/robo_ws/install/test/share/test/hook/cmake_prefix_path.sh'
[2.033s] Level 1:colcon.colcon_core.environment:checking '/home/ubuntu/Documents/RoS/robo_ws/install/test/lib'
[2.033s] Level 1:colcon.colcon_core.environment:checking '/home/ubuntu/Documents/RoS/robo_ws/install/test/bin'
[2.033s] Level 1:colcon.colcon_core.environment:checking '/home/ubuntu/Documents/RoS/robo_ws/install/test/lib/pkgconfig/test.pc'
[2.033s] Level 1:colcon.colcon_core.environment:checking '/home/ubuntu/Documents/RoS/robo_ws/install/test/lib/python3.10/site-packages'
[2.033s] Level 1:colcon.colcon_core.environment:checking '/home/ubuntu/Documents/RoS/robo_ws/install/test/bin'
[2.038s] INFO:colcon.colcon_core.shell:Creating package script '/home/ubuntu/Documents/RoS/robo_ws/install/test/share/test/package.ps1'
[2.039s] INFO:colcon.colcon_core.shell:Creating package descriptor '/home/ubuntu/Documents/RoS/robo_ws/install/test/share/test/package.dsv'
[2.039s] INFO:colcon.colcon_core.shell:Creating package script '/home/ubuntu/Documents/RoS/robo_ws/install/test/share/test/package.sh'
[2.039s] INFO:colcon.colcon_core.shell:Creating package script '/home/ubuntu/Documents/RoS/robo_ws/install/test/share/test/package.bash'
[2.039s] INFO:colcon.colcon_core.shell:Creating package script '/home/ubuntu/Documents/RoS/robo_ws/install/test/share/test/package.zsh'
[2.039s] Level 1:colcon.colcon_core.environment:create_file_with_runtime_dependencies(/home/ubuntu/Documents/RoS/robo_ws/install/test/share/colcon-core/packages/test)
[2.049s] DEBUG:colcon.colcon_parallel_executor.executor.parallel:closing loop
[2.049s] DEBUG:colcon.colcon_parallel_executor.executor.parallel:loop closed
[2.049s] DEBUG:colcon.colcon_parallel_executor.executor.parallel:run_until_complete finished with '2'
[2.049s] DEBUG:colcon.colcon_core.event_reactor:joining thread
[2.075s] INFO:colcon.colcon_core.plugin_system:Skipping extension 'colcon_notification.desktop_notification.terminal_notifier': Not used on non-Darwin systems
[2.075s] INFO:colcon.colcon_core.plugin_system:Skipping extension 'colcon_notification.desktop_notification.win32': Not used on non-Windows systems
[2.075s] INFO:colcon.colcon_notification.desktop_notification:Sending desktop notification using 'notify2'
[2.080s] DEBUG:colcon.colcon_core.event_reactor:joined thread
[2.098s] INFO:colcon.colcon_core.shell:Creating prefix script '/home/ubuntu/Documents/RoS/robo_ws/install/local_setup.ps1'
[2.099s] INFO:colcon.colcon_core.shell:Creating prefix util module '/home/ubuntu/Documents/RoS/robo_ws/install/_local_setup_util_ps1.py'
[2.100s] INFO:colcon.colcon_core.shell:Creating prefix chain script '/home/ubuntu/Documents/RoS/robo_ws/install/setup.ps1'
[2.114s] INFO:colcon.colcon_core.shell:Creating prefix script '/home/ubuntu/Documents/RoS/robo_ws/install/local_setup.sh'
[2.115s] INFO:colcon.colcon_core.shell:Creating prefix util module '/home/ubuntu/Documents/RoS/robo_ws/install/_local_setup_util_sh.py'
[2.115s] INFO:colcon.colcon_core.shell:Creating prefix chain script '/home/ubuntu/Documents/RoS/robo_ws/install/setup.sh'
[2.126s] INFO:colcon.colcon_core.shell:Creating prefix script '/home/ubuntu/Documents/RoS/robo_ws/install/local_setup.bash'
[2.126s] INFO:colcon.colcon_core.shell:Creating prefix chain script '/home/ubuntu/Documents/RoS/robo_ws/install/setup.bash'
[2.132s] INFO:colcon.colcon_core.shell:Creating prefix script '/home/ubuntu/Documents/RoS/robo_ws/install/local_setup.zsh'
[2.132s] INFO:colcon.colcon_core.shell:Creating prefix chain script '/home/ubuntu/Documents/RoS/robo_ws/install/setup.zsh'
