[0.028s] Invoking command in '/home/ubuntu/Documents/RoS/robo_ws/build/urdf_example': CMAKE_PREFIX_PATH=${CMAKE_PREFIX_PATH}:/opt/ros/iron /usr/bin/cmake /home/ubuntu/Documents/RoS/robo_ws/src/urdf_example-main -DBUILD_TESTING=ON -DCMAKE_INSTALL_PREFIX=/home/ubuntu/Documents/RoS/robo_ws/install/urdf_example
[0.045s] -- Found ament_cmake: 2.0.3 (/opt/ros/iron/share/ament_cmake/cmake)
[0.129s] -- Override CMake install command with custom implementation using symlinks instead of copying resources
[0.139s] -- Found ament_lint_auto: 0.14.2 (/opt/ros/iron/share/ament_lint_auto/cmake)
[0.197s] -- Added test 'copyright' to check source files copyright and LICENSE
[0.198s] -- Added test 'flake8' to check Python code syntax and style conventions
[0.198s] -- Configured 'flake8' exclude dirs and/or files: 
[0.199s] -- Added test 'lint_cmake' to check CMake code style
[0.199s] -- Added test 'pep257' to check Python code against some of the docstring style conventions in PEP 257
[0.200s] -- Added test 'xmllint' to check XML markup files
[0.201s] -- Configuring done
[0.204s] -- Generating done
[0.205s] -- Build files have been written to: /home/ubuntu/Documents/RoS/robo_ws/build/urdf_example
[0.207s] Invoked command in '/home/ubuntu/Documents/RoS/robo_ws/build/urdf_example' returned '0': CMAKE_PREFIX_PATH=${CMAKE_PREFIX_PATH}:/opt/ros/iron /usr/bin/cmake /home/ubuntu/Documents/RoS/robo_ws/src/urdf_example-main -DBUILD_TESTING=ON -DCMAKE_INSTALL_PREFIX=/home/ubuntu/Documents/RoS/robo_ws/install/urdf_example
[0.208s] Invoking command in '/home/ubuntu/Documents/RoS/robo_ws/build/urdf_example': CMAKE_PREFIX_PATH=${CMAKE_PREFIX_PATH}:/opt/ros/iron /usr/bin/cmake --build /home/ubuntu/Documents/RoS/robo_ws/build/urdf_example -- -j8 -l8
[0.241s] Invoked command in '/home/ubuntu/Documents/RoS/robo_ws/build/urdf_example' returned '0': CMAKE_PREFIX_PATH=${CMAKE_PREFIX_PATH}:/opt/ros/iron /usr/bin/cmake --build /home/ubuntu/Documents/RoS/robo_ws/build/urdf_example -- -j8 -l8
[0.262s] Invoking command in '/home/ubuntu/Documents/RoS/robo_ws/build/urdf_example': CMAKE_PREFIX_PATH=${CMAKE_PREFIX_PATH}:/opt/ros/iron /usr/bin/cmake --install /home/ubuntu/Documents/RoS/robo_ws/build/urdf_example
[0.269s] -- Install configuration: ""
[0.270s] -- Execute custom install script
[0.270s] -- Up-to-date symlink: /home/ubuntu/Documents/RoS/robo_ws/install/urdf_example/share/urdf_example/description/example_gazebo.xacro
[0.271s] -- Up-to-date symlink: /home/ubuntu/Documents/RoS/robo_ws/install/urdf_example/share/urdf_example/description/example_include.xacro
[0.271s] -- Up-to-date symlink: /home/ubuntu/Documents/RoS/robo_ws/install/urdf_example/share/urdf_example/description/example_robot.urdf.xacro
[0.271s] -- Up-to-date symlink: /home/ubuntu/Documents/RoS/robo_ws/install/urdf_example/share/urdf_example/launch/robot_state_publisher.launch.py
[0.271s] -- Up-to-date symlink: /home/ubuntu/Documents/RoS/robo_ws/install/urdf_example/share/urdf_example/launch/rsp.launch.py
[0.271s] -- Up-to-date symlink: /home/ubuntu/Documents/RoS/robo_ws/install/urdf_example/share/urdf_example/launch/rsp_sim.launch.py
[0.271s] -- Up-to-date symlink: /home/ubuntu/Documents/RoS/robo_ws/install/urdf_example/share/urdf_example/worlds/test_world.world
[0.272s] -- Up-to-date symlink: /home/ubuntu/Documents/RoS/robo_ws/install/urdf_example/share/ament_index/resource_index/package_run_dependencies/urdf_example
[0.272s] -- Up-to-date symlink: /home/ubuntu/Documents/RoS/robo_ws/install/urdf_example/share/ament_index/resource_index/parent_prefix_path/urdf_example
[0.272s] -- Up-to-date symlink: /home/ubuntu/Documents/RoS/robo_ws/install/urdf_example/share/urdf_example/environment/ament_prefix_path.sh
[0.272s] -- Up-to-date symlink: /home/ubuntu/Documents/RoS/robo_ws/install/urdf_example/share/urdf_example/environment/ament_prefix_path.dsv
[0.272s] -- Up-to-date symlink: /home/ubuntu/Documents/RoS/robo_ws/install/urdf_example/share/urdf_example/environment/path.sh
[0.272s] -- Up-to-date symlink: /home/ubuntu/Documents/RoS/robo_ws/install/urdf_example/share/urdf_example/environment/path.dsv
[0.273s] -- Up-to-date symlink: /home/ubuntu/Documents/RoS/robo_ws/install/urdf_example/share/urdf_example/local_setup.bash
[0.273s] -- Up-to-date symlink: /home/ubuntu/Documents/RoS/robo_ws/install/urdf_example/share/urdf_example/local_setup.sh
[0.273s] -- Up-to-date symlink: /home/ubuntu/Documents/RoS/robo_ws/install/urdf_example/share/urdf_example/local_setup.zsh
[0.273s] -- Up-to-date symlink: /home/ubuntu/Documents/RoS/robo_ws/install/urdf_example/share/urdf_example/local_setup.dsv
[0.273s] -- Symlinking: /home/ubuntu/Documents/RoS/robo_ws/install/urdf_example/share/urdf_example/package.dsv
[0.279s] -- Up-to-date symlink: /home/ubuntu/Documents/RoS/robo_ws/install/urdf_example/share/ament_index/resource_index/packages/urdf_example
[0.279s] -- Up-to-date symlink: /home/ubuntu/Documents/RoS/robo_ws/install/urdf_example/share/urdf_example/cmake/urdf_exampleConfig.cmake
[0.279s] -- Up-to-date symlink: /home/ubuntu/Documents/RoS/robo_ws/install/urdf_example/share/urdf_example/cmake/urdf_exampleConfig-version.cmake
[0.279s] -- Up-to-date symlink: /home/ubuntu/Documents/RoS/robo_ws/install/urdf_example/share/urdf_example/package.xml
[0.280s] Invoked command in '/home/ubuntu/Documents/RoS/robo_ws/build/urdf_example' returned '0': CMAKE_PREFIX_PATH=${CMAKE_PREFIX_PATH}:/opt/ros/iron /usr/bin/cmake --install /home/ubuntu/Documents/RoS/robo_ws/build/urdf_example
