[0.047s] Invoking command in '/home/ubuntu/Documents/RoS/robo_ws/build/basic_navigation': CMAKE_PREFIX_PATH=${CMAKE_PREFIX_PATH}:/opt/ros/iron /usr/bin/cmake --build /home/ubuntu/Documents/RoS/robo_ws/build/basic_navigation -- -j8 -l8
[0.079s] Invoked command in '/home/ubuntu/Documents/RoS/robo_ws/build/basic_navigation' returned '0': CMAKE_PREFIX_PATH=${CMAKE_PREFIX_PATH}:/opt/ros/iron /usr/bin/cmake --build /home/ubuntu/Documents/RoS/robo_ws/build/basic_navigation -- -j8 -l8
[0.101s] Invoking command in '/home/ubuntu/Documents/RoS/robo_ws/build/basic_navigation': CMAKE_PREFIX_PATH=${CMAKE_PREFIX_PATH}:/opt/ros/iron /usr/bin/cmake --install /home/ubuntu/Documents/RoS/robo_ws/build/basic_navigation
[0.107s] -- Install configuration: ""
[0.108s] -- Execute custom install script
[0.108s] -- Up-to-date symlink: /home/ubuntu/Documents/RoS/robo_ws/install/basic_navigation/share/ament_index/resource_index/package_run_dependencies/basic_navigation
[0.108s] -- Up-to-date symlink: /home/ubuntu/Documents/RoS/robo_ws/install/basic_navigation/share/ament_index/resource_index/parent_prefix_path/basic_navigation
[0.108s] -- Up-to-date symlink: /home/ubuntu/Documents/RoS/robo_ws/install/basic_navigation/share/basic_navigation/environment/ament_prefix_path.sh
[0.108s] -- Up-to-date symlink: /home/ubuntu/Documents/RoS/robo_ws/install/basic_navigation/share/basic_navigation/environment/ament_prefix_path.dsv
[0.108s] -- Up-to-date symlink: /home/ubuntu/Documents/RoS/robo_ws/install/basic_navigation/share/basic_navigation/environment/path.sh
[0.108s] -- Up-to-date symlink: /home/ubuntu/Documents/RoS/robo_ws/install/basic_navigation/share/basic_navigation/environment/path.dsv
[0.109s] -- Up-to-date symlink: /home/ubuntu/Documents/RoS/robo_ws/install/basic_navigation/share/basic_navigation/local_setup.bash
[0.109s] -- Up-to-date symlink: /home/ubuntu/Documents/RoS/robo_ws/install/basic_navigation/share/basic_navigation/local_setup.sh
[0.109s] -- Up-to-date symlink: /home/ubuntu/Documents/RoS/robo_ws/install/basic_navigation/share/basic_navigation/local_setup.zsh
[0.109s] -- Up-to-date symlink: /home/ubuntu/Documents/RoS/robo_ws/install/basic_navigation/share/basic_navigation/local_setup.dsv
[0.109s] -- Symlinking: /home/ubuntu/Documents/RoS/robo_ws/install/basic_navigation/share/basic_navigation/package.dsv
[0.116s] -- Up-to-date symlink: /home/ubuntu/Documents/RoS/robo_ws/install/basic_navigation/share/ament_index/resource_index/packages/basic_navigation
[0.116s] -- Up-to-date symlink: /home/ubuntu/Documents/RoS/robo_ws/install/basic_navigation/share/basic_navigation/cmake/basic_navigationConfig.cmake
[0.116s] -- Up-to-date symlink: /home/ubuntu/Documents/RoS/robo_ws/install/basic_navigation/share/basic_navigation/cmake/basic_navigationConfig-version.cmake
[0.116s] -- Up-to-date symlink: /home/ubuntu/Documents/RoS/robo_ws/install/basic_navigation/share/basic_navigation/package.xml
[0.118s] Invoked command in '/home/ubuntu/Documents/RoS/robo_ws/build/basic_navigation' returned '0': CMAKE_PREFIX_PATH=${CMAKE_PREFIX_PATH}:/opt/ros/iron /usr/bin/cmake --install /home/ubuntu/Documents/RoS/robo_ws/build/basic_navigation
